**** debug	Tue May 22 14:48:24 IST 2012	1337678304609	/atg/epub/DeploymentServer	1300002:Production:atg.deployment.adapter.DistributedDeploymentAdapter.runFirstApplyPhase(DistributedDeploymentAdapter.java:1300) Run first apply phase: true
**** debug	Tue May 22 14:49:03 IST 2012	1337678343250	/atg/epub/DeploymentServer	1300002:Production:atg.deployment.adapter.DistributedDeploymentAdapter.createStandardDeploymentData(DistributedDeploymentAdapter.java:1409) Creating standard DeploymentData
**** debug	Tue May 22 14:49:17 IST 2012	1337678357218	/atg/epub/DeploymentServer	1300002:Production:atg.deployment.adapter.DistributedDeploymentAdapter.deployData(DistributedDeploymentAdapter.java:2082) Deploy Data
**** debug	Tue May 22 14:49:17 IST 2012	1337678357390	/atg/epub/DeploymentServer	1300002:Production:atg.deployment.adapter.DistributedDeploymentAdapter.switchDataSources(DistributedDeploymentAdapter.java:1014) Target not configured for switch. Skipping switchable datasource verification.
**** debug	Tue May 22 14:49:17 IST 2012	1337678357406	/atg/epub/DeploymentServer	1300002:Production:atg.deployment.adapter.DistributedDeploymentAdapter.startDafDeployment(DistributedDeploymentAdapter.java:2896) Starting DAF deployment with ID: 1300002
**** debug	Tue May 22 14:49:18 IST 2012	1337678358218	/atg/epub/DeploymentServer	1300002:Production:atg.deployment.adapter.DistributedDeploymentAdapter.pollTillDataApplied(DistributedDeploymentAdapter.java:2710) Polling Until Data Appplied
**** debug	Tue May 22 15:28:13 IST 2012	1337680693828	/atg/epub/DeploymentServer	1300002:Production:atg.deployment.adapter.DistributedDeploymentAdapter.deleteAllComplete(DistributedDeploymentAdapter.java:3248) DeploymentListener.deleteAllComplete called for deployment with ID: 1300002
**** debug	Tue May 22 15:28:13 IST 2012	1337680693828	/atg/epub/DeploymentServer	1300002:Production:atg.deployment.adapter.DistributedDeploymentAdapter.deleteAllComplete(DistributedDeploymentAdapter.java:3255) DAFDeploymentID: 1300002 matches DeploymmentID: 1300002
**** debug	Tue May 22 15:28:13 IST 2012	1337680693843	/atg/epub/DeploymentServer	1300002:Production:atg.deployment.adapter.DistributedDeploymentAdapter$ApplyCommittedSynchronization.afterCompletion(DistributedDeploymentAdapter.java:3285) ApplyCommittedSynchronization.afterCompletion
**** debug	Tue May 22 18:35:57 IST 2012	1337691957968	/atg/epub/DeploymentServer	1300002:Production:atg.deployment.adapter.DistributedDeploymentAdapter.displayDeploymentFailures(DistributedDeploymentAdapter.java:2652) found 1 failure messages
**** debug	Tue May 22 18:35:58 IST 2012	1337691958359	/atg/epub/DeploymentServer	1300002:Production:atg.deployment.adapter.DistributedDeploymentAdapter.displayDeploymentFailures(DistributedDeploymentAdapter.java:2683) adding failure message Deployment Failed with severity Error
**** debug	Tue May 22 18:35:59 IST 2012	1337691959968	/atg/epub/DeploymentServer	1300002:Production:atg.deployment.adapter.DistributedDeploymentAdapter.deploymentFailed(DistributedDeploymentAdapter.java:3186) DeploymentListener.deploymentFailed called for deployment with ID: 1300002
**** debug	Tue May 22 18:35:59 IST 2012	1337691959968	/atg/epub/DeploymentServer	1300002:Production:atg.deployment.adapter.DistributedDeploymentAdapter.deploymentFailed(DistributedDeploymentAdapter.java:3194) DAFDeploymentID: 1300002 matches DeploymmentID: 1300002
**** debug	Tue May 22 18:35:59 IST 2012	1337691959968	/atg/epub/DeploymentServer	1300002:Production:atg.deployment.adapter.DistributedDeploymentAdapter.deploymentFailed(DistributedDeploymentAdapter.java:3198) DeploymentListener.deploymentFailed
**** debug	Tue May 22 18:35:59 IST 2012	1337691959984	/atg/epub/DeploymentServer	1300002:Production:atg.deployment.adapter.DistributedDeploymentAdapter.displayDeploymentFailures(DistributedDeploymentAdapter.java:2652) found 1 failure messages
**** debug	Tue May 22 18:36:00 IST 2012	1337691960234	/atg/epub/DeploymentServer	1300002:Production:atg.deployment.adapter.DistributedDeploymentAdapter.displayDeploymentFailures(DistributedDeploymentAdapter.java:2683) adding failure message Deployment Failed with severity Error
**** debug	Tue May 22 18:36:00 IST 2012	1337691960437	/atg/epub/DeploymentServer	1300002:Production:atg.deployment.adapter.DistributedDeploymentAdapter.deployData(DistributedDeploymentAdapter.java:2197)     deployment failed
**** debug	Tue May 22 18:40:55 IST 2012	1337692255953	/atg/epub/DeploymentServer	1300002:Production:atg.deployment.adapter.DistributedDeploymentAdapter.isPreviouslyDeployed(DistributedDeploymentAdapter.java:646) DAF Deployment with ID: 1300002 previously deployed.
**** debug	Tue May 22 18:40:56 IST 2012	1337692256046	/atg/epub/DeploymentServer	1300002:Production:atg.deployment.adapter.DistributedDeploymentAdapter.runFirstApplyPhase(DistributedDeploymentAdapter.java:1300) Run first apply phase: true
**** debug	Tue May 22 18:40:56 IST 2012	1337692256046	/atg/epub/DeploymentServer	1300002:Production:atg.deployment.adapter.DistributedDeploymentAdapter.deployData(DistributedDeploymentAdapter.java:2082) Deploy Data
**** debug	Tue May 22 18:40:56 IST 2012	1337692256500	/atg/epub/DeploymentServer	1300002:Production:atg.deployment.adapter.DistributedDeploymentAdapter.switchDataSources(DistributedDeploymentAdapter.java:1014) Target not configured for switch. Skipping switchable datasource verification.
**** debug	Tue May 22 18:40:56 IST 2012	1337692256531	/atg/epub/DeploymentServer	1300002:Production:atg.deployment.adapter.DistributedDeploymentAdapter.resumeDafDeployment(DistributedDeploymentAdapter.java:2875) Resuming DAF deployment with ID: 1300002
**** debug	Tue May 22 18:40:56 IST 2012	1337692256625	/atg/epub/DeploymentServer	1300002:Production:atg.deployment.adapter.DistributedDeploymentAdapter.pollTillDataApplied(DistributedDeploymentAdapter.java:2710) Polling Until Data Appplied
**** debug	Tue May 22 18:40:57 IST 2012	1337692257265	/atg/epub/DeploymentServer	1300002:Production:atg.deployment.adapter.DistributedDeploymentAdapter.displayDeploymentFailures(DistributedDeploymentAdapter.java:2652) found 1 failure messages
**** debug	Tue May 22 18:40:57 IST 2012	1337692257875	/atg/epub/DeploymentServer	1300002:Production:atg.deployment.adapter.DistributedDeploymentAdapter.displayDeploymentFailures(DistributedDeploymentAdapter.java:2683) adding failure message Deployment Failed with severity Error
**** debug	Wed May 23 11:32:51 IST 2012	1337752971687	/atg/epub/DeploymentServer	DAF Deployment with ID: 1300002 previously deployed.
**** debug	Wed May 23 11:32:51 IST 2012	1337752971687	/atg/epub/DeploymentServer	Run first apply phase: true
**** debug	Wed May 23 11:32:51 IST 2012	1337752971687	/atg/epub/DeploymentServer	Deploy Data
**** debug	Wed May 23 11:32:51 IST 2012	1337752971796	/atg/epub/DeploymentServer	Target not configured for switch. Skipping switchable datasource verification.
**** debug	Wed May 23 11:32:51 IST 2012	1337752971843	/atg/epub/DeploymentServer	Resuming DAF deployment with ID: 1300002
**** debug	Wed May 23 11:33:17 IST 2012	1337752997718	/atg/epub/DeploymentServer	DAF Deployment with ID: 1300002 previously deployed.
**** debug	Wed May 23 11:33:17 IST 2012	1337752997718	/atg/epub/DeploymentServer	Run first apply phase: true
**** debug	Wed May 23 11:33:17 IST 2012	1337752997718	/atg/epub/DeploymentServer	Deploy Data
**** debug	Wed May 23 11:33:17 IST 2012	1337752997781	/atg/epub/DeploymentServer	Target not configured for switch. Skipping switchable datasource verification.
**** debug	Wed May 23 11:33:17 IST 2012	1337752997812	/atg/epub/DeploymentServer	Resuming DAF deployment with ID: 1300002
**** debug	Wed May 23 11:34:44 IST 2012	1337753084234	/atg/epub/DeploymentServer	1400002:Production:atg.deployment.adapter.DistributedDeploymentAdapter.runFirstApplyPhase(DistributedDeploymentAdapter.java:1300) Run first apply phase: true
**** debug	Wed May 23 11:34:44 IST 2012	1337753084250	/atg/epub/DeploymentServer	1400002:Production:atg.deployment.adapter.DistributedDeploymentAdapter.createStandardDeploymentData(DistributedDeploymentAdapter.java:1409) Creating standard DeploymentData
**** debug	Wed May 23 11:34:48 IST 2012	1337753088187	/atg/epub/DeploymentServer	1400002:Production:atg.deployment.adapter.DistributedDeploymentAdapter.deployData(DistributedDeploymentAdapter.java:2082) Deploy Data
**** debug	Wed May 23 11:34:48 IST 2012	1337753088218	/atg/epub/DeploymentServer	1400002:Production:atg.deployment.adapter.DistributedDeploymentAdapter.switchDataSources(DistributedDeploymentAdapter.java:1014) Target not configured for switch. Skipping switchable datasource verification.
**** debug	Wed May 23 11:34:48 IST 2012	1337753088234	/atg/epub/DeploymentServer	1400002:Production:atg.deployment.adapter.DistributedDeploymentAdapter.startDafDeployment(DistributedDeploymentAdapter.java:2896) Starting DAF deployment with ID: 1400002
**** debug	Wed May 23 11:34:48 IST 2012	1337753088343	/atg/epub/DeploymentServer	1400002:Production:atg.deployment.adapter.DistributedDeploymentAdapter.pollTillDataApplied(DistributedDeploymentAdapter.java:2710) Polling Until Data Appplied
**** debug	Wed May 23 11:50:51 IST 2012	1337754051609	/atg/epub/DeploymentServer	1400002:Production:atg.deployment.adapter.DistributedDeploymentAdapter.deleteAllComplete(DistributedDeploymentAdapter.java:3248) DeploymentListener.deleteAllComplete called for deployment with ID: 1400002
**** debug	Wed May 23 11:50:51 IST 2012	1337754051609	/atg/epub/DeploymentServer	1400002:Production:atg.deployment.adapter.DistributedDeploymentAdapter.deleteAllComplete(DistributedDeploymentAdapter.java:3255) DAFDeploymentID: 1400002 matches DeploymmentID: 1400002
**** debug	Wed May 23 11:50:51 IST 2012	1337754051625	/atg/epub/DeploymentServer	1400002:Production:atg.deployment.adapter.DistributedDeploymentAdapter$ApplyCommittedSynchronization.afterCompletion(DistributedDeploymentAdapter.java:3285) ApplyCommittedSynchronization.afterCompletion
**** debug	Wed May 23 13:02:25 IST 2012	1337758345593	/atg/epub/DeploymentServer	1400002:Production:atg.deployment.adapter.DistributedDeploymentAdapter.deploymentCompleted(DistributedDeploymentAdapter.java:3153) DeploymentListener.deploymentCompleted called for deployment with ID: 1400002
**** debug	Wed May 23 13:02:25 IST 2012	1337758345593	/atg/epub/DeploymentServer	1400002:Production:atg.deployment.adapter.DistributedDeploymentAdapter.deploymentCompleted(DistributedDeploymentAdapter.java:3162) DAFDeploymentID: 1400002 matches DeploymmentID: 1400002
**** debug	Wed May 23 13:02:25 IST 2012	1337758345593	/atg/epub/DeploymentServer	1400002:Production:atg.deployment.adapter.DistributedDeploymentAdapter.deploymentCompleted(DistributedDeploymentAdapter.java:3169) DeploymentListener.deploymentCompleted
**** debug	Wed May 23 13:04:16 IST 2012	1337758456203	/atg/epub/DeploymentServer	1400002:Production:atg.deployment.adapter.DistributedDeploymentAdapter.runSecondApplyPhase(DistributedDeploymentAdapter.java:1345) Run second apply phase: false
**** debug	Sat Jun 16 21:26:03 IST 2012	1339862163187	/atg/dynamo/server/SQLRepositoryEventServer_production	---	atg.repository.RemovedItemException: Attempt to use an item which has been removed: das_gsa_subscriber:1400016
**** debug	Sat Jun 16 21:26:03 IST 2012	1339862163187	/atg/dynamo/server/SQLRepositoryEventServer_production		at atg.adapter.gsa.ItemTransactionState.<init>(ItemTransactionState.java:363)
**** debug	Sat Jun 16 21:26:03 IST 2012	1339862163187	/atg/dynamo/server/SQLRepositoryEventServer_production		at atg.adapter.gsa.GSAItem.getItemTransactionState(GSAItem.java:2125)
**** debug	Sat Jun 16 21:26:03 IST 2012	1339862163187	/atg/dynamo/server/SQLRepositoryEventServer_production		at atg.adapter.gsa.GSAItem.getItemTransactionState(GSAItem.java:2068)
**** debug	Sat Jun 16 21:26:03 IST 2012	1339862163187	/atg/dynamo/server/SQLRepositoryEventServer_production		at atg.adapter.gsa.GSAItem.getItemTransactionStateUnchecked(GSAItem.java:2260)
**** debug	Sat Jun 16 21:26:03 IST 2012	1339862163187	/atg/dynamo/server/SQLRepositoryEventServer_production		at atg.adapter.gsa.GSAItem.getPropertyValue(GSAItem.java:1262)
**** debug	Sat Jun 16 21:26:03 IST 2012	1339862163187	/atg/dynamo/server/SQLRepositoryEventServer_production		at atg.repository.RepositoryItemImpl.getPropertyValue(RepositoryItemImpl.java:129)
**** debug	Sat Jun 16 21:26:03 IST 2012	1339862163187	/atg/dynamo/server/SQLRepositoryEventServer_production		at atg.adapter.gsa.GSAItemDescriptor.unsubscribe(GSAItemDescriptor.java:2364)
**** debug	Sat Jun 16 21:26:03 IST 2012	1339862163187	/atg/dynamo/server/SQLRepositoryEventServer_production		at atg.adapter.gsa.GSAItemDescriptor.subscribe(GSAItemDescriptor.java:2314)
**** debug	Sat Jun 16 21:26:03 IST 2012	1339862163187	/atg/dynamo/server/SQLRepositoryEventServer_production		at atg.adapter.gsa.GSAItemDescriptor.resubscribe(GSAItemDescriptor.java:7626)
**** debug	Sat Jun 16 21:26:03 IST 2012	1339862163187	/atg/dynamo/server/SQLRepositoryEventServer_production		at atg.adapter.gsa.GSAItemDescriptor.sendGSAEvent(GSAItemDescriptor.java:7500)
**** debug	Sat Jun 16 21:26:03 IST 2012	1339862163187	/atg/dynamo/server/SQLRepositoryEventServer_production		at atg.adapter.gsa.event.GSAEventServer$EventQueueHandler$GSAEventEntryHandler.run(GSAEventServer.java:130)
**** debug	Sat Jun 16 21:26:03 IST 2012	1339862163187	/atg/dynamo/server/SQLRepositoryEventServer_production		at java.util.concurrent.ThreadPoolExecutor$Worker.runTask(ThreadPoolExecutor.java:886)
**** debug	Sat Jun 16 21:26:03 IST 2012	1339862163187	/atg/dynamo/server/SQLRepositoryEventServer_production		at java.util.concurrent.ThreadPoolExecutor$Worker.run(ThreadPoolExecutor.java:908)
**** debug	Sat Jun 16 21:26:03 IST 2012	1339862163187	/atg/dynamo/server/SQLRepositoryEventServer_production		at java.lang.Thread.run(Thread.java:619)
**** debug	Sat Jun 16 21:26:03 IST 2012	1339862163187	/atg/dynamo/server/SQLRepositoryEventServer_production	
**** debug	Sat Jun 16 21:26:03 IST 2012	1339862163328	/atg/dynamo/server/SQLRepositoryEventServer_production	---	atg.repository.RemovedItemException: Attempt to use an item which has been removed: das_gsa_subscriber:1400017
**** debug	Sat Jun 16 21:26:03 IST 2012	1339862163328	/atg/dynamo/server/SQLRepositoryEventServer_production		at atg.adapter.gsa.ItemTransactionState.<init>(ItemTransactionState.java:363)
**** debug	Sat Jun 16 21:26:03 IST 2012	1339862163328	/atg/dynamo/server/SQLRepositoryEventServer_production		at atg.adapter.gsa.GSAItem.getItemTransactionState(GSAItem.java:2125)
**** debug	Sat Jun 16 21:26:03 IST 2012	1339862163328	/atg/dynamo/server/SQLRepositoryEventServer_production		at atg.adapter.gsa.GSAItem.getItemTransactionState(GSAItem.java:2068)
**** debug	Sat Jun 16 21:26:03 IST 2012	1339862163328	/atg/dynamo/server/SQLRepositoryEventServer_production		at atg.adapter.gsa.GSAItem.getItemTransactionStateUnchecked(GSAItem.java:2260)
**** debug	Sat Jun 16 21:26:03 IST 2012	1339862163328	/atg/dynamo/server/SQLRepositoryEventServer_production		at atg.adapter.gsa.GSAItem.getPropertyValue(GSAItem.java:1262)
**** debug	Sat Jun 16 21:26:03 IST 2012	1339862163328	/atg/dynamo/server/SQLRepositoryEventServer_production		at atg.repository.RepositoryItemImpl.getPropertyValue(RepositoryItemImpl.java:129)
**** debug	Sat Jun 16 21:26:03 IST 2012	1339862163328	/atg/dynamo/server/SQLRepositoryEventServer_production		at atg.adapter.gsa.GSAItemDescriptor.unsubscribe(GSAItemDescriptor.java:2364)
**** debug	Sat Jun 16 21:26:03 IST 2012	1339862163328	/atg/dynamo/server/SQLRepositoryEventServer_production		at atg.adapter.gsa.GSAItemDescriptor.subscribe(GSAItemDescriptor.java:2314)
**** debug	Sat Jun 16 21:26:03 IST 2012	1339862163328	/atg/dynamo/server/SQLRepositoryEventServer_production		at atg.adapter.gsa.GSAItemDescriptor.resubscribe(GSAItemDescriptor.java:7626)
**** debug	Sat Jun 16 21:26:03 IST 2012	1339862163328	/atg/dynamo/server/SQLRepositoryEventServer_production		at atg.adapter.gsa.GSAItemDescriptor.sendGSAEvent(GSAItemDescriptor.java:7500)
**** debug	Sat Jun 16 21:26:03 IST 2012	1339862163328	/atg/dynamo/server/SQLRepositoryEventServer_production		at atg.adapter.gsa.event.GSAEventServer$EventQueueHandler$GSAEventEntryHandler.run(GSAEventServer.java:130)
**** debug	Sat Jun 16 21:26:03 IST 2012	1339862163328	/atg/dynamo/server/SQLRepositoryEventServer_production		at java.util.concurrent.ThreadPoolExecutor$Worker.runTask(ThreadPoolExecutor.java:886)
**** debug	Sat Jun 16 21:26:03 IST 2012	1339862163328	/atg/dynamo/server/SQLRepositoryEventServer_production		at java.util.concurrent.ThreadPoolExecutor$Worker.run(ThreadPoolExecutor.java:908)
**** debug	Sat Jun 16 21:26:03 IST 2012	1339862163328	/atg/dynamo/server/SQLRepositoryEventServer_production		at java.lang.Thread.run(Thread.java:619)
**** debug	Sat Jun 16 21:26:03 IST 2012	1339862163328	/atg/dynamo/server/SQLRepositoryEventServer_production	
