**** info	Mon May 14 18:21:22 IST 2012	1336999882500	/atg/epub/version/VersionManagerRepository	SQL Repository startup complete
**** info	Mon May 14 18:21:22 IST 2012	1336999882734	/atg/dynamo/server/SQLRepositoryEventServer	Service /atg/dynamo/server/SQLRepositoryEventServer listening at http://vamsoft-srini:3803/
**** info	Mon May 14 18:21:23 IST 2012	1336999883203	/atg/commerce/catalog/ProductCatalog-ver	SQL Repository startup complete
**** info	Mon May 14 18:21:23 IST 2012	1336999883421	/atg/commerce/pricing/priceLists/PriceLists-ver	SQL Repository startup complete
**** info	Mon May 14 18:21:23 IST 2012	1336999883437	/atg/commerce/pricing/priceLists/PriceLists	SQL Repository startup complete
**** info	Mon May 14 18:21:23 IST 2012	1336999883515	/atg/multisite/SiteRepository	SQL Repository startup complete
**** info	Mon May 14 18:21:25 IST 2012	1336999885328	/atg/commerce/catalog/ProductCatalog	SQL Repository startup complete
**** info	Mon May 14 18:21:26 IST 2012	1336999886093	/atg/portal/framework/PortalRepository	SQL Repository startup complete
**** info	Mon May 14 18:21:26 IST 2012	1336999886125	/atg/userprofiling/InternalProfileRepository	SQL Repository startup complete
**** info	Mon May 14 18:21:26 IST 2012	1336999886281	/atg/dynamo/security/AdminSqlRepository	SQL Repository startup complete
**** info	Mon May 14 18:21:26 IST 2012	1336999886281	/atg/dynamo/security/AdminAccountInitializer	Initializing account database /atg/dynamo/security/AdminAccountManager from /atg/dynamo/security/SimpleXmlUserAuthority
**** info	Mon May 14 18:21:30 IST 2012	1336999890015	/atg/commerce/pricing/Promotions	Resolving reference to /atg/commerce/catalog/ProductCatalog
**** info	Mon May 14 18:21:30 IST 2012	1336999890046	/atg/commerce/claimable/Claimable-ver	SQL Repository startup complete
**** info	Mon May 14 18:21:30 IST 2012	1336999890062	/atg/commerce/claimable/ClaimableRepository	SQL Repository startup complete
**** info	Mon May 14 18:21:30 IST 2012	1336999890171	/atg/epub/process/ProcessData-ver	SQL Repository startup complete
**** info	Mon May 14 18:21:30 IST 2012	1336999890187	/atg/epub/process/ProcessDataRepository	SQL Repository startup complete
**** info	Mon May 14 18:21:30 IST 2012	1336999890453	/atg/epub/file/PublishingFiles-ver	SQL Repository startup complete
**** info	Mon May 14 18:21:30 IST 2012	1336999890625	/atg/epub/file/PublishingFileRepository	SQL Repository startup complete
**** info	Mon May 14 18:21:31 IST 2012	1336999891750	/atg/web/viewmapping/ViewMappingRepository	SQL Repository startup complete
**** info	Mon May 14 18:21:34 IST 2012	1336999894906	/atg/dynamo/service/Scheduler	Scheduler shutting down.
**** info	Mon May 14 18:21:34 IST 2012	1336999894906	/atg/dynamo/service/Scheduler	Scheduler stopped.
