**** debug	Tue May 15 11:14:32 IST 2012	1337060672843	/atg/epub/DeploymentServer	1800002:Production:atg.deployment.adapter.DistributedDeploymentAdapter.runFirstApplyPhase(DistributedDeploymentAdapter.java:1300) Run first apply phase: true
**** debug	Tue May 15 11:14:32 IST 2012	1337060672875	/atg/epub/DeploymentServer	1800002:Production:atg.deployment.adapter.DistributedDeploymentAdapter.createStandardDeploymentData(DistributedDeploymentAdapter.java:1409) Creating standard DeploymentData
**** debug	Tue May 15 11:14:33 IST 2012	1337060673000	/atg/epub/DeploymentServer	1800002:Production:atg.deployment.adapter.DistributedDeploymentAdapter.createStandardDeploymentData(DistributedDeploymentAdapter.java:1432) Forward deploying following active workspaces: [workspace:13700]
**** debug	Tue May 15 11:15:01 IST 2012	1337060701937	/atg/epub/DeploymentServer	1800002:Production:atg.deployment.adapter.DistributedDeploymentAdapter.deployData(DistributedDeploymentAdapter.java:2082) Deploy Data
**** debug	Tue May 15 11:15:02 IST 2012	1337060702000	/atg/epub/DeploymentServer	1800002:Production:atg.deployment.adapter.DistributedDeploymentAdapter.switchDataSources(DistributedDeploymentAdapter.java:1014) Target not configured for switch. Skipping switchable datasource verification.
**** debug	Tue May 15 11:15:02 IST 2012	1337060702000	/atg/epub/DeploymentServer	1800002:Production:atg.deployment.adapter.DistributedDeploymentAdapter.startDafDeployment(DistributedDeploymentAdapter.java:2896) Starting DAF deployment with ID: 1800002
**** debug	Tue May 15 11:15:02 IST 2012	1337060702562	/atg/epub/DeploymentServer	1800002:Production:atg.deployment.adapter.DistributedDeploymentAdapter.pollTillDataApplied(DistributedDeploymentAdapter.java:2710) Polling Until Data Appplied
**** debug	Tue May 15 11:16:20 IST 2012	1337060780015	/atg/epub/DeploymentServer	1800002:Production:atg.deployment.adapter.DistributedDeploymentAdapter.deploymentCompleted(DistributedDeploymentAdapter.java:3153) DeploymentListener.deploymentCompleted called for deployment with ID: 1800002
**** debug	Tue May 15 11:16:20 IST 2012	1337060780015	/atg/epub/DeploymentServer	1800002:Production:atg.deployment.adapter.DistributedDeploymentAdapter.deploymentCompleted(DistributedDeploymentAdapter.java:3162) DAFDeploymentID: 1800002 matches DeploymmentID: 1800002
**** debug	Tue May 15 11:16:20 IST 2012	1337060780015	/atg/epub/DeploymentServer	1800002:Production:atg.deployment.adapter.DistributedDeploymentAdapter.deploymentCompleted(DistributedDeploymentAdapter.java:3169) DeploymentListener.deploymentCompleted
**** debug	Tue May 15 11:16:36 IST 2012	1337060796078	/atg/epub/DeploymentServer	1800002:Production:atg.deployment.adapter.DistributedDeploymentAdapter.runSecondApplyPhase(DistributedDeploymentAdapter.java:1345) Run second apply phase: false
**** debug	Tue May 15 22:05:46 IST 2012	1337099746953	/atg/epub/DeploymentServer	3300002:Production:atg.deployment.adapter.DistributedDeploymentAdapter.runFirstApplyPhase(DistributedDeploymentAdapter.java:1300) Run first apply phase: true
**** debug	Tue May 15 22:05:46 IST 2012	1337099746968	/atg/epub/DeploymentServer	3300002:Production:atg.deployment.adapter.DistributedDeploymentAdapter.createStandardDeploymentData(DistributedDeploymentAdapter.java:1409) Creating standard DeploymentData
**** debug	Tue May 15 22:05:47 IST 2012	1337099747140	/atg/epub/DeploymentServer	3300002:Production:atg.deployment.adapter.DistributedDeploymentAdapter.createStandardDeploymentData(DistributedDeploymentAdapter.java:1432) Forward deploying following active workspaces: [workspace:14603]
**** debug	Tue May 15 22:05:57 IST 2012	1337099757593	/atg/epub/DeploymentServer	3300002:Production:atg.deployment.adapter.DistributedDeploymentAdapter.deployData(DistributedDeploymentAdapter.java:2082) Deploy Data
**** debug	Tue May 15 22:05:57 IST 2012	1337099757625	/atg/epub/DeploymentServer	3300002:Production:atg.deployment.adapter.DistributedDeploymentAdapter.switchDataSources(DistributedDeploymentAdapter.java:1014) Target not configured for switch. Skipping switchable datasource verification.
**** debug	Tue May 15 22:05:57 IST 2012	1337099757640	/atg/epub/DeploymentServer	3300002:Production:atg.deployment.adapter.DistributedDeploymentAdapter.startDafDeployment(DistributedDeploymentAdapter.java:2896) Starting DAF deployment with ID: 3300002
**** debug	Tue May 15 22:05:57 IST 2012	1337099757843	/atg/epub/DeploymentServer	3300002:Production:atg.deployment.adapter.DistributedDeploymentAdapter.pollTillDataApplied(DistributedDeploymentAdapter.java:2710) Polling Until Data Appplied
**** debug	Tue May 15 22:06:12 IST 2012	1337099772593	/atg/epub/DeploymentServer	3300002:Production:atg.deployment.adapter.DistributedDeploymentAdapter.deploymentCompleted(DistributedDeploymentAdapter.java:3153) DeploymentListener.deploymentCompleted called for deployment with ID: 3300002
**** debug	Tue May 15 22:06:12 IST 2012	1337099772609	/atg/epub/DeploymentServer	3300002:Production:atg.deployment.adapter.DistributedDeploymentAdapter.deploymentCompleted(DistributedDeploymentAdapter.java:3162) DAFDeploymentID: 3300002 matches DeploymmentID: 3300002
**** debug	Tue May 15 22:06:12 IST 2012	1337099772609	/atg/epub/DeploymentServer	3300002:Production:atg.deployment.adapter.DistributedDeploymentAdapter.deploymentCompleted(DistributedDeploymentAdapter.java:3169) DeploymentListener.deploymentCompleted
**** debug	Tue May 15 22:06:22 IST 2012	1337099782234	/atg/epub/DeploymentServer	3300002:Production:atg.deployment.adapter.DistributedDeploymentAdapter.runSecondApplyPhase(DistributedDeploymentAdapter.java:1345) Run second apply phase: false
