**** info	пн груд 01 14:51:39 EET 2014	1417438299660	/atg/dynamo/service/logging/ScreenLog	Using external info logging for Nucleus debug and trace messages to prevent hidden Nucleus logging. Set the Nucleus /atg/dynamo/service/logging/ScreenLog.useInfoForDebug property to false to use external logging debug and trace instead.
**** info	пн груд 01 14:51:46 EET 2014	1417438306317	/atg/commerce/pricing/priceLists/PriceLists	atg.adapter.gsa.GSAResources->INFO_STARTUP_END : SQL Repository startup complete
**** info	пн груд 01 14:51:46 EET 2014	1417438306757	/atg/multisite/SiteRepository	atg.adapter.gsa.GSAResources->INFO_STARTUP_END : SQL Repository startup complete
**** info	пн груд 01 14:51:46 EET 2014	1417438306806	/atg/commerce/catalog/ProductCatalog	atg.adapter.gsa.GSAResources->INFO_STARTUP_END : SQL Repository startup complete
**** info	пн груд 01 14:51:47 EET 2014	1417438307004	/atg/commerce/pricing/Promotions	atg.nucleus.NucleusResources->resolveReference : Resolving reference to /atg/commerce/catalog/ProductCatalog
**** info	пн груд 01 14:51:47 EET 2014	1417438307056	/atg/commerce/gifts/Giftlists	atg.adapter.gsa.GSAResources->INFO_STARTUP_END : SQL Repository startup complete
**** info	пн груд 01 14:51:47 EET 2014	1417438307155	/atg/userprofiling/ProfileAdapterRepository	atg.adapter.gsa.GSAResources->INFO_STARTUP_END : SQL Repository startup complete
**** info	пн груд 01 14:51:47 EET 2014	1417438307826	/atg/dynamo/security/AdminSqlRepository	atg.adapter.gsa.GSAResources->INFO_STARTUP_END : SQL Repository startup complete
**** info	пн груд 01 14:51:47 EET 2014	1417438307827	/atg/dynamo/security/AdminAccountInitializer	Initializing account database /atg/dynamo/security/AdminAccountManager from /atg/dynamo/security/SimpleXmlUserAuthority
**** info	пн груд 01 14:51:53 EET 2014	1417438313946	/atg/commerce/PipelineManager	atg.service.pipeline.PipelineManagerResources->StartingPipelineManager : Starting PipelineManager.
**** info	пн груд 01 14:52:00 EET 2014	1417438320724	/atg/commerce/claimable/ClaimableRepository	atg.adapter.gsa.GSAResources->INFO_STARTUP_END : SQL Repository startup complete
**** info	пн груд 01 14:52:02 EET 2014	1417438322070	/atg/commerce/payment/PaymentPipelineManager	atg.service.pipeline.PipelineManagerResources->StartingPipelineManager : Starting PipelineManager.
**** info	пн груд 01 14:52:04 EET 2014	1417438324160	/atg/commerce/pricing/ItemPricingEngine	atg.commerce.pricing.Resources->pricingEngineStarting : Pricing Engine starting up
**** info	пн груд 01 14:52:04 EET 2014	1417438324743	/atg/commerce/order/OrderRepository	atg.adapter.gsa.GSAResources->INFO_STARTUP_END : SQL Repository startup complete
**** info	пн груд 01 14:52:05 EET 2014	1417438325551	/atg/commerce/pricing/OrderPricingEngine	atg.commerce.pricing.Resources->pricingEngineStarting : Pricing Engine starting up
**** info	пн груд 01 14:52:05 EET 2014	1417438325812	/atg/commerce/pricing/TaxPricingEngine	atg.commerce.pricing.Resources->pricingEngineStarting : Pricing Engine starting up
**** info	пн груд 01 14:52:05 EET 2014	1417438325861	/atg/commerce/pricing/ShippingPricingEngine	atg.commerce.pricing.Resources->pricingEngineStarting : Pricing Engine starting up
**** info	пн груд 01 14:52:06 EET 2014	1417438326469	/atg/commerce/inventory/InventoryRepository	atg.adapter.gsa.GSAResources->INFO_STARTUP_END : SQL Repository startup complete
**** info	пн груд 01 14:52:06 EET 2014	1417438326823	/atg/commerce/fulfillment/FulfillmentPipelineManager	atg.service.pipeline.PipelineManagerResources->StartingPipelineManager : Starting PipelineManager.
**** info	пн груд 01 14:52:09 EET 2014	1417438329783	/atg/content/media/MediaRepository	atg.adapter.gsa.GSAResources->INFO_STARTUP_END : SQL Repository startup complete
**** info	пн груд 01 14:52:09 EET 2014	1417438329802	/atg/userprofiling/PersonalizationRepository	atg.adapter.gsa.GSAResources->INFO_STARTUP_END : SQL Repository startup complete
**** info	пн груд 01 14:52:10 EET 2014	1417438330165	/atg/store/stores/StoreRepository	atg.adapter.gsa.GSAResources->INFO_STARTUP_END : SQL Repository startup complete
**** info	пн груд 01 14:52:12 EET 2014	1417438332353	/atg/sitemap/SitemapRepository	atg.adapter.gsa.GSAResources->INFO_STARTUP_END : SQL Repository startup complete
**** info	пн груд 01 14:52:12 EET 2014	1417438332582	/atg/dynamo/server/RmiServer	atg.server.rmi.RmiResources->rmiServerStartupMessage : Service /atg/dynamo/server/RmiServer listening at rmi://EPUAKHAW0679:8160/
**** info	пн груд 01 14:52:12 EET 2014	1417438332823	/atg/dynamo/service/jdbc/SQLRepository	atg.adapter.gsa.GSAResources->INFO_STARTUP_END : SQL Repository startup complete
**** info	пн груд 01 14:52:13 EET 2014	1417438333962	/atg/scenario/XrefParserManager	atg.scenario.ScenarioResources->xrefParserManagerStartupComplete : XrefParserManager startup complete
**** info	пн груд 01 14:52:17 EET 2014	1417438337189	/atg/scenario/ScenarioManager	atg.process.ProcessResources->processManagerServiceInitializingEditorServer : Initializing Process Editor Server localhost:8150
**** info	пн груд 01 14:52:19 EET 2014	1417438339755	/atg/userprofiling/sso/PassportAuthorityService	Starting passport authority service
**** info	пн груд 01 14:52:20 EET 2014	1417438340000	/atg/scenario/CollectiveEmailSender	atg.nucleus.NucleusResources->resolveReference : Resolving reference to /atg/userprofiling/email/TemplateEmailSender
**** info	пн груд 01 14:52:20 EET 2014	1417438340347	/atg/reporting/DatasetRecorderManager	Validating all dataset mappers
**** info	пн груд 01 14:52:23 EET 2014	1417438343174	/atg/commerce/order/abandoned/AbandonedOrderLogRepository	atg.adapter.gsa.GSAResources->INFO_STARTUP_END : SQL Repository startup complete
**** info	пн груд 01 14:52:32 EET 2014	1417438352715	/atg/scenario/ScenarioManager	atg.process.ProcessResources->processManagerServiceRemoveProcessInfo : Removing global process /Campaigns/recorders/email-open.sdl
**** info	пн груд 01 14:52:32 EET 2014	1417438352768	/atg/scenario/ScenarioManager	atg.process.ProcessResources->processManagerServiceRemoveProcessInfo : Removing global process /Campaigns/communication/recorders/email-open.sdl
**** info	пн груд 01 14:52:32 EET 2014	1417438352893	/atg/scenario/ScenarioManager	atg.process.ProcessResources->processManagerServiceRemoveProcessInfo : Removing global process /Campaigns/recorders/email-click.sdl
**** info	пн груд 01 14:52:33 EET 2014	1417438353022	/atg/scenario/ScenarioManager	atg.process.ProcessResources->processManagerServiceRemoveProcessInfo : Removing global process /Campaigns/communication/recorders/outbound-email.sdl
**** info	пн груд 01 14:52:33 EET 2014	1417438353100	/atg/scenario/ScenarioManager	atg.process.ProcessResources->processManagerServiceRemoveProcessInfo : Removing global process /Campaigns/communication/recorders/inbound-email.sdl
**** info	пн груд 01 14:52:33 EET 2014	1417438353166	/atg/scenario/ScenarioManager	atg.process.ProcessResources->processManagerServiceRemoveProcessInfo : Removing global process /Campaigns/communication/recorders/email-click.sdl
**** info	пн груд 01 14:52:33 EET 2014	1417438353249	/atg/scenario/ScenarioManager	atg.process.ProcessResources->processManagerServiceRemoveProcessInfo : Removing global process /Campaigns/communication/recorders/opt-out.sdl
**** info	пн груд 01 14:52:34 EET 2014	1417438354183	/atg/dynamo/service/ServerLockManager	atg.service.lockmanager.LockResources->lockServerListeningAt : Service /atg/dynamo/service/ServerLockManager listening at http://EPUAKHAW0679:9012/
**** info	пн груд 01 14:52:36 EET 2014	1417438356824	/atg/registry/PipelineRegistry	atg.service.pipeline.ConfigurationResources->StartingPipelineRegistry : Starting Pipeline Registry.
**** info	пн груд 01 14:52:38 EET 2014	1417438358712	/atg/reporting/md/DatasetDomain	atg.reporting.service.md.DatasetDomainResources->domainServiceStarted : Domain service started
**** info	пн груд 01 14:52:38 EET 2014	1417438358768	/atg/reporting/ChartTemplateScheduler	atg.reporting.service.TemplateResources->scheduleServiceStarted : DSS Template scheduler started
**** info	пн груд 01 14:52:39 EET 2014	1417438359047	/atg/epub/file/ConfigFileSystem	journaling file system started: vfs=file:/C:/AE10/ATG10.0.3/home/servers/commprod/PublishingAgent/deploymentconfig/live/config/ journalDirectory=C:\AE10\ATG10.0.3\home\servers\commprod\PublishingAgent\deploymentconfig\data\config
**** info	пн груд 01 14:52:41 EET 2014	1417438361513	/atg/web/viewmapping/ViewMappingRepository	atg.adapter.gsa.GSAResources->INFO_STARTUP_END : SQL Repository startup complete
**** info	пн груд 01 14:52:41 EET 2014	1417438361515	/atg/commerce/catalog/CatalogChangesListener	atg.nucleus.NucleusResources->resolveReference : Resolving reference to /atg/commerce/catalog/custom/CatalogChangesListener
**** info	пн груд 01 14:53:43 EET 2014	1417438423627	/atg/seo/SEORepository	atg.adapter.gsa.GSAResources->INFO_STARTUP_END : SQL Repository startup complete
**** info	пн груд 01 14:57:35 EET 2014	1417438655682	/atg/commerce/fulfillment/FulfillmentPipelineManager	atg.service.pipeline.PipelineManagerResources->StoppingPipelineManager : Stopping PipelineManager.
**** info	пн груд 01 14:57:35 EET 2014	1417438655684	/atg/commerce/PipelineManager	atg.service.pipeline.PipelineManagerResources->StoppingPipelineManager : Stopping PipelineManager.
**** info	пн груд 01 14:57:35 EET 2014	1417438655685	/atg/commerce/payment/PaymentPipelineManager	atg.service.pipeline.PipelineManagerResources->StoppingPipelineManager : Stopping PipelineManager.
**** info	пн груд 01 14:57:35 EET 2014	1417438655685	/atg/userprofiling/sso/PassportAuthorityService	Stopping passport authority service
**** info	пн груд 01 14:57:37 EET 2014	1417438657687	/atg/reporting/md/DatasetDomain	atg.reporting.service.md.DatasetDomainResources->domainServiceStopped : Domain service stopped
**** info	пн груд 01 14:57:37 EET 2014	1417438657689	/atg/reporting/ChartTemplateScheduler	atg.reporting.service.TemplateResources->scheduleServiceStopped : DSS Template scheduler stopped
**** info	пн груд 01 14:57:37 EET 2014	1417438657691	/atg/epub/file/ConfigFileSystem	journaling file system stopped
**** info	пн груд 01 14:57:39 EET 2014	1417438659694	/atg/dynamo/service/Scheduler	Scheduler shutting down.
**** info	пн груд 01 14:57:39 EET 2014	1417438659696	/atg/dynamo/service/Scheduler	Scheduler stopped.
**** info	пн груд 01 15:13:38 EET 2014	1417439618400	/atg/dynamo/service/logging/ScreenLog	Using external info logging for Nucleus debug and trace messages to prevent hidden Nucleus logging. Set the Nucleus /atg/dynamo/service/logging/ScreenLog.useInfoForDebug property to false to use external logging debug and trace instead.
**** info	пн груд 01 15:13:44 EET 2014	1417439624291	/atg/commerce/pricing/priceLists/PriceLists	atg.adapter.gsa.GSAResources->INFO_STARTUP_END : SQL Repository startup complete
**** info	пн груд 01 15:13:44 EET 2014	1417439624342	/atg/multisite/SiteRepository	atg.adapter.gsa.GSAResources->INFO_STARTUP_END : SQL Repository startup complete
**** info	пн груд 01 15:13:44 EET 2014	1417439624390	/atg/commerce/catalog/ProductCatalog	atg.adapter.gsa.GSAResources->INFO_STARTUP_END : SQL Repository startup complete
**** info	пн груд 01 15:13:45 EET 2014	1417439625132	/atg/commerce/pricing/Promotions	atg.nucleus.NucleusResources->resolveReference : Resolving reference to /atg/commerce/catalog/ProductCatalog
**** info	пн груд 01 15:13:45 EET 2014	1417439625178	/atg/commerce/gifts/Giftlists	atg.adapter.gsa.GSAResources->INFO_STARTUP_END : SQL Repository startup complete
**** info	пн груд 01 15:13:45 EET 2014	1417439625261	/atg/userprofiling/ProfileAdapterRepository	atg.adapter.gsa.GSAResources->INFO_STARTUP_END : SQL Repository startup complete
**** info	пн груд 01 15:13:45 EET 2014	1417439625980	/atg/dynamo/security/AdminSqlRepository	atg.adapter.gsa.GSAResources->INFO_STARTUP_END : SQL Repository startup complete
**** info	пн груд 01 15:13:45 EET 2014	1417439625981	/atg/dynamo/security/AdminAccountInitializer	Initializing account database /atg/dynamo/security/AdminAccountManager from /atg/dynamo/security/SimpleXmlUserAuthority
**** info	пн груд 01 15:13:50 EET 2014	1417439630374	/atg/commerce/PipelineManager	atg.service.pipeline.PipelineManagerResources->StartingPipelineManager : Starting PipelineManager.
**** info	пн груд 01 15:13:54 EET 2014	1417439634146	/atg/commerce/claimable/ClaimableRepository	atg.adapter.gsa.GSAResources->INFO_STARTUP_END : SQL Repository startup complete
**** info	пн груд 01 15:13:55 EET 2014	1417439635023	/atg/commerce/payment/PaymentPipelineManager	atg.service.pipeline.PipelineManagerResources->StartingPipelineManager : Starting PipelineManager.
**** info	пн груд 01 15:13:56 EET 2014	1417439636051	/atg/commerce/pricing/ItemPricingEngine	atg.commerce.pricing.Resources->pricingEngineStarting : Pricing Engine starting up
**** info	пн груд 01 15:13:56 EET 2014	1417439636292	/atg/commerce/order/OrderRepository	atg.adapter.gsa.GSAResources->INFO_STARTUP_END : SQL Repository startup complete
**** info	пн груд 01 15:13:56 EET 2014	1417439636504	/atg/commerce/pricing/OrderPricingEngine	atg.commerce.pricing.Resources->pricingEngineStarting : Pricing Engine starting up
**** info	пн груд 01 15:13:56 EET 2014	1417439636762	/atg/commerce/pricing/TaxPricingEngine	atg.commerce.pricing.Resources->pricingEngineStarting : Pricing Engine starting up
**** info	пн груд 01 15:13:56 EET 2014	1417439636810	/atg/commerce/pricing/ShippingPricingEngine	atg.commerce.pricing.Resources->pricingEngineStarting : Pricing Engine starting up
**** info	пн груд 01 15:13:56 EET 2014	1417439636908	/atg/commerce/inventory/InventoryRepository	atg.adapter.gsa.GSAResources->INFO_STARTUP_END : SQL Repository startup complete
**** info	пн груд 01 15:13:57 EET 2014	1417439637202	/atg/commerce/fulfillment/FulfillmentPipelineManager	atg.service.pipeline.PipelineManagerResources->StartingPipelineManager : Starting PipelineManager.
**** info	пн груд 01 15:13:58 EET 2014	1417439638370	/atg/content/media/MediaRepository	atg.adapter.gsa.GSAResources->INFO_STARTUP_END : SQL Repository startup complete
**** info	пн груд 01 15:13:58 EET 2014	1417439638393	/atg/userprofiling/PersonalizationRepository	atg.adapter.gsa.GSAResources->INFO_STARTUP_END : SQL Repository startup complete
**** info	пн груд 01 15:13:58 EET 2014	1417439638686	/atg/store/stores/StoreRepository	atg.adapter.gsa.GSAResources->INFO_STARTUP_END : SQL Repository startup complete
**** info	пн груд 01 15:13:59 EET 2014	1417439639683	/atg/sitemap/SitemapRepository	atg.adapter.gsa.GSAResources->INFO_STARTUP_END : SQL Repository startup complete
**** info	пн груд 01 15:13:59 EET 2014	1417439639856	/atg/dynamo/server/RmiServer	atg.server.rmi.RmiResources->rmiServerStartupMessage : Service /atg/dynamo/server/RmiServer listening at rmi://EPUAKHAW0679:8160/
**** info	пн груд 01 15:14:00 EET 2014	1417439640086	/atg/dynamo/service/jdbc/SQLRepository	atg.adapter.gsa.GSAResources->INFO_STARTUP_END : SQL Repository startup complete
**** info	пн груд 01 15:14:00 EET 2014	1417439640653	/atg/scenario/XrefParserManager	atg.scenario.ScenarioResources->xrefParserManagerStartupComplete : XrefParserManager startup complete
**** info	пн груд 01 15:14:01 EET 2014	1417439641714	/atg/scenario/ScenarioManager	atg.process.ProcessResources->processManagerServiceInitializingEditorServer : Initializing Process Editor Server localhost:8150
**** info	пн груд 01 15:14:02 EET 2014	1417439642918	/atg/userprofiling/sso/PassportAuthorityService	Starting passport authority service
**** info	пн груд 01 15:14:03 EET 2014	1417439643021	/atg/scenario/CollectiveEmailSender	atg.nucleus.NucleusResources->resolveReference : Resolving reference to /atg/userprofiling/email/TemplateEmailSender
**** info	пн груд 01 15:14:03 EET 2014	1417439643297	/atg/reporting/DatasetRecorderManager	Validating all dataset mappers
**** info	пн груд 01 15:14:04 EET 2014	1417439644243	/atg/commerce/order/abandoned/AbandonedOrderLogRepository	atg.adapter.gsa.GSAResources->INFO_STARTUP_END : SQL Repository startup complete
**** info	пн груд 01 15:14:07 EET 2014	1417439647807	/atg/dynamo/service/ServerLockManager	atg.service.lockmanager.LockResources->lockServerListeningAt : Service /atg/dynamo/service/ServerLockManager listening at http://EPUAKHAW0679:9012/
**** info	пн груд 01 15:14:08 EET 2014	1417439648587	/atg/registry/PipelineRegistry	atg.service.pipeline.ConfigurationResources->StartingPipelineRegistry : Starting Pipeline Registry.
**** info	пн груд 01 15:14:09 EET 2014	1417439649101	/atg/reporting/md/DatasetDomain	atg.reporting.service.md.DatasetDomainResources->domainServiceStarted : Domain service started
**** info	пн груд 01 15:14:09 EET 2014	1417439649162	/atg/reporting/ChartTemplateScheduler	atg.reporting.service.TemplateResources->scheduleServiceStarted : DSS Template scheduler started
**** info	пн груд 01 15:14:09 EET 2014	1417439649431	/atg/epub/file/ConfigFileSystem	journaling file system started: vfs=file:/C:/AE10/ATG10.0.3/home/servers/commprod/PublishingAgent/deploymentconfig/live/config/ journalDirectory=C:\AE10\ATG10.0.3\home\servers\commprod\PublishingAgent\deploymentconfig\data\config
**** info	пн груд 01 15:14:09 EET 2014	1417439649915	/atg/web/viewmapping/ViewMappingRepository	atg.adapter.gsa.GSAResources->INFO_STARTUP_END : SQL Repository startup complete
**** info	пн груд 01 15:14:09 EET 2014	1417439649917	/atg/commerce/catalog/CatalogChangesListener	atg.nucleus.NucleusResources->resolveReference : Resolving reference to /atg/commerce/catalog/custom/CatalogChangesListener
**** info	пн груд 01 15:14:21 EET 2014	1417439661582	/atg/dynamo/servlet/adminpipeline/Authenticator	Authenticator allowing access for administrators-group.
**** info	пн груд 01 15:14:21 EET 2014	1417439661582	/atg/dynamo/servlet/adminpipeline/Authenticator	Authenticator allowing access for administrators-group.
**** info	пн груд 01 15:14:21 EET 2014	1417439661621	/atg/dynamo/servlet/pagecompile/ExtendedJhtmlPageProcessor	atg.servlet.pagecompile.PageCompileResources->pagecompilePageProcessorProcessing : Processing /atg/dynamo/admin/en/start-acc.jhtml to C:\AE10\ATG10.0.3\home\servers\commprod\pagebuild\_dasadmin_3\_atg\_dynamo\_admin\_en\_start_sacc.java
**** info	пн груд 01 15:14:21 EET 2014	1417439661939	/atg/dynamo/servlet/pagecompile/ExtendedJhtmlPageProcessor	atg.servlet.pagecompile.PageCompileResources->pagecompilePageProcessorCompiling : Compiling C:\AE10\ATG10.0.3\home\servers\commprod\pagebuild\_dasadmin_3\_atg\_dynamo\_admin\_en\_start_sacc.java
**** info	пн груд 01 15:14:23 EET 2014	1417439663477	/atg/dynamo/servlet/pagecompile/ExtendedJhtmlPageProcessor	atg.servlet.pagecompile.PageCompileResources->pagecompilePageProcessorProcessing : Processing /atg/dynamo/admin/en/index.jhtml to C:\AE10\ATG10.0.3\home\servers\commprod\pagebuild\_dasadmin_3\_atg\_dynamo\_admin\_en\_index.java
**** info	пн груд 01 15:14:23 EET 2014	1417439663667	/atg/dynamo/servlet/pagecompile/ExtendedJhtmlPageProcessor	atg.servlet.pagecompile.PageCompileResources->pagecompilePageProcessorCompiling : Compiling C:\AE10\ATG10.0.3\home\servers\commprod\pagebuild\_dasadmin_3\_atg\_dynamo\_admin\_en\_index.java
**** info	пн груд 01 15:14:24 EET 2014	1417439664854	/atg/dynamo/servlet/pagecompile/ExtendedJhtmlPageProcessor	atg.servlet.pagecompile.PageCompileResources->pagecompilePageProcessorProcessing : Processing /atg/userprofiling/admin/en/dps-home.jhtml to C:\AE10\ATG10.0.3\home\servers\commprod\pagebuild\_dpsadmin_3\_atg\_userprofiling\_admin\_en\_dps_shome.java
**** info	пн груд 01 15:14:24 EET 2014	1417439664883	/atg/dynamo/servlet/pagecompile/ExtendedJhtmlPageProcessor	atg.servlet.pagecompile.PageCompileResources->pagecompilePageProcessorCompiling : Compiling C:\AE10\ATG10.0.3\home\servers\commprod\pagebuild\_dpsadmin_3\_atg\_userprofiling\_admin\_en\_dps_shome.java
**** info	пн груд 01 15:14:25 EET 2014	1417439665807	/atg/dynamo/servlet/pagecompile/ExtendedJhtmlPageProcessor	atg.servlet.pagecompile.PageCompileResources->pagecompilePageProcessorProcessing : Processing /atg/commerce/admin/en/dcs-home.jhtml to C:\AE10\ATG10.0.3\home\servers\commprod\pagebuild\_dcsadmin_3\_atg\_commerce\_admin\_en\_dcs_shome.java
**** info	пн груд 01 15:14:25 EET 2014	1417439665822	/atg/dynamo/servlet/pagecompile/ExtendedJhtmlPageProcessor	atg.servlet.pagecompile.PageCompileResources->pagecompilePageProcessorCompiling : Compiling C:\AE10\ATG10.0.3\home\servers\commprod\pagebuild\_dcsadmin_3\_atg\_commerce\_admin\_en\_dcs_shome.java
**** info	пн груд 01 15:14:26 EET 2014	1417439666791	/atg/dynamo/servlet/pagecompile/ExtendedJhtmlPageProcessor	atg.servlet.pagecompile.PageCompileResources->pagecompilePageProcessorProcessing : Processing /atg/store/admin/en/store-home.jhtml to C:\AE10\ATG10.0.3\home\servers\commprod\pagebuild\_C_003a_3\_AE10\_ATG10_x0_x3\_MyStore\_EStore\_admin\_atg\_store\_admin\_en\_store_shome.java
**** info	пн груд 01 15:14:26 EET 2014	1417439666806	/atg/dynamo/servlet/pagecompile/ExtendedJhtmlPageProcessor	atg.servlet.pagecompile.PageCompileResources->pagecompilePageProcessorCompiling : Compiling C:\AE10\ATG10.0.3\home\servers\commprod\pagebuild\_C_003a_3\_AE10\_ATG10_x0_x3\_MyStore\_EStore\_admin\_atg\_store\_admin\_en\_store_shome.java
**** info	пн груд 01 15:14:40 EET 2014	1417439680141	/atg/devtools/SessionLogger	ACC user admin connected from 127.0.0.1
**** info	пн груд 01 15:14:40 EET 2014	1417439680422	/atg/dynamo/security/ComponentSecurityDomain	Registered ComponentSecurityDomain with the /atg/registry/SecurityDomains registry
**** info	пн груд 01 15:14:40 EET 2014	1417439680813	/atg/devtools/DevSessionManager/_1/atg/devtools/ComponentAgent	Requested URL: http://localhost:8180/dyn/init-session returned sessionid=DE557E7C0CB9E6658E852187992F9F3A and url session id=null
**** info	пн груд 01 15:16:22 EET 2014	1417439782803	/atg/seo/SEORepository	atg.adapter.gsa.GSAResources->INFO_STARTUP_END : SQL Repository startup complete
**** info	пн груд 01 15:16:47 EET 2014	1417439807141	/atg/dynamo/server/SQLRepositoryEventServer	atg.adapter.gsa.event.EventResources->eventServerListeningAt : Service /atg/dynamo/server/SQLRepositoryEventServer listening at http://EPUAKHAW0679:60587/
**** info	пн груд 01 15:17:17 EET 2014	1417439837533	/atg/dynamo/servlet/pagecompile/ExtendedJhtmlPageProcessor	atg.servlet.pagecompile.PageCompileResources->pagecompilePageProcessorProcessing : Processing /atg/dynamo/admin/en/cmpn-search.jhtml to C:\AE10\ATG10.0.3\home\servers\commprod\pagebuild\_dasadmin_3\_atg\_dynamo\_admin\_en\_cmpn_ssearch.java
**** info	пн груд 01 15:17:17 EET 2014	1417439837665	/atg/dynamo/servlet/pagecompile/ExtendedJhtmlPageProcessor	atg.servlet.pagecompile.PageCompileResources->pagecompilePageProcessorCompiling : Compiling C:\AE10\ATG10.0.3\home\servers\commprod\pagebuild\_dasadmin_3\_atg\_dynamo\_admin\_en\_cmpn_ssearch.java
**** info	пн груд 01 15:20:53 EET 2014	1417440053723	/atg/commerce/fulfillment/FulfillmentPipelineManager	atg.service.pipeline.PipelineManagerResources->StoppingPipelineManager : Stopping PipelineManager.
**** info	пн груд 01 15:20:53 EET 2014	1417440053724	/atg/commerce/payment/PaymentPipelineManager	atg.service.pipeline.PipelineManagerResources->StoppingPipelineManager : Stopping PipelineManager.
**** info	пн груд 01 15:20:53 EET 2014	1417440053726	/atg/commerce/PipelineManager	atg.service.pipeline.PipelineManagerResources->StoppingPipelineManager : Stopping PipelineManager.
**** info	пн груд 01 15:20:53 EET 2014	1417440053726	/atg/epub/file/ConfigFileSystem	journaling file system stopped
**** info	пн груд 01 15:20:53 EET 2014	1417440053726	/atg/reporting/md/DatasetDomain	atg.reporting.service.md.DatasetDomainResources->domainServiceStopped : Domain service stopped
**** info	пн груд 01 15:20:53 EET 2014	1417440053726	/atg/reporting/ChartTemplateScheduler	atg.reporting.service.TemplateResources->scheduleServiceStopped : DSS Template scheduler stopped
**** info	пн груд 01 15:20:53 EET 2014	1417440053726	/atg/userprofiling/sso/PassportAuthorityService	Stopping passport authority service
**** info	пн груд 01 15:22:03 EET 2014	1417440123440	/atg/dynamo/service/logging/ScreenLog	Using external info logging for Nucleus debug and trace messages to prevent hidden Nucleus logging. Set the Nucleus /atg/dynamo/service/logging/ScreenLog.useInfoForDebug property to false to use external logging debug and trace instead.
**** info	пн груд 01 15:22:09 EET 2014	1417440129394	/atg/commerce/pricing/priceLists/PriceLists	atg.adapter.gsa.GSAResources->INFO_STARTUP_END : SQL Repository startup complete
**** info	пн груд 01 15:22:09 EET 2014	1417440129433	/atg/multisite/SiteRepository	atg.adapter.gsa.GSAResources->INFO_STARTUP_END : SQL Repository startup complete
**** info	пн груд 01 15:22:09 EET 2014	1417440129470	/atg/commerce/catalog/ProductCatalog	atg.adapter.gsa.GSAResources->INFO_STARTUP_END : SQL Repository startup complete
**** info	пн груд 01 15:22:10 EET 2014	1417440130213	/atg/commerce/pricing/Promotions	atg.nucleus.NucleusResources->resolveReference : Resolving reference to /atg/commerce/catalog/ProductCatalog
**** info	пн груд 01 15:22:10 EET 2014	1417440130372	/atg/commerce/gifts/Giftlists	atg.adapter.gsa.GSAResources->INFO_STARTUP_END : SQL Repository startup complete
**** info	пн груд 01 15:22:10 EET 2014	1417440130457	/atg/userprofiling/ProfileAdapterRepository	atg.adapter.gsa.GSAResources->INFO_STARTUP_END : SQL Repository startup complete
**** info	пн груд 01 15:22:11 EET 2014	1417440131117	/atg/dynamo/security/AdminSqlRepository	atg.adapter.gsa.GSAResources->INFO_STARTUP_END : SQL Repository startup complete
**** info	пн груд 01 15:22:11 EET 2014	1417440131118	/atg/dynamo/security/AdminAccountInitializer	Initializing account database /atg/dynamo/security/AdminAccountManager from /atg/dynamo/security/SimpleXmlUserAuthority
**** info	пн груд 01 15:22:15 EET 2014	1417440135326	/atg/commerce/PipelineManager	atg.service.pipeline.PipelineManagerResources->StartingPipelineManager : Starting PipelineManager.
**** info	пн груд 01 15:22:18 EET 2014	1417440138997	/atg/commerce/claimable/ClaimableRepository	atg.adapter.gsa.GSAResources->INFO_STARTUP_END : SQL Repository startup complete
**** info	пн груд 01 15:22:19 EET 2014	1417440139765	/atg/commerce/payment/PaymentPipelineManager	atg.service.pipeline.PipelineManagerResources->StartingPipelineManager : Starting PipelineManager.
**** info	пн груд 01 15:22:20 EET 2014	1417440140840	/atg/commerce/pricing/ItemPricingEngine	atg.commerce.pricing.Resources->pricingEngineStarting : Pricing Engine starting up
**** info	пн груд 01 15:22:21 EET 2014	1417440141004	/atg/commerce/order/OrderRepository	atg.adapter.gsa.GSAResources->INFO_STARTUP_END : SQL Repository startup complete
**** info	пн груд 01 15:22:21 EET 2014	1417440141221	/atg/commerce/pricing/OrderPricingEngine	atg.commerce.pricing.Resources->pricingEngineStarting : Pricing Engine starting up
**** info	пн груд 01 15:22:21 EET 2014	1417440141489	/atg/commerce/pricing/TaxPricingEngine	atg.commerce.pricing.Resources->pricingEngineStarting : Pricing Engine starting up
**** info	пн груд 01 15:22:21 EET 2014	1417440141540	/atg/commerce/pricing/ShippingPricingEngine	atg.commerce.pricing.Resources->pricingEngineStarting : Pricing Engine starting up
**** info	пн груд 01 15:22:21 EET 2014	1417440141676	/atg/commerce/inventory/InventoryRepository	atg.adapter.gsa.GSAResources->INFO_STARTUP_END : SQL Repository startup complete
**** info	пн груд 01 15:22:21 EET 2014	1417440141940	/atg/commerce/fulfillment/FulfillmentPipelineManager	atg.service.pipeline.PipelineManagerResources->StartingPipelineManager : Starting PipelineManager.
**** info	пн груд 01 15:22:23 EET 2014	1417440143253	/atg/content/media/MediaRepository	atg.adapter.gsa.GSAResources->INFO_STARTUP_END : SQL Repository startup complete
**** info	пн груд 01 15:22:23 EET 2014	1417440143276	/atg/userprofiling/PersonalizationRepository	atg.adapter.gsa.GSAResources->INFO_STARTUP_END : SQL Repository startup complete
**** info	пн груд 01 15:22:23 EET 2014	1417440143663	/atg/store/stores/StoreRepository	atg.adapter.gsa.GSAResources->INFO_STARTUP_END : SQL Repository startup complete
**** info	пн груд 01 15:22:24 EET 2014	1417440144680	/atg/sitemap/SitemapRepository	atg.adapter.gsa.GSAResources->INFO_STARTUP_END : SQL Repository startup complete
**** info	пн груд 01 15:22:24 EET 2014	1417440144870	/atg/dynamo/server/RmiServer	atg.server.rmi.RmiResources->rmiServerStartupMessage : Service /atg/dynamo/server/RmiServer listening at rmi://EPUAKHAW0679:8160/
**** info	пн груд 01 15:22:25 EET 2014	1417440145113	/atg/dynamo/service/jdbc/SQLRepository	atg.adapter.gsa.GSAResources->INFO_STARTUP_END : SQL Repository startup complete
**** info	пн груд 01 15:22:25 EET 2014	1417440145754	/atg/scenario/XrefParserManager	atg.scenario.ScenarioResources->xrefParserManagerStartupComplete : XrefParserManager startup complete
**** info	пн груд 01 15:22:26 EET 2014	1417440146920	/atg/scenario/ScenarioManager	atg.process.ProcessResources->processManagerServiceInitializingEditorServer : Initializing Process Editor Server localhost:8150
**** info	пн груд 01 15:22:28 EET 2014	1417440148213	/atg/userprofiling/sso/PassportAuthorityService	Starting passport authority service
**** info	пн груд 01 15:22:28 EET 2014	1417440148333	/atg/scenario/CollectiveEmailSender	atg.nucleus.NucleusResources->resolveReference : Resolving reference to /atg/userprofiling/email/TemplateEmailSender
**** info	пн груд 01 15:22:28 EET 2014	1417440148642	/atg/reporting/DatasetRecorderManager	Validating all dataset mappers
**** info	пн груд 01 15:22:29 EET 2014	1417440149561	/atg/commerce/order/abandoned/AbandonedOrderLogRepository	atg.adapter.gsa.GSAResources->INFO_STARTUP_END : SQL Repository startup complete
**** info	пн груд 01 15:22:33 EET 2014	1417440153532	/atg/dynamo/service/ServerLockManager	atg.service.lockmanager.LockResources->lockServerListeningAt : Service /atg/dynamo/service/ServerLockManager listening at http://EPUAKHAW0679:9012/
**** info	пн груд 01 15:22:34 EET 2014	1417440154372	/atg/registry/PipelineRegistry	atg.service.pipeline.ConfigurationResources->StartingPipelineRegistry : Starting Pipeline Registry.
**** info	пн груд 01 15:22:34 EET 2014	1417440154886	/atg/reporting/md/DatasetDomain	atg.reporting.service.md.DatasetDomainResources->domainServiceStarted : Domain service started
**** info	пн груд 01 15:22:34 EET 2014	1417440154942	/atg/reporting/ChartTemplateScheduler	atg.reporting.service.TemplateResources->scheduleServiceStarted : DSS Template scheduler started
**** info	пн груд 01 15:22:35 EET 2014	1417440155235	/atg/epub/file/ConfigFileSystem	journaling file system started: vfs=file:/C:/AE10/ATG10.0.3/home/servers/commprod/PublishingAgent/deploymentconfig/live/config/ journalDirectory=C:\AE10\ATG10.0.3\home\servers\commprod\PublishingAgent\deploymentconfig\data\config
**** info	пн груд 01 15:22:35 EET 2014	1417440155680	/atg/web/viewmapping/ViewMappingRepository	atg.adapter.gsa.GSAResources->INFO_STARTUP_END : SQL Repository startup complete
**** info	пн груд 01 15:22:35 EET 2014	1417440155682	/atg/commerce/catalog/CatalogChangesListener	atg.nucleus.NucleusResources->resolveReference : Resolving reference to /atg/commerce/catalog/custom/CatalogChangesListener
**** info	пн груд 01 15:23:37 EET 2014	1417440217053	/atg/seo/SEORepository	atg.adapter.gsa.GSAResources->INFO_STARTUP_END : SQL Repository startup complete
**** info	пн груд 01 15:23:37 EET 2014	1417440217965	/atg/dynamo/server/SQLRepositoryEventServer	atg.adapter.gsa.event.EventResources->eventServerListeningAt : Service /atg/dynamo/server/SQLRepositoryEventServer listening at http://EPUAKHAW0679:60665/
