**** info	Mon Feb 20 15:58:40 IST 2012	1329733720671	/atg/dynamo/service/logging/ScreenLog	Using external info logging for Nucleus debug and trace messages to prevent hidden Nucleus logging. Set the Nucleus /atg/dynamo/service/logging/ScreenLog.useInfoForDebug property to false to use external logging debug and trace instead.
**** info	Mon Feb 20 15:58:49 IST 2012	1329733729953	/atg/commerce/pricing/priceLists/PriceLists	SQL Repository startup complete
**** info	Mon Feb 20 15:58:50 IST 2012	1329733730375	/atg/multisite/SiteRepository	SQL Repository startup complete
**** info	Mon Feb 20 15:58:50 IST 2012	1329733730468	/atg/commerce/catalog/ProductCatalog	SQL Repository startup complete
**** info	Mon Feb 20 15:58:51 IST 2012	1329733731046	/atg/commerce/pricing/Promotions	Resolving reference to /atg/commerce/catalog/ProductCatalog
**** info	Mon Feb 20 15:58:52 IST 2012	1329733732203	/atg/commerce/gifts/Giftlists	SQL Repository startup complete
**** info	Mon Feb 20 15:58:52 IST 2012	1329733732484	/atg/userprofiling/ProfileAdapterRepository	SQL Repository startup complete
**** info	Mon Feb 20 15:58:53 IST 2012	1329733733578	/atg/dynamo/security/AdminSqlRepository	SQL Repository startup complete
**** info	Mon Feb 20 15:58:53 IST 2012	1329733733578	/atg/dynamo/security/AdminAccountInitializer	Initializing account database /atg/dynamo/security/AdminAccountManager from /atg/dynamo/security/SimpleXmlUserAuthority
**** info	Mon Feb 20 15:59:03 IST 2012	1329733743546	/atg/commerce/PipelineManager	Starting PipelineManager.
**** info	Mon Feb 20 15:59:12 IST 2012	1329733752671	/atg/commerce/claimable/ClaimableRepository	SQL Repository startup complete
**** info	Mon Feb 20 15:59:14 IST 2012	1329733754265	/atg/commerce/payment/PaymentPipelineManager	Starting PipelineManager.
**** info	Mon Feb 20 15:59:17 IST 2012	1329733757031	/atg/commerce/pricing/ItemPricingEngine	Pricing Engine starting up
**** info	Mon Feb 20 15:59:17 IST 2012	1329733757906	/atg/commerce/order/OrderRepository	SQL Repository startup complete
**** info	Mon Feb 20 15:59:18 IST 2012	1329733758359	/atg/commerce/pricing/OrderPricingEngine	Pricing Engine starting up
**** info	Mon Feb 20 15:59:20 IST 2012	1329733760125	/atg/commerce/pricing/TaxPricingEngine	Pricing Engine starting up
**** info	Mon Feb 20 15:59:20 IST 2012	1329733760203	/atg/commerce/pricing/ShippingPricingEngine	Pricing Engine starting up
**** info	Mon Feb 20 15:59:20 IST 2012	1329733760453	/atg/commerce/inventory/InventoryRepository	SQL Repository startup complete
**** info	Mon Feb 20 15:59:20 IST 2012	1329733760984	/atg/commerce/fulfillment/FulfillmentPipelineManager	Starting PipelineManager.
**** info	Mon Feb 20 15:59:24 IST 2012	1329733764250	/atg/content/media/MediaRepository	SQL Repository startup complete
**** info	Mon Feb 20 15:59:24 IST 2012	1329733764281	/atg/userprofiling/PersonalizationRepository	SQL Repository startup complete
**** info	Mon Feb 20 15:59:24 IST 2012	1329733764984	/atg/store/stores/StoreRepository	SQL Repository startup complete
**** info	Mon Feb 20 15:59:27 IST 2012	1329733767343	/atg/sitemap/SitemapRepository	SQL Repository startup complete
**** info	Mon Feb 20 15:59:27 IST 2012	1329733767765	/atg/dynamo/server/RmiServer	Service /atg/dynamo/server/RmiServer listening at rmi://vamsoft-srini:8160/
**** info	Mon Feb 20 15:59:28 IST 2012	1329733768218	/atg/dynamo/service/jdbc/SQLRepository	SQL Repository startup complete
**** info	Mon Feb 20 15:59:30 IST 2012	1329733770390	/atg/scenario/XrefParserManager	XrefParserManager startup complete
**** info	Mon Feb 20 15:59:33 IST 2012	1329733773125	/atg/scenario/ScenarioManager	Initializing Process Editor Server localhost:8150
**** info	Mon Feb 20 15:59:36 IST 2012	1329733776671	/atg/userprofiling/sso/PassportAuthorityService	Starting passport authority service
**** info	Mon Feb 20 15:59:36 IST 2012	1329733776953	/atg/scenario/CollectiveEmailSender	Resolving reference to /atg/userprofiling/email/TemplateEmailSender
**** info	Mon Feb 20 15:59:37 IST 2012	1329733777593	/atg/reporting/DatasetRecorderManager	Validating all dataset mappers
**** info	Mon Feb 20 15:59:41 IST 2012	1329733781937	/atg/commerce/order/abandoned/AbandonedOrderLogRepository	SQL Repository startup complete
**** info	Mon Feb 20 15:59:50 IST 2012	1329733790937	/atg/scenario/ScenarioManager	Removing global process /Campaigns/recorders/email-open.sdl
**** info	Mon Feb 20 15:59:51 IST 2012	1329733791046	/atg/scenario/ScenarioManager	Removing global process /Campaigns/communication/recorders/email-open.sdl
**** info	Mon Feb 20 15:59:51 IST 2012	1329733791203	/atg/scenario/ScenarioManager	Removing global process /Campaigns/recorders/email-click.sdl
**** info	Mon Feb 20 15:59:51 IST 2012	1329733791296	/atg/scenario/ScenarioManager	Removing global process /Campaigns/communication/recorders/outbound-email.sdl
**** info	Mon Feb 20 15:59:51 IST 2012	1329733791359	/atg/scenario/ScenarioManager	Removing global process /Campaigns/communication/recorders/inbound-email.sdl
**** info	Mon Feb 20 15:59:51 IST 2012	1329733791453	/atg/scenario/ScenarioManager	Removing global process /Campaigns/communication/recorders/email-click.sdl
**** info	Mon Feb 20 15:59:51 IST 2012	1329733791625	/atg/scenario/ScenarioManager	Removing global process /Campaigns/communication/recorders/opt-out.sdl
**** info	Mon Feb 20 15:59:52 IST 2012	1329733792328	/atg/dynamo/service/ServerLockManager	Service /atg/dynamo/service/ServerLockManager listening at http://vamsoft-srini:9012/
**** info	Mon Feb 20 15:59:54 IST 2012	1329733794984	/atg/registry/PipelineRegistry	Starting Pipeline Registry.
**** info	Mon Feb 20 15:59:56 IST 2012	1329733796062	/atg/reporting/md/DatasetDomain	Domain service started
**** info	Mon Feb 20 15:59:56 IST 2012	1329733796156	/atg/reporting/ChartTemplateScheduler	DSS Template scheduler started
**** info	Mon Feb 20 15:59:56 IST 2012	1329733796718	/atg/epub/file/ConfigFileSystem	journaling file system started: vfs=file:/C:/AE10/ATG10.0.3/home/servers/commprod/PublishingAgent/deploymentconfig/live/config/ journalDirectory=C:\AE10\ATG10.0.3\home\servers\commprod\PublishingAgent\deploymentconfig\data\config
**** info	Mon Feb 20 15:59:58 IST 2012	1329733798828	/atg/web/viewmapping/ViewMappingRepository	SQL Repository startup complete
**** info	Mon Feb 20 15:59:58 IST 2012	1329733798828	/atg/commerce/catalog/CatalogChangesListener	Resolving reference to /atg/commerce/catalog/custom/CatalogChangesListener
**** info	Mon Feb 20 16:00:59 IST 2012	1329733859406	/atg/seo/SEORepository	SQL Repository startup complete
**** info	Mon Feb 20 17:32:33 IST 2012	1329739353296	/atg/devtools/ArchiveDirectoryCache	Finished Updating J2EE Application Cache
**** info	Mon Feb 20 17:37:58 IST 2012	1329739678125	/atg/dynamo/servlet/adminpipeline/AuthenticationServlet	HTML admin authentication failure from 127.0.0.1(/dyn/admin)
**** info	Mon Feb 20 17:38:00 IST 2012	1329739680625	/atg/dynamo/servlet/adminpipeline/Authenticator	Authenticator allowing access for administrators-group.
**** info	Mon Feb 20 17:38:00 IST 2012	1329739680953	/atg/dynamo/servlet/pagecompile/ExtendedJhtmlPageProcessor	Processing /index.jhtml to C:\AE10\ATG10.0.3\home\servers\commprod\pagebuild\_dasadmin_3\_index.java
**** info	Mon Feb 20 17:38:04 IST 2012	1329739684437	/atg/dynamo/servlet/pagecompile/ExtendedJhtmlPageProcessor	Compiling C:\AE10\ATG10.0.3\home\servers\commprod\pagebuild\_dasadmin_3\_index.java
**** info	Mon Feb 20 17:38:08 IST 2012	1329739688656	/atg/dynamo/servlet/pagecompile/ExtendedJhtmlPageProcessor	Processing /atg/dynamo/admin/en/index.jhtml to C:\AE10\ATG10.0.3\home\servers\commprod\pagebuild\_dasadmin_3\_atg\_dynamo\_admin\_en\_index.java
**** info	Mon Feb 20 17:38:09 IST 2012	1329739689140	/atg/dynamo/servlet/pagecompile/ExtendedJhtmlPageProcessor	Compiling C:\AE10\ATG10.0.3\home\servers\commprod\pagebuild\_dasadmin_3\_atg\_dynamo\_admin\_en\_index.java
**** info	Mon Feb 20 17:38:11 IST 2012	1329739691812	/atg/dynamo/servlet/pagecompile/ExtendedJhtmlPageProcessor	Processing /atg/userprofiling/admin/en/dps-home.jhtml to C:\AE10\ATG10.0.3\home\servers\commprod\pagebuild\_dpsadmin_3\_atg\_userprofiling\_admin\_en\_dps_shome.java
**** info	Mon Feb 20 17:38:11 IST 2012	1329739691859	/atg/dynamo/servlet/pagecompile/ExtendedJhtmlPageProcessor	Compiling C:\AE10\ATG10.0.3\home\servers\commprod\pagebuild\_dpsadmin_3\_atg\_userprofiling\_admin\_en\_dps_shome.java
**** info	Mon Feb 20 17:38:13 IST 2012	1329739693312	/atg/dynamo/servlet/pagecompile/ExtendedJhtmlPageProcessor	Processing /atg/commerce/admin/en/dcs-home.jhtml to C:\AE10\ATG10.0.3\home\servers\commprod\pagebuild\_dcsadmin_3\_atg\_commerce\_admin\_en\_dcs_shome.java
**** info	Mon Feb 20 17:38:13 IST 2012	1329739693343	/atg/dynamo/servlet/pagecompile/ExtendedJhtmlPageProcessor	Compiling C:\AE10\ATG10.0.3\home\servers\commprod\pagebuild\_dcsadmin_3\_atg\_commerce\_admin\_en\_dcs_shome.java
**** info	Mon Feb 20 17:38:14 IST 2012	1329739694906	/atg/dynamo/servlet/pagecompile/ExtendedJhtmlPageProcessor	Processing /atg/store/admin/en/store-home.jhtml to C:\AE10\ATG10.0.3\home\servers\commprod\pagebuild\_C_003a_3\_AE10\_ATG10_x0_x3\_MyStore\_EStore\_admin\_atg\_store\_admin\_en\_store_shome.java
**** info	Mon Feb 20 17:38:14 IST 2012	1329739694953	/atg/dynamo/servlet/pagecompile/ExtendedJhtmlPageProcessor	Compiling C:\AE10\ATG10.0.3\home\servers\commprod\pagebuild\_C_003a_3\_AE10\_ATG10_x0_x3\_MyStore\_EStore\_admin\_atg\_store\_admin\_en\_store_shome.java
**** info	Mon Feb 20 17:38:23 IST 2012	1329739703484	/atg/dynamo/security/ComponentSecurityDomain	Registered ComponentSecurityDomain with the /atg/registry/SecurityDomains registry
**** info	Mon Feb 20 17:38:38 IST 2012	1329739718906	/atg/dynamo/server/SQLRepositoryEventServer	Service /atg/dynamo/server/SQLRepositoryEventServer listening at http://vamsoft-srini:3509/
**** info	Mon Feb 20 17:44:40 IST 2012	1329740080421	/atg/dynamo/servlet/pagecompile/ExtendedJhtmlPageProcessor	Processing /atg/dynamo/admin/en/start-acc.jhtml to C:\AE10\ATG10.0.3\home\servers\commprod\pagebuild\_dasadmin_3\_atg\_dynamo\_admin\_en\_start_sacc.java
**** info	Mon Feb 20 17:44:40 IST 2012	1329740080890	/atg/dynamo/servlet/pagecompile/ExtendedJhtmlPageProcessor	Compiling C:\AE10\ATG10.0.3\home\servers\commprod\pagebuild\_dasadmin_3\_atg\_dynamo\_admin\_en\_start_sacc.java
**** info	Mon Feb 20 17:45:08 IST 2012	1329740108937	/atg/devtools/SessionLogger	ACC user admin connected from 127.0.0.1
**** info	Mon Feb 20 17:45:09 IST 2012	1329740109718	/atg/devtools/DevSessionManager/_1/atg/devtools/ComponentAgent	Requested URL: http://localhost:8180/dyn/init-session returned sessionid=55BE471A73EFA392C40B2E502D93B3C8 and url session id=null
**** info	Mon Feb 20 17:48:57 IST 2012	1329740337593	/atg/devtools/SessionLogger	ACC user admin connected from 127.0.0.1
**** info	Mon Feb 20 17:49:12 IST 2012	1329740352640	/atg/devtools/DevSessionManager/_3/atg/devtools/ComponentAgent	Requested URL: http://localhost:8180/dyn/init-session returned sessionid=96CAFCA0EC1F0342F37209A3AA24CA09 and url session id=null
**** info	Mon Feb 20 18:25:09 IST 2012	1329742509609	/atg/epub/file/ConfigFileSystem	journaling file system stopped
**** info	Mon Feb 20 18:25:11 IST 2012	1329742511609	/atg/reporting/ChartTemplateScheduler	DSS Template scheduler stopped
**** info	Mon Feb 20 18:25:11 IST 2012	1329742511609	/atg/reporting/md/DatasetDomain	Domain service stopped
**** info	Mon Feb 20 18:25:11 IST 2012	1329742511609	/atg/commerce/fulfillment/FulfillmentPipelineManager	Stopping PipelineManager.
**** info	Mon Feb 20 18:25:11 IST 2012	1329742511609	/atg/commerce/PipelineManager	Stopping PipelineManager.
**** info	Mon Feb 20 18:25:11 IST 2012	1329742511609	/atg/commerce/payment/PaymentPipelineManager	Stopping PipelineManager.
**** info	Mon Feb 20 18:25:11 IST 2012	1329742511609	/atg/dynamo/security/ComponentSecurityDomain	Unregistered ComponentSecurityDomain with the /atg/registry/SecurityDomains registry
**** info	Mon Feb 20 18:25:17 IST 2012	1329742517687	/atg/dynamo/service/Scheduler	Scheduler shutting down.
**** info	Mon Feb 20 18:25:17 IST 2012	1329742517703	/atg/dynamo/service/Scheduler	Scheduler stopped.
**** info	Tue Feb 21 09:09:46 IST 2012	1329795586718	/atg/dynamo/service/logging/ScreenLog	Using external info logging for Nucleus debug and trace messages to prevent hidden Nucleus logging. Set the Nucleus /atg/dynamo/service/logging/ScreenLog.useInfoForDebug property to false to use external logging debug and trace instead.
**** info	Tue Feb 21 09:09:57 IST 2012	1329795597171	/atg/commerce/pricing/priceLists/PriceLists	SQL Repository startup complete
**** info	Tue Feb 21 09:09:57 IST 2012	1329795597859	/atg/multisite/SiteRepository	SQL Repository startup complete
**** info	Tue Feb 21 09:09:58 IST 2012	1329795598062	/atg/commerce/catalog/ProductCatalog	SQL Repository startup complete
**** info	Tue Feb 21 09:09:58 IST 2012	1329795598531	/atg/commerce/pricing/Promotions	Resolving reference to /atg/commerce/catalog/ProductCatalog
**** info	Tue Feb 21 09:09:58 IST 2012	1329795598640	/atg/commerce/gifts/Giftlists	SQL Repository startup complete
**** info	Tue Feb 21 09:09:58 IST 2012	1329795598796	/atg/store/stores/StoreRepository	SQL Repository startup complete
**** info	Tue Feb 21 09:09:59 IST 2012	1329795599000	/atg/userprofiling/ProfileAdapterRepository	SQL Repository startup complete
**** info	Tue Feb 21 09:10:00 IST 2012	1329795600171	/atg/dynamo/security/AdminSqlRepository	SQL Repository startup complete
**** info	Tue Feb 21 09:10:00 IST 2012	1329795600171	/atg/dynamo/security/AdminAccountInitializer	Initializing account database /atg/dynamo/security/AdminAccountManager from /atg/dynamo/security/SimpleXmlUserAuthority
**** info	Tue Feb 21 09:10:10 IST 2012	1329795610937	/atg/commerce/PipelineManager	Starting PipelineManager.
**** info	Tue Feb 21 09:10:20 IST 2012	1329795620078	/atg/commerce/claimable/ClaimableRepository	SQL Repository startup complete
**** info	Tue Feb 21 09:10:21 IST 2012	1329795621734	/atg/commerce/payment/PaymentPipelineManager	Starting PipelineManager.
**** info	Tue Feb 21 09:10:24 IST 2012	1329795624625	/atg/commerce/pricing/ItemPricingEngine	Pricing Engine starting up
**** info	Tue Feb 21 09:10:25 IST 2012	1329795625859	/atg/commerce/order/OrderRepository	SQL Repository startup complete
**** info	Tue Feb 21 09:10:26 IST 2012	1329795626500	/atg/commerce/pricing/OrderPricingEngine	Pricing Engine starting up
**** info	Tue Feb 21 09:10:27 IST 2012	1329795627078	/atg/commerce/pricing/TaxPricingEngine	Pricing Engine starting up
**** info	Tue Feb 21 09:10:27 IST 2012	1329795627171	/atg/commerce/pricing/ShippingPricingEngine	Pricing Engine starting up
**** info	Tue Feb 21 09:10:27 IST 2012	1329795627406	/atg/commerce/inventory/InventoryRepository	SQL Repository startup complete
**** info	Tue Feb 21 09:10:29 IST 2012	1329795629328	/atg/commerce/fulfillment/FulfillmentPipelineManager	Starting PipelineManager.
**** info	Tue Feb 21 09:11:39 IST 2012	1329795699000	/atg/dynamo/service/logging/ScreenLog	Using external info logging for Nucleus debug and trace messages to prevent hidden Nucleus logging. Set the Nucleus /atg/dynamo/service/logging/ScreenLog.useInfoForDebug property to false to use external logging debug and trace instead.
**** info	Tue Feb 21 09:11:47 IST 2012	1329795707312	/atg/commerce/pricing/priceLists/PriceLists	SQL Repository startup complete
**** info	Tue Feb 21 09:11:47 IST 2012	1329795707406	/atg/multisite/SiteRepository	SQL Repository startup complete
**** info	Tue Feb 21 09:11:47 IST 2012	1329795707500	/atg/commerce/catalog/ProductCatalog	SQL Repository startup complete
**** info	Tue Feb 21 09:11:47 IST 2012	1329795707937	/atg/commerce/pricing/Promotions	Resolving reference to /atg/commerce/catalog/ProductCatalog
**** info	Tue Feb 21 09:11:48 IST 2012	1329795708031	/atg/commerce/gifts/Giftlists	SQL Repository startup complete
**** info	Tue Feb 21 09:11:48 IST 2012	1329795708156	/atg/store/stores/StoreRepository	SQL Repository startup complete
**** info	Tue Feb 21 09:11:48 IST 2012	1329795708328	/atg/userprofiling/ProfileAdapterRepository	SQL Repository startup complete
**** info	Tue Feb 21 09:11:49 IST 2012	1329795709468	/atg/dynamo/security/AdminSqlRepository	SQL Repository startup complete
**** info	Tue Feb 21 09:11:49 IST 2012	1329795709468	/atg/dynamo/security/AdminAccountInitializer	Initializing account database /atg/dynamo/security/AdminAccountManager from /atg/dynamo/security/SimpleXmlUserAuthority
**** info	Tue Feb 21 09:13:50 IST 2012	1329795830984	/atg/dynamo/service/logging/ScreenLog	Using external info logging for Nucleus debug and trace messages to prevent hidden Nucleus logging. Set the Nucleus /atg/dynamo/service/logging/ScreenLog.useInfoForDebug property to false to use external logging debug and trace instead.
**** info	Tue Feb 21 09:14:00 IST 2012	1329795840093	/atg/commerce/pricing/priceLists/PriceLists	SQL Repository startup complete
**** info	Tue Feb 21 09:14:00 IST 2012	1329795840203	/atg/multisite/SiteRepository	SQL Repository startup complete
**** info	Tue Feb 21 09:14:00 IST 2012	1329795840281	/atg/commerce/catalog/ProductCatalog	SQL Repository startup complete
**** info	Tue Feb 21 09:14:00 IST 2012	1329795840703	/atg/commerce/pricing/Promotions	Resolving reference to /atg/commerce/catalog/ProductCatalog
**** info	Tue Feb 21 09:14:01 IST 2012	1329795841000	/atg/commerce/gifts/Giftlists	SQL Repository startup complete
**** info	Tue Feb 21 09:14:01 IST 2012	1329795841140	/atg/store/stores/StoreRepository	SQL Repository startup complete
**** info	Tue Feb 21 09:14:01 IST 2012	1329795841421	/atg/userprofiling/ProfileAdapterRepository	SQL Repository startup complete
**** info	Tue Feb 21 09:14:02 IST 2012	1329795842750	/atg/dynamo/security/AdminSqlRepository	SQL Repository startup complete
**** info	Tue Feb 21 09:14:02 IST 2012	1329795842750	/atg/dynamo/security/AdminAccountInitializer	Initializing account database /atg/dynamo/security/AdminAccountManager from /atg/dynamo/security/SimpleXmlUserAuthority
**** info	Tue Feb 21 09:14:11 IST 2012	1329795851609	/atg/commerce/PipelineManager	Starting PipelineManager.
**** info	Tue Feb 21 09:14:18 IST 2012	1329795858859	/atg/commerce/claimable/ClaimableRepository	SQL Repository startup complete
**** info	Tue Feb 21 09:14:20 IST 2012	1329795860484	/atg/commerce/payment/PaymentPipelineManager	Starting PipelineManager.
**** info	Tue Feb 21 09:14:22 IST 2012	1329795862390	/atg/commerce/pricing/ItemPricingEngine	Pricing Engine starting up
**** info	Tue Feb 21 09:14:22 IST 2012	1329795862953	/atg/commerce/order/OrderRepository	SQL Repository startup complete
**** info	Tue Feb 21 09:14:23 IST 2012	1329795863390	/atg/commerce/pricing/OrderPricingEngine	Pricing Engine starting up
**** info	Tue Feb 21 09:14:23 IST 2012	1329795863953	/atg/commerce/pricing/TaxPricingEngine	Pricing Engine starting up
**** info	Tue Feb 21 09:14:24 IST 2012	1329795864062	/atg/commerce/pricing/ShippingPricingEngine	Pricing Engine starting up
**** info	Tue Feb 21 09:14:24 IST 2012	1329795864343	/atg/commerce/inventory/InventoryRepository	SQL Repository startup complete
**** info	Tue Feb 21 09:14:24 IST 2012	1329795864875	/atg/commerce/fulfillment/FulfillmentPipelineManager	Starting PipelineManager.
**** info	Tue Feb 21 09:14:27 IST 2012	1329795867437	/atg/content/media/MediaRepository	SQL Repository startup complete
**** info	Tue Feb 21 09:14:27 IST 2012	1329795867484	/atg/userprofiling/PersonalizationRepository	SQL Repository startup complete
**** info	Tue Feb 21 09:14:30 IST 2012	1329795870390	/atg/sitemap/SitemapRepository	SQL Repository startup complete
**** info	Tue Feb 21 09:14:30 IST 2012	1329795870890	/atg/dynamo/server/RmiServer	Service /atg/dynamo/server/RmiServer listening at rmi://vamsoft-srini:8160/
**** info	Tue Feb 21 09:14:31 IST 2012	1329795871406	/atg/dynamo/service/jdbc/SQLRepository	SQL Repository startup complete
**** info	Tue Feb 21 09:14:32 IST 2012	1329795872609	/atg/scenario/XrefParserManager	XrefParserManager startup complete
**** info	Tue Feb 21 09:14:35 IST 2012	1329795875531	/atg/scenario/ScenarioManager	Initializing Process Editor Server localhost:8150
**** info	Tue Feb 21 09:14:38 IST 2012	1329795878140	/atg/userprofiling/sso/PassportAuthorityService	Starting passport authority service
**** info	Tue Feb 21 09:14:38 IST 2012	1329795878406	/atg/scenario/CollectiveEmailSender	Resolving reference to /atg/userprofiling/email/TemplateEmailSender
**** info	Tue Feb 21 09:14:39 IST 2012	1329795879015	/atg/reporting/DatasetRecorderManager	Validating all dataset mappers
**** info	Tue Feb 21 09:14:42 IST 2012	1329795882000	/atg/commerce/order/abandoned/AbandonedOrderLogRepository	SQL Repository startup complete
**** info	Tue Feb 21 09:14:49 IST 2012	1329795889796	/atg/dynamo/service/ServerLockManager	Service /atg/dynamo/service/ServerLockManager listening at http://vamsoft-srini:9012/
**** info	Tue Feb 21 09:14:51 IST 2012	1329795891421	/atg/registry/PipelineRegistry	Starting Pipeline Registry.
**** info	Tue Feb 21 09:14:52 IST 2012	1329795892625	/atg/reporting/md/DatasetDomain	Domain service started
**** info	Tue Feb 21 09:14:52 IST 2012	1329795892734	/atg/reporting/ChartTemplateScheduler	DSS Template scheduler started
**** info	Tue Feb 21 09:14:53 IST 2012	1329795893406	/atg/epub/file/ConfigFileSystem	journaling file system started: vfs=file:/C:/AE10/ATG10.0.3/home/servers/commprod/PublishingAgent/deploymentconfig/live/config/ journalDirectory=C:\AE10\ATG10.0.3\home\servers\commprod\PublishingAgent\deploymentconfig\data\config
**** info	Tue Feb 21 09:14:54 IST 2012	1329795894828	/atg/web/viewmapping/ViewMappingRepository	SQL Repository startup complete
**** info	Tue Feb 21 09:14:54 IST 2012	1329795894828	/atg/commerce/catalog/CatalogChangesListener	Resolving reference to /atg/commerce/catalog/custom/CatalogChangesListener
**** info	Tue Feb 21 09:15:40 IST 2012	1329795940281	/atg/dynamo/servlet/adminpipeline/AuthenticationServlet	HTML admin authentication failure from 127.0.0.1(/dyn/admin)
**** info	Tue Feb 21 09:15:54 IST 2012	1329795954843	/atg/dynamo/servlet/adminpipeline/Authenticator	Authenticator allowing access for administrators-group.
**** info	Tue Feb 21 09:16:13 IST 2012	1329795973937	/atg/devtools/SessionLogger	ACC user admin connected from 127.0.0.1
**** info	Tue Feb 21 09:16:14 IST 2012	1329795974625	/atg/dynamo/security/ComponentSecurityDomain	Registered ComponentSecurityDomain with the /atg/registry/SecurityDomains registry
**** info	Tue Feb 21 09:16:15 IST 2012	1329795975515	/atg/devtools/DevSessionManager/_1/atg/devtools/ComponentAgent	Requested URL: http://localhost:8180/dyn/init-session returned sessionid=0934E6DDADDB78E4CA982A00E73E2BF4 and url session id=null
**** info	Tue Feb 21 09:16:55 IST 2012	1329796015875	/atg/seo/SEORepository	SQL Repository startup complete
**** info	Tue Feb 21 09:17:42 IST 2012	1329796062406	/atg/dynamo/server/SQLRepositoryEventServer	Service /atg/dynamo/server/SQLRepositoryEventServer listening at http://vamsoft-srini:1278/
**** info	Tue Feb 21 10:45:46 IST 2012	1329801346406	/atg/devtools/ArchiveDirectoryCache	Finished Updating J2EE Application Cache
**** info	Tue Feb 21 14:40:49 IST 2012	1329815449562	/atg/dynamo/servlet/adminpipeline/AuthenticationServlet	HTML admin authentication failure from 127.0.0.1(/dyn/admin/)
**** info	Tue Feb 21 15:13:35 IST 2012	1329817415250	/atg/dynamo/service/logging/ScreenLog	Using external info logging for Nucleus debug and trace messages to prevent hidden Nucleus logging. Set the Nucleus /atg/dynamo/service/logging/ScreenLog.useInfoForDebug property to false to use external logging debug and trace instead.
**** info	Tue Feb 21 15:13:45 IST 2012	1329817425484	/atg/commerce/pricing/priceLists/PriceLists	SQL Repository startup complete
**** info	Tue Feb 21 15:13:45 IST 2012	1329817425687	/atg/multisite/SiteRepository	SQL Repository startup complete
**** info	Tue Feb 21 15:13:45 IST 2012	1329817425843	/atg/commerce/catalog/ProductCatalog	SQL Repository startup complete
**** info	Tue Feb 21 15:13:46 IST 2012	1329817426390	/atg/commerce/pricing/Promotions	Resolving reference to /atg/commerce/catalog/ProductCatalog
**** info	Tue Feb 21 15:13:46 IST 2012	1329817426625	/atg/commerce/gifts/Giftlists	SQL Repository startup complete
**** info	Tue Feb 21 15:13:46 IST 2012	1329817426781	/atg/store/stores/StoreRepository	SQL Repository startup complete
**** info	Tue Feb 21 15:13:46 IST 2012	1329817426968	/atg/userprofiling/ProfileAdapterRepository	SQL Repository startup complete
**** info	Tue Feb 21 15:13:48 IST 2012	1329817428453	/atg/dynamo/security/AdminSqlRepository	SQL Repository startup complete
**** info	Tue Feb 21 15:13:48 IST 2012	1329817428453	/atg/dynamo/security/AdminAccountInitializer	Initializing account database /atg/dynamo/security/AdminAccountManager from /atg/dynamo/security/SimpleXmlUserAuthority
**** info	Tue Feb 21 15:13:58 IST 2012	1329817438750	/atg/commerce/PipelineManager	Starting PipelineManager.
**** info	Tue Feb 21 15:14:07 IST 2012	1329817447406	/atg/commerce/claimable/ClaimableRepository	SQL Repository startup complete
**** info	Tue Feb 21 15:14:09 IST 2012	1329817449703	/atg/commerce/payment/PaymentPipelineManager	Starting PipelineManager.
**** info	Tue Feb 21 15:14:11 IST 2012	1329817451843	/atg/commerce/pricing/ItemPricingEngine	Pricing Engine starting up
**** info	Tue Feb 21 15:14:12 IST 2012	1329817452484	/atg/commerce/order/OrderRepository	SQL Repository startup complete
**** info	Tue Feb 21 15:14:12 IST 2012	1329817452937	/atg/commerce/pricing/OrderPricingEngine	Pricing Engine starting up
**** info	Tue Feb 21 15:14:13 IST 2012	1329817453546	/atg/commerce/pricing/TaxPricingEngine	Pricing Engine starting up
**** info	Tue Feb 21 15:14:13 IST 2012	1329817453656	/atg/commerce/pricing/ShippingPricingEngine	Pricing Engine starting up
**** info	Tue Feb 21 15:14:14 IST 2012	1329817454031	/atg/commerce/inventory/InventoryRepository	SQL Repository startup complete
**** info	Tue Feb 21 15:14:14 IST 2012	1329817454703	/atg/commerce/fulfillment/FulfillmentPipelineManager	Starting PipelineManager.
**** info	Tue Feb 21 15:14:16 IST 2012	1329817456953	/atg/content/media/MediaRepository	SQL Repository startup complete
**** info	Tue Feb 21 15:14:17 IST 2012	1329817457000	/atg/userprofiling/PersonalizationRepository	SQL Repository startup complete
**** info	Tue Feb 21 15:14:20 IST 2012	1329817460328	/atg/sitemap/SitemapRepository	SQL Repository startup complete
**** info	Tue Feb 21 15:14:20 IST 2012	1329817460843	/atg/dynamo/server/RmiServer	Service /atg/dynamo/server/RmiServer listening at rmi://vamsoft-srini:8160/
**** info	Tue Feb 21 15:14:21 IST 2012	1329817461281	/atg/dynamo/service/jdbc/SQLRepository	SQL Repository startup complete
**** info	Tue Feb 21 15:14:22 IST 2012	1329817462515	/atg/scenario/XrefParserManager	XrefParserManager startup complete
**** info	Tue Feb 21 15:14:24 IST 2012	1329817464906	/atg/scenario/ScenarioManager	Initializing Process Editor Server localhost:8150
**** info	Tue Feb 21 15:14:27 IST 2012	1329817467437	/atg/userprofiling/sso/PassportAuthorityService	Starting passport authority service
**** info	Tue Feb 21 15:14:27 IST 2012	1329817467625	/atg/scenario/CollectiveEmailSender	Resolving reference to /atg/userprofiling/email/TemplateEmailSender
**** info	Tue Feb 21 15:14:28 IST 2012	1329817468156	/atg/reporting/DatasetRecorderManager	Validating all dataset mappers
**** info	Tue Feb 21 15:14:30 IST 2012	1329817470718	/atg/commerce/order/abandoned/AbandonedOrderLogRepository	SQL Repository startup complete
**** info	Tue Feb 21 15:14:38 IST 2012	1329817478312	/atg/dynamo/service/ServerLockManager	Service /atg/dynamo/service/ServerLockManager listening at http://vamsoft-srini:9012/
**** info	Tue Feb 21 15:14:39 IST 2012	1329817479953	/atg/registry/PipelineRegistry	Starting Pipeline Registry.
**** info	Tue Feb 21 15:14:41 IST 2012	1329817481062	/atg/reporting/md/DatasetDomain	Domain service started
**** info	Tue Feb 21 15:14:41 IST 2012	1329817481140	/atg/reporting/ChartTemplateScheduler	DSS Template scheduler started
**** info	Tue Feb 21 15:14:41 IST 2012	1329817481625	/atg/epub/file/ConfigFileSystem	journaling file system started: vfs=file:/C:/AE10/ATG10.0.3/home/servers/commprod/PublishingAgent/deploymentconfig/live/config/ journalDirectory=C:\AE10\ATG10.0.3\home\servers\commprod\PublishingAgent\deploymentconfig\data\config
**** info	Tue Feb 21 15:14:42 IST 2012	1329817482546	/atg/web/viewmapping/ViewMappingRepository	SQL Repository startup complete
**** info	Tue Feb 21 15:14:42 IST 2012	1329817482546	/atg/commerce/catalog/CatalogChangesListener	Resolving reference to /atg/commerce/catalog/custom/CatalogChangesListener
**** info	Tue Feb 21 15:15:54 IST 2012	1329817554750	/atg/dynamo/servlet/adminpipeline/Authenticator	Authenticator allowing access for administrators-group.
**** info	Tue Feb 21 15:15:56 IST 2012	1329817556359	/atg/dynamo/server/SQLRepositoryEventServer	Service /atg/dynamo/server/SQLRepositoryEventServer listening at http://vamsoft-srini:3319/
**** info	Tue Feb 21 16:45:33 IST 2012	1329822933765	/atg/devtools/ArchiveDirectoryCache	Finished Updating J2EE Application Cache
**** info	Tue Feb 21 17:40:58 IST 2012	1329826258312	/atg/commerce/catalog/CatalogMaintenanceService	Resolving reference to /atg/commerce/catalog/custom/CatalogMaintenanceService
**** info	Tue Feb 21 17:41:03 IST 2012	1329826263781	/atg/seo/SEORepository	SQL Repository startup complete
**** info	Tue Feb 21 17:41:51 IST 2012	1329826311546	/atg/commerce/catalog/custom/CatalogMaintenanceService	Service CatalogMaintenance - processing functions: AGS_GENPROPERTIES 
**** info	Tue Feb 21 17:41:51 IST 2012	1329826311578	/atg/commerce/catalog/custom/CatalogMaintenanceService	Service Lock CatalogMaintenance obtained for service CatalogMaintenance.
**** info	Tue Feb 21 17:41:51 IST 2012	1329826311578	/atg/commerce/catalog/custom/AncestorGeneratorService	Service AncestorGenerator - processing functions: AGS_GENPROPERTIES 
**** info	Tue Feb 21 17:41:51 IST 2012	1329826311578	/atg/commerce/catalog/custom/AncestorGeneratorService	TreeWalkUpdateService:performService starting.
**** info	Tue Feb 21 17:41:51 IST 2012	1329826311593	/atg/commerce/catalog/custom/AncestorGeneratorService	Update Catalogs: started at Tue Feb 21 17:41:51 IST 2012
**** info	Tue Feb 21 17:41:51 IST 2012	1329826311609	/atg/commerce/catalog/custom/AncestorGeneratorService	Executing count queries for base catalogs, categories and folders.
**** info	Tue Feb 21 17:41:52 IST 2012	1329826312140	/atg/commerce/catalog/custom/AncestorGeneratorService	TreeWalkUpdateService:processTree starting to process base catalogs.
**** info	Tue Feb 21 17:41:52 IST 2012	1329826312140	/atg/commerce/catalog/custom/AncestorGeneratorService	TreeWalkUpdateService:processTree ended processing of base catalogs.
**** info	Tue Feb 21 17:41:52 IST 2012	1329826312171	/atg/commerce/catalog/custom/AncestorGeneratorService	TreeWalkUpdateService:processTree starting to process base categories.
**** info	Tue Feb 21 17:41:54 IST 2012	1329826314015	/atg/commerce/catalog/custom/AncestorGeneratorService	TreeWalkUpdateService:processTree ended processing base categories.
**** info	Tue Feb 21 17:41:54 IST 2012	1329826314031	/atg/commerce/catalog/custom/AncestorGeneratorService	TreeWalkUpdateService:processTree starting to process base catalog folders.
**** info	Tue Feb 21 17:41:54 IST 2012	1329826314031	/atg/commerce/catalog/custom/AncestorGeneratorService	TreeWalkUpdateService:processTree ended processing of base catalog folders.
**** info	Tue Feb 21 17:41:54 IST 2012	1329826314031	/atg/commerce/catalog/custom/AncestorGeneratorService	TreeWalkUpdateService:processTree starting to update repository for catalogs and categories.
**** info	Tue Feb 21 17:41:56 IST 2012	1329826316234	/atg/commerce/catalog/custom/AncestorGeneratorService	TreeWalkUpdateService:processTree update to repository ended for catalogs and categories.
**** info	Tue Feb 21 17:41:56 IST 2012	1329826316234	/atg/commerce/catalog/custom/AncestorGeneratorService	TreeWalkUpdateService:processTree starting to update repository for products and skus.
**** info	Tue Feb 21 17:41:56 IST 2012	1329826316250	/atg/commerce/catalog/custom/AncestorGeneratorService	updateProducts: starting to process products.
**** info	Tue Feb 21 17:41:56 IST 2012	1329826316250	/atg/commerce/catalog/custom/AncestorGeneratorService	Product range builder loop
**** info	Tue Feb 21 17:41:56 IST 2012	1329826316250	/atg/commerce/catalog/custom/AncestorGeneratorService	Execution of rangebean query starting at:0 using query:all with starting index:0
**** info	Tue Feb 21 17:41:56 IST 2012	1329826316265	/atg/commerce/catalog/custom/AncestorGeneratorService	Execution of rangebean query completed.
**** info	Tue Feb 21 17:41:56 IST 2012	1329826316296	/atg/commerce/catalog/custom/AncestorGeneratorService	Creating UpdateProductRange object:missing_product - xprod2536
**** info	Tue Feb 21 17:41:56 IST 2012	1329826316296	/atg/commerce/catalog/custom/AncestorGeneratorService	Update thread started for range missing_product to xprod2536
**** info	Tue Feb 21 17:41:59 IST 2012	1329826319937	/atg/commerce/catalog/custom/AncestorGeneratorService	Finished update of data.
**** info	Tue Feb 21 17:41:59 IST 2012	1329826319984	/atg/commerce/catalog/custom/AncestorGeneratorService	updateProducts: finished processing product requests.
**** info	Tue Feb 21 17:41:59 IST 2012	1329826319984	/atg/commerce/catalog/custom/AncestorGeneratorService	updateSkus: starting to process skus.
**** info	Tue Feb 21 17:42:00 IST 2012	1329826320015	/atg/commerce/catalog/custom/AncestorGeneratorService	Sku range builder loop
**** info	Tue Feb 21 17:42:00 IST 2012	1329826320015	/atg/commerce/catalog/custom/AncestorGeneratorService	Execution of rangebean query starting at:0 using query:all with starting index:0
**** info	Tue Feb 21 17:42:00 IST 2012	1329826320015	/atg/commerce/catalog/custom/AncestorGeneratorService	Execution of rangebean query completed.
**** info	Tue Feb 21 17:42:00 IST 2012	1329826320031	/atg/commerce/catalog/custom/AncestorGeneratorService	Creating UpdateSkuRange object:missing_product_sku - xsku5016
**** info	Tue Feb 21 17:42:00 IST 2012	1329826320031	/atg/commerce/catalog/custom/AncestorGeneratorService	Sku Range calculation completed.
**** info	Tue Feb 21 17:42:00 IST 2012	1329826320031	/atg/commerce/catalog/custom/AncestorGeneratorService	Update thread started for range missing_product_sku to xsku5016
**** info	Tue Feb 21 17:42:17 IST 2012	1329826337343	/atg/commerce/catalog/custom/AncestorGeneratorService	Finished update of data.
**** info	Tue Feb 21 17:42:17 IST 2012	1329826337453	/atg/commerce/catalog/custom/AncestorGeneratorService	updateSkus: finished thread.
**** info	Tue Feb 21 17:42:17 IST 2012	1329826337453	/atg/commerce/catalog/custom/AncestorGeneratorService	updateSkus: finished processing skus.
**** info	Tue Feb 21 17:42:17 IST 2012	1329826337453	/atg/commerce/catalog/custom/AncestorGeneratorService	TreeWalkUpdateService:processTree update to repository ended for products and skus.
**** info	Tue Feb 21 17:42:17 IST 2012	1329826337453	/atg/commerce/catalog/custom/AncestorGeneratorService	Update Catalogs: ended at Tue Feb 21 17:42:17 IST 2012
**** info	Tue Feb 21 17:42:17 IST 2012	1329826337453	/atg/commerce/catalog/custom/AncestorGeneratorService	Update Catalogs: total processing time is seconds: 25
**** info	Tue Feb 21 17:42:17 IST 2012	1329826337453	/atg/commerce/catalog/custom/AncestorGeneratorService	TreeWalkUpdateService:performService finished in 25 seconds.
**** info	Tue Feb 21 17:42:17 IST 2012	1329826337453	/atg/commerce/catalog/custom/CatalogMaintenanceService	Service Lock CatalogMaintenance released for service CatalogMaintenance.
**** info	Tue Feb 21 18:05:09 IST 2012	1329827709203	/atg/epub/file/ConfigFileSystem	journaling file system stopped
**** info	Tue Feb 21 18:06:53 IST 2012	1329827813140	/atg/dynamo/service/logging/ScreenLog	Using external info logging for Nucleus debug and trace messages to prevent hidden Nucleus logging. Set the Nucleus /atg/dynamo/service/logging/ScreenLog.useInfoForDebug property to false to use external logging debug and trace instead.
**** info	Tue Feb 21 18:07:02 IST 2012	1329827822046	/atg/commerce/pricing/priceLists/PriceLists	SQL Repository startup complete
**** info	Tue Feb 21 18:07:02 IST 2012	1329827822171	/atg/multisite/SiteRepository	SQL Repository startup complete
**** info	Tue Feb 21 18:07:02 IST 2012	1329827822281	/atg/commerce/catalog/ProductCatalog	SQL Repository startup complete
**** info	Tue Feb 21 18:07:02 IST 2012	1329827822796	/atg/commerce/pricing/Promotions	Resolving reference to /atg/commerce/catalog/ProductCatalog
**** info	Tue Feb 21 18:07:02 IST 2012	1329827822921	/atg/commerce/gifts/Giftlists	SQL Repository startup complete
**** info	Tue Feb 21 18:07:03 IST 2012	1329827823109	/atg/store/stores/StoreRepository	SQL Repository startup complete
**** info	Tue Feb 21 18:07:03 IST 2012	1329827823328	/atg/userprofiling/ProfileAdapterRepository	SQL Repository startup complete
**** info	Tue Feb 21 18:07:04 IST 2012	1329827824625	/atg/dynamo/security/AdminSqlRepository	SQL Repository startup complete
**** info	Tue Feb 21 18:07:04 IST 2012	1329827824640	/atg/dynamo/security/AdminAccountInitializer	Initializing account database /atg/dynamo/security/AdminAccountManager from /atg/dynamo/security/SimpleXmlUserAuthority
**** info	Tue Feb 21 18:07:13 IST 2012	1329827833671	/atg/commerce/PipelineManager	Starting PipelineManager.
**** info	Tue Feb 21 18:07:20 IST 2012	1329827840687	/atg/commerce/claimable/ClaimableRepository	SQL Repository startup complete
**** info	Tue Feb 21 18:07:22 IST 2012	1329827842187	/atg/commerce/payment/PaymentPipelineManager	Starting PipelineManager.
**** info	Tue Feb 21 18:07:24 IST 2012	1329827844015	/atg/commerce/pricing/ItemPricingEngine	Pricing Engine starting up
**** info	Tue Feb 21 18:07:24 IST 2012	1329827844953	/atg/commerce/order/OrderRepository	SQL Repository startup complete
**** info	Tue Feb 21 18:07:25 IST 2012	1329827845468	/atg/commerce/pricing/OrderPricingEngine	Pricing Engine starting up
**** info	Tue Feb 21 18:07:26 IST 2012	1329827846062	/atg/commerce/pricing/TaxPricingEngine	Pricing Engine starting up
**** info	Tue Feb 21 18:07:26 IST 2012	1329827846171	/atg/commerce/pricing/ShippingPricingEngine	Pricing Engine starting up
**** info	Tue Feb 21 18:07:26 IST 2012	1329827846421	/atg/commerce/inventory/InventoryRepository	SQL Repository startup complete
**** info	Tue Feb 21 18:07:27 IST 2012	1329827847078	/atg/commerce/fulfillment/FulfillmentPipelineManager	Starting PipelineManager.
**** info	Tue Feb 21 18:07:29 IST 2012	1329827849437	/atg/content/media/MediaRepository	SQL Repository startup complete
**** info	Tue Feb 21 18:07:29 IST 2012	1329827849546	/atg/userprofiling/PersonalizationRepository	SQL Repository startup complete
**** info	Tue Feb 21 18:07:32 IST 2012	1329827852078	/atg/sitemap/SitemapRepository	SQL Repository startup complete
**** info	Tue Feb 21 18:07:32 IST 2012	1329827852421	/atg/dynamo/server/RmiServer	Service /atg/dynamo/server/RmiServer listening at rmi://vamsoft-srini:8160/
**** info	Tue Feb 21 18:07:32 IST 2012	1329827852875	/atg/dynamo/service/jdbc/SQLRepository	SQL Repository startup complete
**** info	Tue Feb 21 18:07:34 IST 2012	1329827854156	/atg/scenario/XrefParserManager	XrefParserManager startup complete
**** info	Tue Feb 21 18:07:36 IST 2012	1329827856718	/atg/scenario/ScenarioManager	Initializing Process Editor Server localhost:8150
**** info	Tue Feb 21 18:07:39 IST 2012	1329827859156	/atg/userprofiling/sso/PassportAuthorityService	Starting passport authority service
**** info	Tue Feb 21 18:07:39 IST 2012	1329827859437	/atg/scenario/CollectiveEmailSender	Resolving reference to /atg/userprofiling/email/TemplateEmailSender
**** info	Tue Feb 21 18:07:40 IST 2012	1329827860109	/atg/reporting/DatasetRecorderManager	Validating all dataset mappers
**** info	Tue Feb 21 18:07:42 IST 2012	1329827862734	/atg/commerce/order/abandoned/AbandonedOrderLogRepository	SQL Repository startup complete
**** info	Tue Feb 21 18:07:51 IST 2012	1329827871312	/atg/dynamo/service/ServerLockManager	Service /atg/dynamo/service/ServerLockManager listening at http://vamsoft-srini:9012/
**** info	Tue Feb 21 18:07:52 IST 2012	1329827872671	/atg/registry/PipelineRegistry	Starting Pipeline Registry.
**** info	Tue Feb 21 18:07:53 IST 2012	1329827873750	/atg/reporting/md/DatasetDomain	Domain service started
**** info	Tue Feb 21 18:07:53 IST 2012	1329827873843	/atg/reporting/ChartTemplateScheduler	DSS Template scheduler started
**** info	Tue Feb 21 18:07:54 IST 2012	1329827874390	/atg/epub/file/ConfigFileSystem	journaling file system started: vfs=file:/C:/AE10/ATG10.0.3/home/servers/commprod/PublishingAgent/deploymentconfig/live/config/ journalDirectory=C:\AE10\ATG10.0.3\home\servers\commprod\PublishingAgent\deploymentconfig\data\config
**** info	Tue Feb 21 18:07:55 IST 2012	1329827875421	/atg/web/viewmapping/ViewMappingRepository	SQL Repository startup complete
**** info	Tue Feb 21 18:07:55 IST 2012	1329827875531	/atg/commerce/catalog/CatalogChangesListener	Resolving reference to /atg/commerce/catalog/custom/CatalogChangesListener
**** info	Tue Feb 21 18:09:13 IST 2012	1329827953359	/atg/seo/SEORepository	SQL Repository startup complete
**** info	Tue Feb 21 18:09:15 IST 2012	1329827955906	/atg/dynamo/server/SQLRepositoryEventServer	Service /atg/dynamo/server/SQLRepositoryEventServer listening at http://vamsoft-srini:1948/
**** info	Wed Feb 22 09:06:45 IST 2012	1329881805671	/atg/dynamo/service/logging/ScreenLog	Using external info logging for Nucleus debug and trace messages to prevent hidden Nucleus logging. Set the Nucleus /atg/dynamo/service/logging/ScreenLog.useInfoForDebug property to false to use external logging debug and trace instead.
**** info	Wed Feb 22 09:06:55 IST 2012	1329881815062	/atg/commerce/pricing/priceLists/PriceLists	SQL Repository startup complete
**** info	Wed Feb 22 09:06:55 IST 2012	1329881815468	/atg/multisite/SiteRepository	SQL Repository startup complete
**** info	Wed Feb 22 09:06:55 IST 2012	1329881815578	/atg/commerce/catalog/ProductCatalog	SQL Repository startup complete
**** info	Wed Feb 22 09:06:56 IST 2012	1329881816078	/atg/commerce/pricing/Promotions	Resolving reference to /atg/commerce/catalog/ProductCatalog
**** info	Wed Feb 22 09:06:56 IST 2012	1329881816203	/atg/commerce/gifts/Giftlists	SQL Repository startup complete
**** info	Wed Feb 22 09:06:56 IST 2012	1329881816390	/atg/store/stores/StoreRepository	SQL Repository startup complete
**** info	Wed Feb 22 09:06:56 IST 2012	1329881816609	/atg/userprofiling/ProfileAdapterRepository	SQL Repository startup complete
**** info	Wed Feb 22 09:06:58 IST 2012	1329881818000	/atg/dynamo/security/AdminSqlRepository	SQL Repository startup complete
**** info	Wed Feb 22 09:06:58 IST 2012	1329881818000	/atg/dynamo/security/AdminAccountInitializer	Initializing account database /atg/dynamo/security/AdminAccountManager from /atg/dynamo/security/SimpleXmlUserAuthority
**** info	Wed Feb 22 09:07:07 IST 2012	1329881827687	/atg/commerce/PipelineManager	Starting PipelineManager.
**** info	Wed Feb 22 09:07:15 IST 2012	1329881835062	/atg/commerce/claimable/ClaimableRepository	SQL Repository startup complete
**** info	Wed Feb 22 09:07:16 IST 2012	1329881836734	/atg/commerce/payment/PaymentPipelineManager	Starting PipelineManager.
**** info	Wed Feb 22 09:07:18 IST 2012	1329881838640	/atg/commerce/pricing/ItemPricingEngine	Pricing Engine starting up
**** info	Wed Feb 22 09:07:19 IST 2012	1329881839656	/atg/commerce/order/OrderRepository	SQL Repository startup complete
**** info	Wed Feb 22 09:07:20 IST 2012	1329881840234	/atg/commerce/pricing/OrderPricingEngine	Pricing Engine starting up
**** info	Wed Feb 22 09:07:20 IST 2012	1329881840906	/atg/commerce/pricing/TaxPricingEngine	Pricing Engine starting up
**** info	Wed Feb 22 09:07:21 IST 2012	1329881841000	/atg/commerce/pricing/ShippingPricingEngine	Pricing Engine starting up
**** info	Wed Feb 22 09:07:21 IST 2012	1329881841296	/atg/commerce/inventory/InventoryRepository	SQL Repository startup complete
**** info	Wed Feb 22 09:07:21 IST 2012	1329881841906	/atg/commerce/fulfillment/FulfillmentPipelineManager	Starting PipelineManager.
**** info	Wed Feb 22 09:07:24 IST 2012	1329881844250	/atg/content/media/MediaRepository	SQL Repository startup complete
**** info	Wed Feb 22 09:07:24 IST 2012	1329881844312	/atg/userprofiling/PersonalizationRepository	SQL Repository startup complete
**** info	Wed Feb 22 09:07:27 IST 2012	1329881847171	/atg/sitemap/SitemapRepository	SQL Repository startup complete
**** info	Wed Feb 22 09:07:27 IST 2012	1329881847625	/atg/dynamo/server/RmiServer	Service /atg/dynamo/server/RmiServer listening at rmi://vamsoft-srini:8160/
**** info	Wed Feb 22 09:07:28 IST 2012	1329881848062	/atg/dynamo/service/jdbc/SQLRepository	SQL Repository startup complete
**** info	Wed Feb 22 09:07:29 IST 2012	1329881849281	/atg/scenario/XrefParserManager	XrefParserManager startup complete
**** info	Wed Feb 22 09:07:31 IST 2012	1329881851640	/atg/scenario/ScenarioManager	Initializing Process Editor Server localhost:8150
**** info	Wed Feb 22 09:07:34 IST 2012	1329881854250	/atg/userprofiling/sso/PassportAuthorityService	Starting passport authority service
**** info	Wed Feb 22 09:07:34 IST 2012	1329881854468	/atg/scenario/CollectiveEmailSender	Resolving reference to /atg/userprofiling/email/TemplateEmailSender
**** info	Wed Feb 22 09:07:35 IST 2012	1329881855078	/atg/reporting/DatasetRecorderManager	Validating all dataset mappers
**** info	Wed Feb 22 09:07:37 IST 2012	1329881857718	/atg/commerce/order/abandoned/AbandonedOrderLogRepository	SQL Repository startup complete
**** info	Wed Feb 22 09:07:46 IST 2012	1329881866093	/atg/dynamo/service/ServerLockManager	Service /atg/dynamo/service/ServerLockManager listening at http://vamsoft-srini:9012/
**** info	Wed Feb 22 09:07:47 IST 2012	1329881867625	/atg/registry/PipelineRegistry	Starting Pipeline Registry.
**** info	Wed Feb 22 09:07:48 IST 2012	1329881868781	/atg/reporting/md/DatasetDomain	Domain service started
**** info	Wed Feb 22 09:07:48 IST 2012	1329881868875	/atg/reporting/ChartTemplateScheduler	DSS Template scheduler started
**** info	Wed Feb 22 09:07:49 IST 2012	1329881869390	/atg/epub/file/ConfigFileSystem	journaling file system started: vfs=file:/C:/AE10/ATG10.0.3/home/servers/commprod/PublishingAgent/deploymentconfig/live/config/ journalDirectory=C:\AE10\ATG10.0.3\home\servers\commprod\PublishingAgent\deploymentconfig\data\config
**** info	Wed Feb 22 09:07:50 IST 2012	1329881870453	/atg/web/viewmapping/ViewMappingRepository	SQL Repository startup complete
**** info	Wed Feb 22 09:07:50 IST 2012	1329881870453	/atg/commerce/catalog/CatalogChangesListener	Resolving reference to /atg/commerce/catalog/custom/CatalogChangesListener
**** info	Wed Feb 22 10:38:25 IST 2012	1329887305718	/atg/devtools/ArchiveDirectoryCache	Finished Updating J2EE Application Cache
**** info	Wed Feb 22 11:39:41 IST 2012	1329890981578	/atg/dynamo/servlet/adminpipeline/AuthenticationServlet	HTML admin authentication failure from 127.0.0.1(/dyn/admin)
**** info	Wed Feb 22 11:39:42 IST 2012	1329890982984	/atg/dynamo/servlet/adminpipeline/Authenticator	Authenticator allowing access for administrators-group.
**** info	Wed Feb 22 11:39:58 IST 2012	1329890998734	/atg/devtools/SessionLogger	ACC user admin connected from 127.0.0.1
**** info	Wed Feb 22 11:39:59 IST 2012	1329890999484	/atg/dynamo/security/ComponentSecurityDomain	Registered ComponentSecurityDomain with the /atg/registry/SecurityDomains registry
**** info	Wed Feb 22 11:40:01 IST 2012	1329891001937	/atg/devtools/DevSessionManager/_1/atg/devtools/ComponentAgent	Requested URL: http://localhost:8180/dyn/init-session returned sessionid=334F578039D6407194CB7C495CA64997 and url session id=null
**** info	Wed Feb 22 14:32:16 IST 2012	1329901336546	/atg/seo/SEORepository	SQL Repository startup complete
**** info	Wed Feb 22 14:32:21 IST 2012	1329901341437	/atg/dynamo/server/SQLRepositoryEventServer	Service /atg/dynamo/server/SQLRepositoryEventServer listening at http://vamsoft-srini:1378/
**** info	Wed Feb 22 14:43:24 IST 2012	1329902004187	/atg/dynamo/servlet/pagecompile/ExtendedJhtmlPageProcessor	Processing /atg/dynamo/admin/en/admin-context.jhtml to C:\AE10\ATG10.0.3\home\servers\commprod\pagebuild\_dasadmin_3\_atg\_dynamo\_admin\_en\_admin_scontext.java
**** info	Wed Feb 22 14:43:26 IST 2012	1329902006812	/atg/dynamo/servlet/pagecompile/ExtendedJhtmlPageProcessor	Compiling C:\AE10\ATG10.0.3\home\servers\commprod\pagebuild\_dasadmin_3\_atg\_dynamo\_admin\_en\_admin_scontext.java
**** info	Wed Feb 22 15:07:17 IST 2012	1329903437062	/atg/commerce/payment/PaymentPipelineManager	Reinitializing PipelineManager from XML file.
**** info	Wed Feb 22 15:07:20 IST 2012	1329903440281	/atg/commerce/PipelineManager	Reinitializing PipelineManager from XML file.
**** info	Wed Feb 22 15:07:23 IST 2012	1329903443140	/atg/commerce/fulfillment/FulfillmentPipelineManager	Reinitializing PipelineManager from XML file.
**** info	Wed Feb 22 15:14:22 IST 2012	1329903862359	/atg/devtools/SessionLogger	ACC user admin connected from 127.0.0.1
**** info	Wed Feb 22 15:14:22 IST 2012	1329903862500	/atg/devtools/DevSessionManager/_2/atg/devtools/ComponentAgent	Requested URL: http://localhost:8180/dyn/init-session returned sessionid=06E2A8267AF325AA3C9603CA482542BF and url session id=null
**** info	Wed Feb 22 17:20:13 IST 2012	1329911413281	/atg/devtools/SessionLogger	ACC user admin connected from 127.0.0.1
**** info	Wed Feb 22 17:20:13 IST 2012	1329911413437	/atg/devtools/DevSessionManager/_3/atg/devtools/ComponentAgent	Requested URL: http://localhost:8180/dyn/init-session returned sessionid=327BB729DF299ABDD9817702374D421C and url session id=null
**** info	Wed Feb 22 18:16:56 IST 2012	1329914816781	/atg/epub/file/ConfigFileSystem	journaling file system stopped
**** info	Wed Feb 22 18:16:56 IST 2012	1329914816781	/atg/reporting/md/DatasetDomain	Domain service stopped
**** info	Wed Feb 22 18:16:56 IST 2012	1329914816781	/atg/reporting/ChartTemplateScheduler	DSS Template scheduler stopped
**** info	Wed Feb 22 18:16:56 IST 2012	1329914816781	/atg/dynamo/security/ComponentSecurityDomain	Unregistered ComponentSecurityDomain with the /atg/registry/SecurityDomains registry
**** info	Thu Feb 23 09:09:40 IST 2012	1329968380671	/atg/dynamo/service/logging/ScreenLog	Using external info logging for Nucleus debug and trace messages to prevent hidden Nucleus logging. Set the Nucleus /atg/dynamo/service/logging/ScreenLog.useInfoForDebug property to false to use external logging debug and trace instead.
**** info	Thu Feb 23 09:09:50 IST 2012	1329968390593	/atg/commerce/pricing/priceLists/PriceLists	SQL Repository startup complete
**** info	Thu Feb 23 09:09:51 IST 2012	1329968391593	/atg/multisite/SiteRepository	SQL Repository startup complete
**** info	Thu Feb 23 09:09:51 IST 2012	1329968391718	/atg/commerce/catalog/ProductCatalog	SQL Repository startup complete
**** info	Thu Feb 23 09:09:52 IST 2012	1329968392250	/atg/commerce/pricing/Promotions	Resolving reference to /atg/commerce/catalog/ProductCatalog
**** info	Thu Feb 23 09:09:52 IST 2012	1329968392437	/atg/commerce/gifts/Giftlists	SQL Repository startup complete
**** info	Thu Feb 23 09:09:52 IST 2012	1329968392609	/atg/store/stores/StoreRepository	SQL Repository startup complete
**** info	Thu Feb 23 09:09:52 IST 2012	1329968392812	/atg/userprofiling/ProfileAdapterRepository	SQL Repository startup complete
**** info	Thu Feb 23 09:09:54 IST 2012	1329968394125	/atg/dynamo/security/AdminSqlRepository	SQL Repository startup complete
**** info	Thu Feb 23 09:09:54 IST 2012	1329968394125	/atg/dynamo/security/AdminAccountInitializer	Initializing account database /atg/dynamo/security/AdminAccountManager from /atg/dynamo/security/SimpleXmlUserAuthority
**** info	Thu Feb 23 09:10:04 IST 2012	1329968404250	/atg/commerce/PipelineManager	Starting PipelineManager.
**** info	Thu Feb 23 09:10:11 IST 2012	1329968411843	/atg/commerce/claimable/ClaimableRepository	SQL Repository startup complete
**** info	Thu Feb 23 09:10:13 IST 2012	1329968413437	/atg/commerce/payment/PaymentPipelineManager	Starting PipelineManager.
**** info	Thu Feb 23 09:10:15 IST 2012	1329968415375	/atg/commerce/pricing/ItemPricingEngine	Pricing Engine starting up
**** info	Thu Feb 23 09:10:17 IST 2012	1329968417218	/atg/commerce/order/OrderRepository	SQL Repository startup complete
**** info	Thu Feb 23 09:10:17 IST 2012	1329968417687	/atg/commerce/pricing/OrderPricingEngine	Pricing Engine starting up
**** info	Thu Feb 23 09:10:18 IST 2012	1329968418281	/atg/commerce/pricing/TaxPricingEngine	Pricing Engine starting up
**** info	Thu Feb 23 09:10:18 IST 2012	1329968418375	/atg/commerce/pricing/ShippingPricingEngine	Pricing Engine starting up
**** info	Thu Feb 23 09:10:18 IST 2012	1329968418718	/atg/commerce/inventory/InventoryRepository	SQL Repository startup complete
**** info	Thu Feb 23 09:10:19 IST 2012	1329968419375	/atg/commerce/fulfillment/FulfillmentPipelineManager	Starting PipelineManager.
**** info	Thu Feb 23 09:10:22 IST 2012	1329968422031	/atg/content/media/MediaRepository	SQL Repository startup complete
**** info	Thu Feb 23 09:10:22 IST 2012	1329968422109	/atg/userprofiling/PersonalizationRepository	SQL Repository startup complete
**** info	Thu Feb 23 09:10:24 IST 2012	1329968424890	/atg/sitemap/SitemapRepository	SQL Repository startup complete
**** info	Thu Feb 23 09:10:25 IST 2012	1329968425328	/atg/dynamo/server/RmiServer	Service /atg/dynamo/server/RmiServer listening at rmi://vamsoft-srini:8160/
**** info	Thu Feb 23 09:10:25 IST 2012	1329968425875	/atg/dynamo/service/jdbc/SQLRepository	SQL Repository startup complete
**** info	Thu Feb 23 09:10:27 IST 2012	1329968427203	/atg/scenario/XrefParserManager	XrefParserManager startup complete
**** info	Thu Feb 23 09:10:29 IST 2012	1329968429890	/atg/scenario/ScenarioManager	Initializing Process Editor Server localhost:8150
**** info	Thu Feb 23 09:10:32 IST 2012	1329968432421	/atg/userprofiling/sso/PassportAuthorityService	Starting passport authority service
**** info	Thu Feb 23 09:10:32 IST 2012	1329968432671	/atg/scenario/CollectiveEmailSender	Resolving reference to /atg/userprofiling/email/TemplateEmailSender
**** info	Thu Feb 23 09:10:33 IST 2012	1329968433359	/atg/reporting/DatasetRecorderManager	Validating all dataset mappers
**** info	Thu Feb 23 09:10:36 IST 2012	1329968436218	/atg/commerce/order/abandoned/AbandonedOrderLogRepository	SQL Repository startup complete
**** info	Thu Feb 23 09:10:46 IST 2012	1329968446015	/atg/dynamo/service/ServerLockManager	Service /atg/dynamo/service/ServerLockManager listening at http://vamsoft-srini:9012/
**** info	Thu Feb 23 09:10:47 IST 2012	1329968447375	/atg/registry/PipelineRegistry	Starting Pipeline Registry.
**** info	Thu Feb 23 09:10:48 IST 2012	1329968448734	/atg/reporting/md/DatasetDomain	Domain service started
**** info	Thu Feb 23 09:10:48 IST 2012	1329968448828	/atg/reporting/ChartTemplateScheduler	DSS Template scheduler started
**** info	Thu Feb 23 09:10:49 IST 2012	1329968449437	/atg/epub/file/ConfigFileSystem	journaling file system started: vfs=file:/C:/AE10/ATG10.0.3/home/servers/commprod/PublishingAgent/deploymentconfig/live/config/ journalDirectory=C:\AE10\ATG10.0.3\home\servers\commprod\PublishingAgent\deploymentconfig\data\config
**** info	Thu Feb 23 09:10:50 IST 2012	1329968450609	/atg/web/viewmapping/ViewMappingRepository	SQL Repository startup complete
**** info	Thu Feb 23 09:10:50 IST 2012	1329968450625	/atg/commerce/catalog/CatalogChangesListener	Resolving reference to /atg/commerce/catalog/custom/CatalogChangesListener
**** info	Thu Feb 23 09:30:46 IST 2012	1329969646859	/atg/dynamo/servlet/adminpipeline/AuthenticationServlet	HTML admin authentication failure from 127.0.0.1(/dyn/admin)
**** info	Thu Feb 23 09:30:47 IST 2012	1329969647765	/atg/dynamo/servlet/adminpipeline/Authenticator	Authenticator allowing access for administrators-group.
**** info	Thu Feb 23 09:31:00 IST 2012	1329969660953	/atg/devtools/SessionLogger	ACC user admin connected from 127.0.0.1
**** info	Thu Feb 23 09:31:01 IST 2012	1329969661578	/atg/dynamo/security/ComponentSecurityDomain	Registered ComponentSecurityDomain with the /atg/registry/SecurityDomains registry
**** info	Thu Feb 23 09:31:02 IST 2012	1329969662343	/atg/devtools/DevSessionManager/_1/atg/devtools/ComponentAgent	Requested URL: http://localhost:8180/dyn/init-session returned sessionid=4D29C1DFADA811E392E5EEA3B544AC4F and url session id=null
**** info	Thu Feb 23 10:42:05 IST 2012	1329973925390	/atg/devtools/ArchiveDirectoryCache	Finished Updating J2EE Application Cache
**** info	Thu Feb 23 15:10:13 IST 2012	1329990013750	/atg/commerce/payment/PaymentPipelineManager	Reinitializing PipelineManager from XML file.
**** info	Thu Feb 23 15:10:17 IST 2012	1329990017734	/atg/commerce/PipelineManager	Reinitializing PipelineManager from XML file.
**** info	Thu Feb 23 15:10:20 IST 2012	1329990020828	/atg/commerce/fulfillment/FulfillmentPipelineManager	Reinitializing PipelineManager from XML file.
**** info	Thu Feb 23 16:57:11 IST 2012	1329996431140	/atg/dynamo/server/SQLRepositoryEventServer	Service /atg/dynamo/server/SQLRepositoryEventServer listening at http://vamsoft-srini:3350/
