**** info	Fri Feb 24 13:39:28 IST 2012	1330070968125	/atg/epub/version/VersionManagerRepository	SQL Repository startup complete
**** info	Fri Feb 24 13:39:28 IST 2012	1330070968296	/atg/dynamo/server/SQLRepositoryEventServer	Service /atg/dynamo/server/SQLRepositoryEventServer listening at http://vamsoft-srini:1946/
**** info	Fri Feb 24 13:39:28 IST 2012	1330070968406	/atg/seo/SEORepository-ver	SQL Repository startup complete
**** info	Fri Feb 24 13:39:28 IST 2012	1330070968406	/atg/seo/SEORepository	SQL Repository startup complete
**** info	Fri Feb 24 13:39:29 IST 2012	1330070969921	/atg/dynamo/server/SQLRepositoryEventServer_production	Service /atg/dynamo/server/SQLRepositoryEventServer_production listening at http://vamsoft-srini:1957/
**** info	Fri Feb 24 13:39:29 IST 2012	1330070969984	/atg/dynamo/service/jdbc/SQLRepository_production	SQL Repository startup complete
**** info	Fri Feb 24 13:39:30 IST 2012	1330070970187	/atg/commerce/pricing/Promotions_production	Resolving reference to /atg/commerce/catalog/ProductCatalog_production
**** info	Fri Feb 24 13:39:30 IST 2012	1330070970671	/atg/commerce/pricing/priceLists/PriceLists-ver	SQL Repository startup complete
**** info	Fri Feb 24 13:39:30 IST 2012	1330070970671	/atg/commerce/pricing/priceLists/PriceLists	SQL Repository startup complete
**** info	Fri Feb 24 13:39:30 IST 2012	1330070970859	/atg/multisite/SiteRepository-ver	SQL Repository startup complete
**** info	Fri Feb 24 13:39:30 IST 2012	1330070970906	/atg/multisite/SiteRepository	SQL Repository startup complete
**** info	Fri Feb 24 13:39:30 IST 2012	1330070970937	/atg/commerce/catalog/ProductCatalog_production	SQL Repository startup complete
**** info	Fri Feb 24 13:39:30 IST 2012	1330070970984	/atg/commerce/pricing/priceLists/PriceLists_production	SQL Repository startup complete
**** info	Fri Feb 24 13:39:31 IST 2012	1330070971046	/atg/commerce/gifts/Giftlists_production	SQL Repository startup complete
**** info	Fri Feb 24 13:39:31 IST 2012	1330070971125	/atg/userprofiling/ProfileAdapterRepository	SQL Repository startup complete
**** info	Fri Feb 24 13:39:31 IST 2012	1330070971484	/atg/commerce/catalog/ProductCatalog-ver	SQL Repository startup complete
**** info	Fri Feb 24 13:39:31 IST 2012	1330070971546	/atg/commerce/catalog/ProductCatalog	SQL Repository startup complete
**** info	Fri Feb 24 13:39:31 IST 2012	1330070971984	/atg/userprofiling/InternalProfileRepository	SQL Repository startup complete
**** info	Fri Feb 24 13:39:32 IST 2012	1330070972390	/atg/dynamo/security/AdminSqlRepository	SQL Repository startup complete
**** info	Fri Feb 24 13:39:32 IST 2012	1330070972406	/atg/dynamo/security/AdminAccountInitializer	Initializing account database /atg/dynamo/security/AdminAccountManager from /atg/dynamo/security/SimpleXmlUserAuthority
**** info	Fri Feb 24 13:39:34 IST 2012	1330070974453	/atg/commerce/pricing/Promotions	Resolving reference to /atg/commerce/catalog/ProductCatalog
**** info	Fri Feb 24 13:39:34 IST 2012	1330070974468	/atg/commerce/claimable/Claimable-ver	SQL Repository startup complete
**** info	Fri Feb 24 13:39:34 IST 2012	1330070974468	/atg/commerce/claimable/ClaimableRepository	SQL Repository startup complete
**** info	Fri Feb 24 13:39:34 IST 2012	1330070974531	/atg/store/stores/StoreRepository-ver	SQL Repository startup complete
**** info	Fri Feb 24 13:39:34 IST 2012	1330070974546	/atg/store/stores/StoreRepository	SQL Repository startup complete
**** info	Fri Feb 24 13:39:34 IST 2012	1330070974593	/atg/epub/process/ProcessData-ver	SQL Repository startup complete
**** info	Fri Feb 24 13:39:34 IST 2012	1330070974609	/atg/epub/process/ProcessDataRepository	SQL Repository startup complete
**** info	Fri Feb 24 13:39:34 IST 2012	1330070974718	/atg/epub/file/PublishingFiles-ver	SQL Repository startup complete
**** info	Fri Feb 24 13:39:34 IST 2012	1330070974765	/atg/epub/file/PublishingFileRepository	SQL Repository startup complete
**** info	Fri Feb 24 13:39:35 IST 2012	1330070975984	/atg/epub/PublishingRepository	SQL Repository startup complete
**** info	Fri Feb 24 13:39:37 IST 2012	1330070977562	/atg/dynamo/service/loader/SampleRepository	SQL Repository startup complete
**** info	Fri Feb 24 13:39:37 IST 2012	1330070977656	/atg/content/media/MediaRepository	SQL Repository startup complete
**** info	Fri Feb 24 13:39:37 IST 2012	1330070977703	/atg/userprofiling/PersonalizationRepository	SQL Repository startup complete
**** info	Fri Feb 24 13:39:37 IST 2012	1330070977750	/atg/commerce/inventory/InventoryRepository	SQL Repository startup complete
**** info	Fri Feb 24 13:39:38 IST 2012	1330070978296	/atg/commerce/order/OrderRepository	SQL Repository startup complete
**** info	Fri Feb 24 13:39:38 IST 2012	1330070978359	/atg/commerce/gifts/Giftlists	SQL Repository startup complete
**** info	Fri Feb 24 13:39:41 IST 2012	1330070981937	/atg/commerce/PipelineManager	Starting PipelineManager.
**** info	Fri Feb 24 13:39:44 IST 2012	1330070984484	/atg/commerce/payment/PaymentPipelineManager	Starting PipelineManager.
**** info	Fri Feb 24 13:39:45 IST 2012	1330070985203	/atg/commerce/pricing/ItemPricingEngine	Pricing Engine starting up
**** info	Fri Feb 24 13:39:45 IST 2012	1330070985500	/atg/commerce/pricing/OrderPricingEngine	Pricing Engine starting up
**** info	Fri Feb 24 13:39:45 IST 2012	1330070985890	/atg/commerce/pricing/TaxPricingEngine	Pricing Engine starting up
**** info	Fri Feb 24 13:39:45 IST 2012	1330070985921	/atg/commerce/pricing/ShippingPricingEngine	Pricing Engine starting up
**** info	Fri Feb 24 13:39:46 IST 2012	1330070986609	/atg/dynamo/server/RmiServer	Service /atg/dynamo/server/RmiServer listening at rmi://vamsoft-srini:8860/
**** info	Fri Feb 24 13:39:47 IST 2012	1330070987218	/atg/epub/deployment/DeploymentManager	Resolving reference to /atg/deployment/DeploymentManager
**** info	Fri Feb 24 13:39:47 IST 2012	1330070987406	/atg/deployment/DeploymentRepository	SQL Repository startup complete
**** info	Fri Feb 24 13:39:47 IST 2012	1330070987609	/atg/dynamo/service/jdbc/SQLRepository	SQL Repository startup complete
**** info	Fri Feb 24 13:42:19 IST 2012	1330071139578	/atg/commerce/PipelineManager	Stopping PipelineManager.
**** info	Fri Feb 24 13:42:19 IST 2012	1330071139578	/atg/commerce/payment/PaymentPipelineManager	Stopping PipelineManager.
**** info	Fri Feb 24 13:42:23 IST 2012	1330071143609	/atg/dynamo/service/Scheduler	Scheduler shutting down.
**** info	Fri Feb 24 13:46:17 IST 2012	1330071377890	/atg/epub/version/VersionManagerRepository	SQL Repository startup complete
**** info	Fri Feb 24 13:46:18 IST 2012	1330071378062	/atg/dynamo/server/SQLRepositoryEventServer	Service /atg/dynamo/server/SQLRepositoryEventServer listening at http://vamsoft-srini:2471/
**** info	Fri Feb 24 13:46:18 IST 2012	1330071378171	/atg/seo/SEORepository-ver	SQL Repository startup complete
**** info	Fri Feb 24 13:46:18 IST 2012	1330071378187	/atg/seo/SEORepository	SQL Repository startup complete
**** info	Fri Feb 24 13:46:18 IST 2012	1330071378640	/atg/dynamo/server/SQLRepositoryEventServer_production	Service /atg/dynamo/server/SQLRepositoryEventServer_production listening at http://vamsoft-srini:2482/
**** info	Fri Feb 24 13:46:18 IST 2012	1330071378671	/atg/dynamo/service/jdbc/SQLRepository_production	SQL Repository startup complete
**** info	Fri Feb 24 13:46:18 IST 2012	1330071378859	/atg/commerce/pricing/Promotions_production	Resolving reference to /atg/commerce/catalog/ProductCatalog_production
**** info	Fri Feb 24 13:46:19 IST 2012	1330071379375	/atg/commerce/pricing/priceLists/PriceLists-ver	SQL Repository startup complete
**** info	Fri Feb 24 13:46:19 IST 2012	1330071379375	/atg/commerce/pricing/priceLists/PriceLists	SQL Repository startup complete
**** info	Fri Feb 24 13:46:19 IST 2012	1330071379718	/atg/multisite/SiteRepository-ver	SQL Repository startup complete
**** info	Fri Feb 24 13:46:19 IST 2012	1330071379765	/atg/multisite/SiteRepository	SQL Repository startup complete
**** info	Fri Feb 24 13:46:19 IST 2012	1330071379796	/atg/commerce/catalog/ProductCatalog_production	SQL Repository startup complete
**** info	Fri Feb 24 13:46:19 IST 2012	1330071379859	/atg/commerce/pricing/priceLists/PriceLists_production	SQL Repository startup complete
**** info	Fri Feb 24 13:46:19 IST 2012	1330071379921	/atg/commerce/gifts/Giftlists_production	SQL Repository startup complete
**** info	Fri Feb 24 13:46:20 IST 2012	1330071380000	/atg/userprofiling/ProfileAdapterRepository	SQL Repository startup complete
**** info	Fri Feb 24 13:46:20 IST 2012	1330071380265	/atg/commerce/catalog/ProductCatalog-ver	SQL Repository startup complete
**** info	Fri Feb 24 13:46:20 IST 2012	1330071380312	/atg/commerce/catalog/ProductCatalog	SQL Repository startup complete
**** info	Fri Feb 24 13:46:20 IST 2012	1330071380687	/atg/userprofiling/InternalProfileRepository	SQL Repository startup complete
**** info	Fri Feb 24 13:46:21 IST 2012	1330071381046	/atg/dynamo/security/AdminSqlRepository	SQL Repository startup complete
**** info	Fri Feb 24 13:46:21 IST 2012	1330071381046	/atg/dynamo/security/AdminAccountInitializer	Initializing account database /atg/dynamo/security/AdminAccountManager from /atg/dynamo/security/SimpleXmlUserAuthority
**** info	Fri Feb 24 13:46:23 IST 2012	1330071383390	/atg/commerce/pricing/Promotions	Resolving reference to /atg/commerce/catalog/ProductCatalog
**** info	Fri Feb 24 13:46:23 IST 2012	1330071383406	/atg/commerce/claimable/Claimable-ver	SQL Repository startup complete
**** info	Fri Feb 24 13:46:23 IST 2012	1330071383421	/atg/commerce/claimable/ClaimableRepository	SQL Repository startup complete
**** info	Fri Feb 24 13:46:23 IST 2012	1330071383484	/atg/store/stores/StoreRepository-ver	SQL Repository startup complete
**** info	Fri Feb 24 13:46:23 IST 2012	1330071383484	/atg/store/stores/StoreRepository	SQL Repository startup complete
**** info	Fri Feb 24 13:46:23 IST 2012	1330071383546	/atg/epub/process/ProcessData-ver	SQL Repository startup complete
**** info	Fri Feb 24 13:46:23 IST 2012	1330071383546	/atg/epub/process/ProcessDataRepository	SQL Repository startup complete
**** info	Fri Feb 24 13:46:23 IST 2012	1330071383687	/atg/epub/file/PublishingFiles-ver	SQL Repository startup complete
**** info	Fri Feb 24 13:46:23 IST 2012	1330071383750	/atg/epub/file/PublishingFileRepository	SQL Repository startup complete
**** info	Fri Feb 24 13:46:25 IST 2012	1330071385000	/atg/epub/PublishingRepository	SQL Repository startup complete
**** info	Fri Feb 24 13:46:26 IST 2012	1330071386390	/atg/dynamo/service/loader/SampleRepository	SQL Repository startup complete
**** info	Fri Feb 24 13:46:26 IST 2012	1330071386500	/atg/content/media/MediaRepository	SQL Repository startup complete
**** info	Fri Feb 24 13:46:26 IST 2012	1330071386531	/atg/userprofiling/PersonalizationRepository	SQL Repository startup complete
**** info	Fri Feb 24 13:46:26 IST 2012	1330071386609	/atg/commerce/inventory/InventoryRepository	SQL Repository startup complete
**** info	Fri Feb 24 13:46:27 IST 2012	1330071387218	/atg/commerce/order/OrderRepository	SQL Repository startup complete
**** info	Fri Feb 24 13:46:27 IST 2012	1330071387281	/atg/commerce/gifts/Giftlists	SQL Repository startup complete
**** info	Fri Feb 24 13:46:29 IST 2012	1330071389984	/atg/commerce/PipelineManager	Starting PipelineManager.
**** info	Fri Feb 24 13:46:32 IST 2012	1330071392453	/atg/commerce/payment/PaymentPipelineManager	Starting PipelineManager.
**** info	Fri Feb 24 13:46:33 IST 2012	1330071393062	/atg/commerce/pricing/ItemPricingEngine	Pricing Engine starting up
**** info	Fri Feb 24 13:46:33 IST 2012	1330071393234	/atg/commerce/pricing/OrderPricingEngine	Pricing Engine starting up
**** info	Fri Feb 24 13:46:33 IST 2012	1330071393468	/atg/commerce/pricing/TaxPricingEngine	Pricing Engine starting up
**** info	Fri Feb 24 13:46:33 IST 2012	1330071393531	/atg/commerce/pricing/ShippingPricingEngine	Pricing Engine starting up
**** info	Fri Feb 24 13:46:34 IST 2012	1330071394562	/atg/dynamo/server/RmiServer	Service /atg/dynamo/server/RmiServer listening at rmi://vamsoft-srini:8860/
**** info	Fri Feb 24 13:46:35 IST 2012	1330071395265	/atg/epub/deployment/DeploymentManager	Resolving reference to /atg/deployment/DeploymentManager
**** info	Fri Feb 24 13:46:35 IST 2012	1330071395437	/atg/deployment/DeploymentRepository	SQL Repository startup complete
**** info	Fri Feb 24 13:46:35 IST 2012	1330071395812	/atg/dynamo/service/jdbc/SQLRepository	SQL Repository startup complete
**** info	Fri Feb 24 13:49:47 IST 2012	1330071587640	/atg/commerce/payment/PaymentPipelineManager	Stopping PipelineManager.
**** info	Fri Feb 24 13:49:47 IST 2012	1330071587640	/atg/commerce/PipelineManager	Stopping PipelineManager.
**** info	Fri Feb 24 13:50:34 IST 2012	1330071634281	/atg/epub/version/VersionManagerRepository	SQL Repository startup complete
**** info	Fri Feb 24 13:50:34 IST 2012	1330071634468	/atg/dynamo/server/SQLRepositoryEventServer	Service /atg/dynamo/server/SQLRepositoryEventServer listening at http://vamsoft-srini:2754/
**** info	Fri Feb 24 13:50:34 IST 2012	1330071634593	/atg/seo/SEORepository-ver	SQL Repository startup complete
**** info	Fri Feb 24 13:50:34 IST 2012	1330071634609	/atg/seo/SEORepository	SQL Repository startup complete
**** info	Fri Feb 24 13:50:35 IST 2012	1330071635125	/atg/dynamo/server/SQLRepositoryEventServer_production	Service /atg/dynamo/server/SQLRepositoryEventServer_production listening at http://vamsoft-srini:2765/
**** info	Fri Feb 24 13:50:35 IST 2012	1330071635156	/atg/dynamo/service/jdbc/SQLRepository_production	SQL Repository startup complete
**** info	Fri Feb 24 13:50:35 IST 2012	1330071635359	/atg/commerce/pricing/Promotions_production	Resolving reference to /atg/commerce/catalog/ProductCatalog_production
**** info	Fri Feb 24 13:50:35 IST 2012	1330071635968	/atg/commerce/pricing/priceLists/PriceLists-ver	SQL Repository startup complete
**** info	Fri Feb 24 13:50:35 IST 2012	1330071635968	/atg/commerce/pricing/priceLists/PriceLists	SQL Repository startup complete
**** info	Fri Feb 24 13:50:36 IST 2012	1330071636218	/atg/multisite/SiteRepository-ver	SQL Repository startup complete
**** info	Fri Feb 24 13:50:36 IST 2012	1330071636265	/atg/multisite/SiteRepository	SQL Repository startup complete
**** info	Fri Feb 24 13:50:36 IST 2012	1330071636312	/atg/commerce/catalog/ProductCatalog_production	SQL Repository startup complete
**** info	Fri Feb 24 13:50:36 IST 2012	1330071636359	/atg/commerce/pricing/priceLists/PriceLists_production	SQL Repository startup complete
**** info	Fri Feb 24 13:50:36 IST 2012	1330071636437	/atg/commerce/gifts/Giftlists_production	SQL Repository startup complete
**** info	Fri Feb 24 13:50:36 IST 2012	1330071636500	/atg/userprofiling/ProfileAdapterRepository	SQL Repository startup complete
**** info	Fri Feb 24 13:50:36 IST 2012	1330071636781	/atg/commerce/catalog/ProductCatalog-ver	SQL Repository startup complete
**** info	Fri Feb 24 13:50:36 IST 2012	1330071636828	/atg/commerce/catalog/ProductCatalog	SQL Repository startup complete
**** info	Fri Feb 24 13:50:37 IST 2012	1330071637218	/atg/userprofiling/InternalProfileRepository	SQL Repository startup complete
**** info	Fri Feb 24 13:50:37 IST 2012	1330071637578	/atg/dynamo/security/AdminSqlRepository	SQL Repository startup complete
**** info	Fri Feb 24 13:50:37 IST 2012	1330071637578	/atg/dynamo/security/AdminAccountInitializer	Initializing account database /atg/dynamo/security/AdminAccountManager from /atg/dynamo/security/SimpleXmlUserAuthority
**** info	Fri Feb 24 13:50:40 IST 2012	1330071640000	/atg/commerce/pricing/Promotions	Resolving reference to /atg/commerce/catalog/ProductCatalog
**** info	Fri Feb 24 13:50:40 IST 2012	1330071640015	/atg/commerce/claimable/Claimable-ver	SQL Repository startup complete
**** info	Fri Feb 24 13:50:40 IST 2012	1330071640015	/atg/commerce/claimable/ClaimableRepository	SQL Repository startup complete
**** info	Fri Feb 24 13:50:40 IST 2012	1330071640109	/atg/store/stores/StoreRepository-ver	SQL Repository startup complete
**** info	Fri Feb 24 13:50:40 IST 2012	1330071640125	/atg/store/stores/StoreRepository	SQL Repository startup complete
**** info	Fri Feb 24 13:50:40 IST 2012	1330071640171	/atg/epub/process/ProcessData-ver	SQL Repository startup complete
**** info	Fri Feb 24 13:50:40 IST 2012	1330071640187	/atg/epub/process/ProcessDataRepository	SQL Repository startup complete
**** info	Fri Feb 24 13:50:40 IST 2012	1330071640375	/atg/epub/file/PublishingFiles-ver	SQL Repository startup complete
**** info	Fri Feb 24 13:50:40 IST 2012	1330071640453	/atg/epub/file/PublishingFileRepository	SQL Repository startup complete
**** info	Fri Feb 24 13:50:41 IST 2012	1330071641921	/atg/epub/PublishingRepository	SQL Repository startup complete
**** info	Fri Feb 24 13:50:43 IST 2012	1330071643406	/atg/dynamo/service/loader/SampleRepository	SQL Repository startup complete
**** info	Fri Feb 24 13:50:43 IST 2012	1330071643531	/atg/content/media/MediaRepository	SQL Repository startup complete
**** info	Fri Feb 24 13:50:43 IST 2012	1330071643562	/atg/userprofiling/PersonalizationRepository	SQL Repository startup complete
**** info	Fri Feb 24 13:50:43 IST 2012	1330071643625	/atg/commerce/inventory/InventoryRepository	SQL Repository startup complete
**** info	Fri Feb 24 13:50:44 IST 2012	1330071644265	/atg/commerce/order/OrderRepository	SQL Repository startup complete
**** info	Fri Feb 24 13:50:44 IST 2012	1330071644328	/atg/commerce/gifts/Giftlists	SQL Repository startup complete
**** info	Fri Feb 24 13:50:47 IST 2012	1330071647015	/atg/commerce/PipelineManager	Starting PipelineManager.
**** info	Fri Feb 24 13:50:49 IST 2012	1330071649109	/atg/commerce/payment/PaymentPipelineManager	Starting PipelineManager.
**** info	Fri Feb 24 13:50:49 IST 2012	1330071649687	/atg/commerce/pricing/ItemPricingEngine	Pricing Engine starting up
**** info	Fri Feb 24 13:50:49 IST 2012	1330071649828	/atg/commerce/pricing/OrderPricingEngine	Pricing Engine starting up
**** info	Fri Feb 24 13:50:50 IST 2012	1330071650046	/atg/commerce/pricing/TaxPricingEngine	Pricing Engine starting up
**** info	Fri Feb 24 13:50:50 IST 2012	1330071650125	/atg/commerce/pricing/ShippingPricingEngine	Pricing Engine starting up
**** info	Fri Feb 24 13:50:50 IST 2012	1330071650921	/atg/dynamo/server/RmiServer	Service /atg/dynamo/server/RmiServer listening at rmi://vamsoft-srini:8860/
**** info	Fri Feb 24 13:50:51 IST 2012	1330071651515	/atg/epub/deployment/DeploymentManager	Resolving reference to /atg/deployment/DeploymentManager
**** info	Fri Feb 24 13:50:51 IST 2012	1330071651781	/atg/deployment/DeploymentRepository	SQL Repository startup complete
**** info	Fri Feb 24 13:50:52 IST 2012	1330071652062	/atg/dynamo/service/jdbc/SQLRepository	SQL Repository startup complete
