**** Error	Mon May 14 18:03:12 IST 2012	1336998792359	/atg/commerce/search/ProductCatalogOutputConfig	A CA deployment target named "Production" cannot be found in the deployment topology. Using the current repository path for incremental indexing. Please correct the targetName property of this IndexingOutputConfig. Indexing is not operational!
**** Error	Mon May 14 18:03:12 IST 2012	1336998792375	/atg/commerce/search/ProductCatalogOutputConfig	A CA deployment target named "Production" cannot be found in the deployment topology. Using the current repository path for incremental indexing. Please correct the targetName property of this IndexingOutputConfig. Indexing is not operational!
**** Error	Fri May 18 15:00:50 IST 2012	1337333450593	/atg/commerce/catalog/ProductCatalog_production	Table 'mys_subs_product' in item-descriptor: 'product' does not exist in a table space accessible by the data source.  DatabaseMetaData.getColumns returns no columns.  Catalog=null Schema=null
**** Error	Fri May 18 15:00:51 IST 2012	1337333451000	/atg/commerce/catalog/ProductCatalog_production	Table 'mys_subs_sku' in item-descriptor: 'sku' does not exist in a table space accessible by the data source.  DatabaseMetaData.getColumns returns no columns.  Catalog=null Schema=null
**** Error	Fri May 18 15:00:52 IST 2012	1337333452750	/atg/userprofiling/ProfileAdapterRepository	Table 'mys_user_subscription' in item-descriptor: 'user' does not exist in a table space accessible by the data source.  DatabaseMetaData.getColumns returns no columns.  Catalog=null Schema=null
**** Error	Fri May 18 15:00:53 IST 2012	1337333453968	/atg/userprofiling/ProfileAdapterRepository	Table 'mys_subscription' in item-descriptor: 'subscription' does not exist in a table space accessible by the data source.  DatabaseMetaData.getColumns returns no columns.  Catalog=null Schema=null
**** Error	Fri May 18 15:00:54 IST 2012	1337333454953	/atg/commerce/catalog/ProductCatalog-ver	Table 'mys_subs_product' in item-descriptor: 'product' does not exist in a table space accessible by the data source.  DatabaseMetaData.getColumns returns no columns.  Catalog=null Schema=null
**** Error	Fri May 18 15:00:55 IST 2012	1337333455328	/atg/commerce/catalog/ProductCatalog-ver	Table 'mys_subs_sku' in item-descriptor: 'sku' does not exist in a table space accessible by the data source.  DatabaseMetaData.getColumns returns no columns.  Catalog=null Schema=null
**** Error	Fri May 18 15:00:57 IST 2012	1337333457281	/atg/commerce/catalog/ProductCatalog	Table 'mys_subs_product' in item-descriptor: 'product' does not exist in a table space accessible by the data source.  DatabaseMetaData.getColumns returns no columns.  Catalog=null Schema=null
**** Error	Fri May 18 15:00:57 IST 2012	1337333457609	/atg/commerce/catalog/ProductCatalog	Table 'mys_subs_sku' in item-descriptor: 'sku' does not exist in a table space accessible by the data source.  DatabaseMetaData.getColumns returns no columns.  Catalog=null Schema=null
**** Error	Fri May 18 15:01:46 IST 2012	1337333506234	/atg/commerce/catalog/ProductCatalog-ver	Table 'mys_subs_product' in item-descriptor: 'product' does not exist in a table space accessible by the data source.  DatabaseMetaData.getColumns returns no columns.  Catalog=null Schema=null
**** Error	Fri May 18 15:01:46 IST 2012	1337333506265	/atg/commerce/catalog/ProductCatalog-ver	Table 'mys_subs_sku' in item-descriptor: 'sku' does not exist in a table space accessible by the data source.  DatabaseMetaData.getColumns returns no columns.  Catalog=null Schema=null
**** Error	Fri May 18 15:01:46 IST 2012	1337333506500	/atg/commerce/catalog/ProductCatalog-ver	SQL Statement Failed: [++SQLInsert++]
**** Error	Fri May 18 15:01:46 IST 2012	1337333506500	/atg/commerce/catalog/ProductCatalog-ver	 INSERT INTO mys_subs_product(id,asset_version,frequency,no_of_issues)
**** Error	Fri May 18 15:01:46 IST 2012	1337333506500	/atg/commerce/catalog/ProductCatalog-ver	 VALUES(?,?,?,?)
**** Error	Fri May 18 15:01:46 IST 2012	1337333506500	/atg/commerce/catalog/ProductCatalog-ver	-- Parameters --
**** Error	Fri May 18 15:01:46 IST 2012	1337333506500	/atg/commerce/catalog/ProductCatalog-ver	p[1] = {pd} xprod2099 (java.lang.String)
**** Error	Fri May 18 15:01:46 IST 2012	1337333506500	/atg/commerce/catalog/ProductCatalog-ver	p[2] = {pd} 1 (java.lang.Integer)
**** Error	Fri May 18 15:01:46 IST 2012	1337333506500	/atg/commerce/catalog/ProductCatalog-ver	p[3] = {pd: frequency} 2 (java.lang.Integer)
**** Error	Fri May 18 15:01:46 IST 2012	1337333506500	/atg/commerce/catalog/ProductCatalog-ver	p[4] = {pd: noOfIssues} 12 (java.lang.Integer)
**** Error	Fri May 18 15:01:46 IST 2012	1337333506500	/atg/commerce/catalog/ProductCatalog-ver	[--SQLInsert--]
**** Error	Fri May 18 15:01:46 IST 2012	1337333506500	/atg/commerce/catalog/ProductCatalog-ver	
**** Error	Fri May 18 15:02:03 IST 2012	1337333523609	/atg/commerce/catalog/ProductCatalog_production	Table 'mys_subs_product' in item-descriptor: 'product' does not exist in a table space accessible by the data source.  DatabaseMetaData.getColumns returns no columns.  Catalog=null Schema=null
**** Error	Fri May 18 15:02:04 IST 2012	1337333524078	/atg/commerce/catalog/ProductCatalog_production	Table 'mys_subs_sku' in item-descriptor: 'sku' does not exist in a table space accessible by the data source.  DatabaseMetaData.getColumns returns no columns.  Catalog=null Schema=null
**** Error	Fri May 18 15:02:06 IST 2012	1337333526000	/atg/userprofiling/ProfileAdapterRepository	Table 'mys_user_subscription' in item-descriptor: 'user' does not exist in a table space accessible by the data source.  DatabaseMetaData.getColumns returns no columns.  Catalog=null Schema=null
**** Error	Fri May 18 15:02:07 IST 2012	1337333527062	/atg/userprofiling/ProfileAdapterRepository	Table 'mys_subscription' in item-descriptor: 'subscription' does not exist in a table space accessible by the data source.  DatabaseMetaData.getColumns returns no columns.  Catalog=null Schema=null
**** Error	Fri May 18 15:02:08 IST 2012	1337333528375	/atg/commerce/catalog/ProductCatalog-ver	Table 'mys_subs_product' in item-descriptor: 'product' does not exist in a table space accessible by the data source.  DatabaseMetaData.getColumns returns no columns.  Catalog=null Schema=null
**** Error	Fri May 18 15:02:08 IST 2012	1337333528796	/atg/commerce/catalog/ProductCatalog-ver	Table 'mys_subs_sku' in item-descriptor: 'sku' does not exist in a table space accessible by the data source.  DatabaseMetaData.getColumns returns no columns.  Catalog=null Schema=null
**** Error	Fri May 18 15:02:10 IST 2012	1337333530921	/atg/commerce/catalog/ProductCatalog	Table 'mys_subs_product' in item-descriptor: 'product' does not exist in a table space accessible by the data source.  DatabaseMetaData.getColumns returns no columns.  Catalog=null Schema=null
**** Error	Fri May 18 15:02:11 IST 2012	1337333531296	/atg/commerce/catalog/ProductCatalog	Table 'mys_subs_sku' in item-descriptor: 'sku' does not exist in a table space accessible by the data source.  DatabaseMetaData.getColumns returns no columns.  Catalog=null Schema=null
**** Error	Fri May 18 15:05:13 IST 2012	1337333713343	/atg/commerce/catalog/ProductCatalog_production	Table 'mys_subs_product' in item-descriptor: 'product' does not exist in a table space accessible by the data source.  DatabaseMetaData.getColumns returns no columns.  Catalog=null Schema=null
**** Error	Fri May 18 15:05:13 IST 2012	1337333713843	/atg/commerce/catalog/ProductCatalog_production	Table 'mys_subs_sku' in item-descriptor: 'sku' does not exist in a table space accessible by the data source.  DatabaseMetaData.getColumns returns no columns.  Catalog=null Schema=null
**** Error	Fri May 18 15:05:15 IST 2012	1337333715828	/atg/userprofiling/ProfileAdapterRepository	Table 'mys_user_subscription' in item-descriptor: 'user' does not exist in a table space accessible by the data source.  DatabaseMetaData.getColumns returns no columns.  Catalog=null Schema=null
**** Error	Fri May 18 15:05:16 IST 2012	1337333716859	/atg/userprofiling/ProfileAdapterRepository	Table 'mys_subscription' in item-descriptor: 'subscription' does not exist in a table space accessible by the data source.  DatabaseMetaData.getColumns returns no columns.  Catalog=null Schema=null
**** Error	Fri May 18 15:05:18 IST 2012	1337333718031	/atg/commerce/catalog/ProductCatalog-ver	Table 'mys_subs_product' in item-descriptor: 'product' does not exist in a table space accessible by the data source.  DatabaseMetaData.getColumns returns no columns.  Catalog=null Schema=null
**** Error	Fri May 18 15:05:18 IST 2012	1337333718437	/atg/commerce/catalog/ProductCatalog-ver	Table 'mys_subs_sku' in item-descriptor: 'sku' does not exist in a table space accessible by the data source.  DatabaseMetaData.getColumns returns no columns.  Catalog=null Schema=null
**** Error	Fri May 18 15:05:20 IST 2012	1337333720703	/atg/commerce/catalog/ProductCatalog	Table 'mys_subs_product' in item-descriptor: 'product' does not exist in a table space accessible by the data source.  DatabaseMetaData.getColumns returns no columns.  Catalog=null Schema=null
**** Error	Fri May 18 15:05:21 IST 2012	1337333721015	/atg/commerce/catalog/ProductCatalog	Table 'mys_subs_sku' in item-descriptor: 'sku' does not exist in a table space accessible by the data source.  DatabaseMetaData.getColumns returns no columns.  Catalog=null Schema=null
**** Error	Fri May 18 16:35:50 IST 2012	1337339150609	/atg/commerce/catalog/ProductCatalog_production	Table 'mys_subs_product' in item-descriptor: 'product' does not exist in a table space accessible by the data source.  DatabaseMetaData.getColumns returns no columns.  Catalog=null Schema=null
**** Error	Fri May 18 16:35:51 IST 2012	1337339151218	/atg/commerce/catalog/ProductCatalog_production	Table 'mys_subs_sku' in item-descriptor: 'sku' does not exist in a table space accessible by the data source.  DatabaseMetaData.getColumns returns no columns.  Catalog=null Schema=null
**** Error	Fri May 18 16:35:53 IST 2012	1337339153046	/atg/userprofiling/ProfileAdapterRepository	Table 'mys_user_subscription' in item-descriptor: 'user' does not exist in a table space accessible by the data source.  DatabaseMetaData.getColumns returns no columns.  Catalog=null Schema=null
**** Error	Fri May 18 16:35:54 IST 2012	1337339154234	/atg/userprofiling/ProfileAdapterRepository	Table 'mys_subscription' in item-descriptor: 'subscription' does not exist in a table space accessible by the data source.  DatabaseMetaData.getColumns returns no columns.  Catalog=null Schema=null
**** Error	Fri May 18 16:35:55 IST 2012	1337339155062	/atg/commerce/order/OrderRepository	java.sql.SQLException: com.mysql.jdbc.exceptions.jdbc4.MySQLSyntaxErrorException: Table 'searchadmin_crs.crs_order' doesn't exist
**** Error	Fri May 18 16:35:55 IST 2012	1337339155062	/atg/commerce/order/OrderRepository	[++SQLSelect++]
**** Error	Fri May 18 16:35:55 IST 2012	1337339155062	/atg/commerce/order/OrderRepository	 SELECT order_id,coupon_code,oms_order_id,status_change_date,processing_date
**** Error	Fri May 18 16:35:55 IST 2012	1337339155062	/atg/commerce/order/OrderRepository	   FROM crs_order
**** Error	Fri May 18 16:35:55 IST 2012	1337339155062	/atg/commerce/order/OrderRepository	  WHERE 1 = 2
**** Error	Fri May 18 16:35:55 IST 2012	1337339155062	/atg/commerce/order/OrderRepository	(no parameters)
**** Error	Fri May 18 16:35:55 IST 2012	1337339155062	/atg/commerce/order/OrderRepository	[--SQLSelect--]
**** Error	Fri May 18 16:35:55 IST 2012	1337339155062	/atg/commerce/order/OrderRepository	
**** Error	Fri May 18 16:35:55 IST 2012	1337339155062	/atg/commerce/order/OrderRepository	The table: "crs_order" does not appear to be defined correctly in the database. Either the table does not exist, the repository does not have SELECT permission on it, or the definition of the table is incompatible with the template in use.
**** Error	Fri May 18 16:35:55 IST 2012	1337339155062	/atg/commerce/order/OrderRepository	The table: "crs_oms_segments" does not appear to be defined correctly in the database. Either the table does not exist, the repository does not have SELECT permission on it, or the definition of the table is incompatible with the template in use.
**** Error	Fri May 18 16:35:55 IST 2012	1337339155078	/atg/commerce/order/OrderRepository	The table: "crs_ord_track_info" does not appear to be defined correctly in the database. Either the table does not exist, the repository does not have SELECT permission on it, or the definition of the table is incompatible with the template in use.
**** Error	Fri May 18 16:35:55 IST 2012	1337339155109	/atg/commerce/order/OrderRepository	java.sql.SQLException: com.mysql.jdbc.exceptions.jdbc4.MySQLSyntaxErrorException: Table 'searchadmin_crs.crs_hrd_ship_group' doesn't exist
**** Error	Fri May 18 16:35:55 IST 2012	1337339155109	/atg/commerce/order/OrderRepository	[++SQLSelect++]
**** Error	Fri May 18 16:35:55 IST 2012	1337339155109	/atg/commerce/order/OrderRepository	 SELECT shipping_group_id,carrier_code,weight
**** Error	Fri May 18 16:35:55 IST 2012	1337339155109	/atg/commerce/order/OrderRepository	   FROM crs_hrd_ship_group
**** Error	Fri May 18 16:35:55 IST 2012	1337339155109	/atg/commerce/order/OrderRepository	  WHERE 1 = 2
**** Error	Fri May 18 16:35:55 IST 2012	1337339155109	/atg/commerce/order/OrderRepository	(no parameters)
**** Error	Fri May 18 16:35:55 IST 2012	1337339155109	/atg/commerce/order/OrderRepository	[--SQLSelect--]
**** Error	Fri May 18 16:35:55 IST 2012	1337339155109	/atg/commerce/order/OrderRepository	
**** Error	Fri May 18 16:35:55 IST 2012	1337339155109	/atg/commerce/order/OrderRepository	The table: "crs_hrd_ship_group" does not appear to be defined correctly in the database. Either the table does not exist, the repository does not have SELECT permission on it, or the definition of the table is incompatible with the template in use.
**** Error	Fri May 18 16:35:55 IST 2012	1337339155343	/atg/commerce/order/OrderRepository	java.sql.SQLException: com.mysql.jdbc.exceptions.jdbc4.MySQLSyntaxErrorException: Table 'searchadmin_crs.crs_item_price' doesn't exist
**** Error	Fri May 18 16:35:55 IST 2012	1337339155343	/atg/commerce/order/OrderRepository	[++SQLSelect++]
**** Error	Fri May 18 16:35:55 IST 2012	1337339155343	/atg/commerce/order/OrderRepository	 SELECT item_price_info_id,tax_price_info_id
**** Error	Fri May 18 16:35:55 IST 2012	1337339155343	/atg/commerce/order/OrderRepository	   FROM crs_item_price
**** Error	Fri May 18 16:35:55 IST 2012	1337339155343	/atg/commerce/order/OrderRepository	  WHERE 1 = 2
**** Error	Fri May 18 16:35:55 IST 2012	1337339155343	/atg/commerce/order/OrderRepository	(no parameters)
**** Error	Fri May 18 16:35:55 IST 2012	1337339155343	/atg/commerce/order/OrderRepository	[--SQLSelect--]
**** Error	Fri May 18 16:35:55 IST 2012	1337339155343	/atg/commerce/order/OrderRepository	
**** Error	Fri May 18 16:35:55 IST 2012	1337339155796	/atg/commerce/catalog/CustomProductCatalog-ver	Table 'mys_subs_product' in item-descriptor: 'product' does not exist in a table space accessible by the data source.  DatabaseMetaData.getColumns returns no columns.  Catalog=null Schema=null
**** Error	Fri May 18 16:36:53 IST 2012	1337339213843	/atg/commerce/order/OrderRepository	The table: "crs_item_price" does not appear to be defined correctly in the database. Either the table does not exist, the repository does not have SELECT permission on it, or the definition of the table is incompatible with the template in use.
**** Error	Fri May 18 16:36:53 IST 2012	1337339213875	/atg/commerce/order/OrderRepository	java.sql.SQLException: com.mysql.jdbc.exceptions.jdbc4.MySQLSyntaxErrorException: Table 'searchadmin_crs.crs_tax_price' doesn't exist
**** Error	Fri May 18 16:36:53 IST 2012	1337339213875	/atg/commerce/order/OrderRepository	[++SQLSelect++]
**** Error	Fri May 18 16:36:53 IST 2012	1337339213875	/atg/commerce/order/OrderRepository	 SELECT amount_info_id,district_tax
**** Error	Fri May 18 16:36:53 IST 2012	1337339213875	/atg/commerce/order/OrderRepository	   FROM crs_tax_price
**** Error	Fri May 18 16:36:53 IST 2012	1337339213875	/atg/commerce/order/OrderRepository	  WHERE 1 = 2
**** Error	Fri May 18 16:36:53 IST 2012	1337339213875	/atg/commerce/order/OrderRepository	(no parameters)
**** Error	Fri May 18 16:36:53 IST 2012	1337339213875	/atg/commerce/order/OrderRepository	[--SQLSelect--]
**** Error	Fri May 18 16:36:53 IST 2012	1337339213875	/atg/commerce/order/OrderRepository	
**** Error	Fri May 18 16:36:53 IST 2012	1337339213984	/atg/commerce/order/OrderRepository	The table: "crs_tax_price" does not appear to be defined correctly in the database. Either the table does not exist, the repository does not have SELECT permission on it, or the definition of the table is incompatible with the template in use.
**** Error	Fri May 18 16:36:54 IST 2012	1337339214046	/atg/commerce/order/OrderRepository	java.sql.SQLException: com.mysql.jdbc.exceptions.jdbc4.MySQLSyntaxErrorException: Table 'searchadmin_crs.crs_ship_price' doesn't exist
**** Error	Fri May 18 16:36:54 IST 2012	1337339214046	/atg/commerce/order/OrderRepository	[++SQLSelect++]
**** Error	Fri May 18 16:36:54 IST 2012	1337339214046	/atg/commerce/order/OrderRepository	 SELECT ship_price_info_id,tax_price_info_id
**** Error	Fri May 18 16:36:54 IST 2012	1337339214046	/atg/commerce/order/OrderRepository	   FROM crs_ship_price
**** Error	Fri May 18 16:36:54 IST 2012	1337339214046	/atg/commerce/order/OrderRepository	  WHERE 1 = 2
**** Error	Fri May 18 16:36:54 IST 2012	1337339214046	/atg/commerce/order/OrderRepository	(no parameters)
**** Error	Fri May 18 16:36:54 IST 2012	1337339214046	/atg/commerce/order/OrderRepository	[--SQLSelect--]
**** Error	Fri May 18 16:36:54 IST 2012	1337339214046	/atg/commerce/order/OrderRepository	
**** Error	Fri May 18 16:36:54 IST 2012	1337339214140	/atg/commerce/order/OrderRepository	The table: "crs_ship_price" does not appear to be defined correctly in the database. Either the table does not exist, the repository does not have SELECT permission on it, or the definition of the table is incompatible with the template in use.
**** Error	Fri May 18 16:36:54 IST 2012	1337339214203	/atg/commerce/order/OrderRepository	java.sql.SQLException: com.mysql.jdbc.exceptions.jdbc4.MySQLSyntaxErrorException: Table 'searchadmin_crs.crs_tracking_info' doesn't exist
**** Error	Fri May 18 16:36:54 IST 2012	1337339214203	/atg/commerce/order/OrderRepository	[++SQLSelect++]
**** Error	Fri May 18 16:36:54 IST 2012	1337339214203	/atg/commerce/order/OrderRepository	 SELECT tracking_info_id,shipping_method,tracking_number,carrier_code,url,weight
**** Error	Fri May 18 16:36:54 IST 2012	1337339214203	/atg/commerce/order/OrderRepository	   FROM crs_tracking_info
**** Error	Fri May 18 16:36:54 IST 2012	1337339214203	/atg/commerce/order/OrderRepository	  WHERE 1 = 2
**** Error	Fri May 18 16:36:54 IST 2012	1337339214203	/atg/commerce/order/OrderRepository	(no parameters)
**** Error	Fri May 18 16:36:54 IST 2012	1337339214203	/atg/commerce/order/OrderRepository	[--SQLSelect--]
**** Error	Fri May 18 16:36:54 IST 2012	1337339214203	/atg/commerce/order/OrderRepository	
**** Error	Fri May 18 16:36:54 IST 2012	1337339214203	/atg/commerce/order/OrderRepository	The table: "crs_tracking_info" does not appear to be defined correctly in the database. Either the table does not exist, the repository does not have SELECT permission on it, or the definition of the table is incompatible with the template in use.
**** Error	Fri May 18 16:36:54 IST 2012	1337339214203	/atg/commerce/order/OrderRepository	java.sql.SQLException: com.mysql.jdbc.exceptions.jdbc4.MySQLSyntaxErrorException: Table 'searchadmin_crs.crs_order_sub_req' doesn't exist
**** Error	Fri May 18 16:36:54 IST 2012	1337339214203	/atg/commerce/order/OrderRepository	[++SQLSelect++]
**** Error	Fri May 18 16:36:54 IST 2012	1337339214203	/atg/commerce/order/OrderRepository	 SELECT order_sub_req_id,order_ack_time_out,max_order_submits,client_id
**** Error	Fri May 18 16:36:54 IST 2012	1337339214203	/atg/commerce/order/OrderRepository	   FROM crs_order_sub_req
**** Error	Fri May 18 16:36:54 IST 2012	1337339214203	/atg/commerce/order/OrderRepository	  WHERE 1 = 2
**** Error	Fri May 18 16:36:54 IST 2012	1337339214203	/atg/commerce/order/OrderRepository	(no parameters)
**** Error	Fri May 18 16:36:54 IST 2012	1337339214203	/atg/commerce/order/OrderRepository	[--SQLSelect--]
**** Error	Fri May 18 16:36:54 IST 2012	1337339214203	/atg/commerce/order/OrderRepository	
**** Error	Fri May 18 16:36:54 IST 2012	1337339214203	/atg/commerce/order/OrderRepository	The table: "crs_order_sub_req" does not appear to be defined correctly in the database. Either the table does not exist, the repository does not have SELECT permission on it, or the definition of the table is incompatible with the template in use.
**** Error	Fri May 18 16:36:54 IST 2012	1337339214578	/atg/commerce/catalog/CustomProductCatalog-ver	Table 'mys_subs_sku' in item-descriptor: 'sku' does not exist in a table space accessible by the data source.  DatabaseMetaData.getColumns returns no columns.  Catalog=null Schema=null
**** Error	Fri May 18 16:36:56 IST 2012	1337339216859	/atg/commerce/catalog/ProductCatalog	Table 'mys_subs_product' in item-descriptor: 'product' does not exist in a table space accessible by the data source.  DatabaseMetaData.getColumns returns no columns.  Catalog=null Schema=null
**** Error	Fri May 18 16:36:57 IST 2012	1337339217234	/atg/commerce/catalog/ProductCatalog	Table 'mys_subs_sku' in item-descriptor: 'sku' does not exist in a table space accessible by the data source.  DatabaseMetaData.getColumns returns no columns.  Catalog=null Schema=null
**** Error	Fri May 18 16:37:01 IST 2012	1337339221078	/atg/commerce/order/OrderRepository	Table 'crs_order' in item-descriptor: 'order' does not exist in a table space accessible by the data source.  DatabaseMetaData.getColumns returns no columns.  Catalog=null Schema=null
**** Error	Fri May 18 16:37:13 IST 2012	1337339233343	/atg/commerce/order/OrderRepository	Table 'crs_oms_segments' in item-descriptor: 'order' does not exist in a table space accessible by the data source.  DatabaseMetaData.getColumns returns no columns.  Catalog=null Schema=null
**** Error	Fri May 18 16:37:13 IST 2012	1337339233750	/atg/commerce/order/OrderRepository	Table 'crs_ord_track_info' in item-descriptor: 'order' does not exist in a table space accessible by the data source.  DatabaseMetaData.getColumns returns no columns.  Catalog=null Schema=null
**** Error	Fri May 18 16:37:14 IST 2012	1337339234062	/atg/commerce/order/OrderRepository	Table 'crs_hrd_ship_group' in item-descriptor: 'hardgoodShippingGroup' does not exist in a table space accessible by the data source.  DatabaseMetaData.getColumns returns no columns.  Catalog=null Schema=null
**** Error	Fri May 18 16:37:15 IST 2012	1337339235156	/atg/commerce/order/OrderRepository	Table 'crs_item_price' in item-descriptor: 'itemPriceInfo' does not exist in a table space accessible by the data source.  DatabaseMetaData.getColumns returns no columns.  Catalog=null Schema=null
**** Error	Fri May 18 16:37:15 IST 2012	1337339235328	/atg/commerce/order/OrderRepository	Table 'crs_tax_price' in item-descriptor: 'taxPriceInfo' does not exist in a table space accessible by the data source.  DatabaseMetaData.getColumns returns no columns.  Catalog=null Schema=null
**** Error	Fri May 18 16:37:15 IST 2012	1337339235484	/atg/commerce/order/OrderRepository	Table 'crs_ship_price' in item-descriptor: 'shippingPriceInfo' does not exist in a table space accessible by the data source.  DatabaseMetaData.getColumns returns no columns.  Catalog=null Schema=null
**** Error	Fri May 18 16:37:15 IST 2012	1337339235765	/atg/commerce/order/OrderRepository	Table 'crs_tracking_info' in item-descriptor: 'trackingInfo' does not exist in a table space accessible by the data source.  DatabaseMetaData.getColumns returns no columns.  Catalog=null Schema=null
**** Error	Fri May 18 16:37:15 IST 2012	1337339235859	/atg/commerce/order/OrderRepository	Table 'crs_order_sub_req' in item-descriptor: 'orderSubmitRequest' does not exist in a table space accessible by the data source.  DatabaseMetaData.getColumns returns no columns.  Catalog=null Schema=null
**** Error	Fri May 18 16:37:16 IST 2012	1337339236015	/atg/commerce/search/ProductCatalogOutputConfig	A CA deployment target named "Production" cannot be found in the deployment topology. Using the current repository path for incremental indexing. Please correct the targetName property of this IndexingOutputConfig. Indexing is not operational!
**** Error	Fri May 18 16:37:16 IST 2012	1337339236125	/atg/commerce/search/ProductCatalogOutputConfig	A CA deployment target named "Production" cannot be found in the deployment topology. Using the current repository path for incremental indexing. Please correct the targetName property of this IndexingOutputConfig. Indexing is not operational!
**** Error	Fri May 18 16:42:08 IST 2012	1337339528546	/atg/commerce/order/OrderRepository	java.sql.SQLException: com.mysql.jdbc.exceptions.jdbc4.MySQLSyntaxErrorException: Table 'searchadmin_crs.crs_order' doesn't exist
**** Error	Fri May 18 16:42:08 IST 2012	1337339528546	/atg/commerce/order/OrderRepository	[++SQLSelect++]
**** Error	Fri May 18 16:42:08 IST 2012	1337339528546	/atg/commerce/order/OrderRepository	 SELECT order_id,coupon_code,oms_order_id,status_change_date,processing_date
**** Error	Fri May 18 16:42:08 IST 2012	1337339528546	/atg/commerce/order/OrderRepository	   FROM crs_order
**** Error	Fri May 18 16:42:08 IST 2012	1337339528546	/atg/commerce/order/OrderRepository	  WHERE 1 = 2
**** Error	Fri May 18 16:42:08 IST 2012	1337339528546	/atg/commerce/order/OrderRepository	(no parameters)
**** Error	Fri May 18 16:42:08 IST 2012	1337339528546	/atg/commerce/order/OrderRepository	[--SQLSelect--]
**** Error	Fri May 18 16:42:08 IST 2012	1337339528546	/atg/commerce/order/OrderRepository	
**** Error	Fri May 18 16:42:08 IST 2012	1337339528546	/atg/commerce/order/OrderRepository	The table: "crs_order" does not appear to be defined correctly in the database. Either the table does not exist, the repository does not have SELECT permission on it, or the definition of the table is incompatible with the template in use.
**** Error	Fri May 18 16:42:08 IST 2012	1337339528562	/atg/commerce/order/OrderRepository	The table: "crs_oms_segments" does not appear to be defined correctly in the database. Either the table does not exist, the repository does not have SELECT permission on it, or the definition of the table is incompatible with the template in use.
**** Error	Fri May 18 16:42:08 IST 2012	1337339528562	/atg/commerce/order/OrderRepository	The table: "crs_ord_track_info" does not appear to be defined correctly in the database. Either the table does not exist, the repository does not have SELECT permission on it, or the definition of the table is incompatible with the template in use.
**** Error	Fri May 18 16:42:08 IST 2012	1337339528609	/atg/commerce/order/OrderRepository	java.sql.SQLException: com.mysql.jdbc.exceptions.jdbc4.MySQLSyntaxErrorException: Table 'searchadmin_crs.crs_hrd_ship_group' doesn't exist
**** Error	Fri May 18 16:42:08 IST 2012	1337339528609	/atg/commerce/order/OrderRepository	[++SQLSelect++]
**** Error	Fri May 18 16:42:08 IST 2012	1337339528609	/atg/commerce/order/OrderRepository	 SELECT shipping_group_id,carrier_code,weight
**** Error	Fri May 18 16:42:08 IST 2012	1337339528609	/atg/commerce/order/OrderRepository	   FROM crs_hrd_ship_group
**** Error	Fri May 18 16:42:08 IST 2012	1337339528609	/atg/commerce/order/OrderRepository	  WHERE 1 = 2
**** Error	Fri May 18 16:42:08 IST 2012	1337339528609	/atg/commerce/order/OrderRepository	(no parameters)
**** Error	Fri May 18 16:42:08 IST 2012	1337339528609	/atg/commerce/order/OrderRepository	[--SQLSelect--]
**** Error	Fri May 18 16:42:08 IST 2012	1337339528609	/atg/commerce/order/OrderRepository	
**** Error	Fri May 18 16:42:08 IST 2012	1337339528609	/atg/commerce/order/OrderRepository	The table: "crs_hrd_ship_group" does not appear to be defined correctly in the database. Either the table does not exist, the repository does not have SELECT permission on it, or the definition of the table is incompatible with the template in use.
**** Error	Fri May 18 16:42:08 IST 2012	1337339528906	/atg/commerce/order/OrderRepository	java.sql.SQLException: com.mysql.jdbc.exceptions.jdbc4.MySQLSyntaxErrorException: Table 'searchadmin_crs.crs_item_price' doesn't exist
**** Error	Fri May 18 16:42:08 IST 2012	1337339528906	/atg/commerce/order/OrderRepository	[++SQLSelect++]
**** Error	Fri May 18 16:42:08 IST 2012	1337339528906	/atg/commerce/order/OrderRepository	 SELECT item_price_info_id,tax_price_info_id
**** Error	Fri May 18 16:42:08 IST 2012	1337339528906	/atg/commerce/order/OrderRepository	   FROM crs_item_price
**** Error	Fri May 18 16:42:08 IST 2012	1337339528906	/atg/commerce/order/OrderRepository	  WHERE 1 = 2
**** Error	Fri May 18 16:42:08 IST 2012	1337339528906	/atg/commerce/order/OrderRepository	(no parameters)
**** Error	Fri May 18 16:42:08 IST 2012	1337339528906	/atg/commerce/order/OrderRepository	[--SQLSelect--]
**** Error	Fri May 18 16:42:08 IST 2012	1337339528906	/atg/commerce/order/OrderRepository	
**** Error	Fri May 18 16:42:08 IST 2012	1337339528906	/atg/commerce/order/OrderRepository	The table: "crs_item_price" does not appear to be defined correctly in the database. Either the table does not exist, the repository does not have SELECT permission on it, or the definition of the table is incompatible with the template in use.
**** Error	Fri May 18 16:42:08 IST 2012	1337339528937	/atg/commerce/order/OrderRepository	java.sql.SQLException: com.mysql.jdbc.exceptions.jdbc4.MySQLSyntaxErrorException: Table 'searchadmin_crs.crs_tax_price' doesn't exist
**** Error	Fri May 18 16:42:08 IST 2012	1337339528937	/atg/commerce/order/OrderRepository	[++SQLSelect++]
**** Error	Fri May 18 16:42:08 IST 2012	1337339528937	/atg/commerce/order/OrderRepository	 SELECT amount_info_id,district_tax
**** Error	Fri May 18 16:42:08 IST 2012	1337339528937	/atg/commerce/order/OrderRepository	   FROM crs_tax_price
**** Error	Fri May 18 16:42:08 IST 2012	1337339528937	/atg/commerce/order/OrderRepository	  WHERE 1 = 2
**** Error	Fri May 18 16:42:08 IST 2012	1337339528937	/atg/commerce/order/OrderRepository	(no parameters)
**** Error	Fri May 18 16:42:08 IST 2012	1337339528937	/atg/commerce/order/OrderRepository	[--SQLSelect--]
**** Error	Fri May 18 16:42:08 IST 2012	1337339528937	/atg/commerce/order/OrderRepository	
**** Error	Fri May 18 16:42:08 IST 2012	1337339528937	/atg/commerce/order/OrderRepository	The table: "crs_tax_price" does not appear to be defined correctly in the database. Either the table does not exist, the repository does not have SELECT permission on it, or the definition of the table is incompatible with the template in use.
**** Error	Fri May 18 16:42:08 IST 2012	1337339528953	/atg/commerce/order/OrderRepository	java.sql.SQLException: com.mysql.jdbc.exceptions.jdbc4.MySQLSyntaxErrorException: Table 'searchadmin_crs.crs_ship_price' doesn't exist
**** Error	Fri May 18 16:42:08 IST 2012	1337339528953	/atg/commerce/order/OrderRepository	[++SQLSelect++]
**** Error	Fri May 18 16:42:08 IST 2012	1337339528953	/atg/commerce/order/OrderRepository	 SELECT ship_price_info_id,tax_price_info_id
**** Error	Fri May 18 16:42:08 IST 2012	1337339528953	/atg/commerce/order/OrderRepository	   FROM crs_ship_price
**** Error	Fri May 18 16:42:08 IST 2012	1337339528953	/atg/commerce/order/OrderRepository	  WHERE 1 = 2
**** Error	Fri May 18 16:42:08 IST 2012	1337339528953	/atg/commerce/order/OrderRepository	(no parameters)
**** Error	Fri May 18 16:42:08 IST 2012	1337339528953	/atg/commerce/order/OrderRepository	[--SQLSelect--]
**** Error	Fri May 18 16:42:08 IST 2012	1337339528953	/atg/commerce/order/OrderRepository	
**** Error	Fri May 18 16:42:08 IST 2012	1337339528953	/atg/commerce/order/OrderRepository	The table: "crs_ship_price" does not appear to be defined correctly in the database. Either the table does not exist, the repository does not have SELECT permission on it, or the definition of the table is incompatible with the template in use.
**** Error	Fri May 18 16:42:09 IST 2012	1337339529015	/atg/commerce/order/OrderRepository	java.sql.SQLException: com.mysql.jdbc.exceptions.jdbc4.MySQLSyntaxErrorException: Table 'searchadmin_crs.crs_tracking_info' doesn't exist
**** Error	Fri May 18 16:42:09 IST 2012	1337339529015	/atg/commerce/order/OrderRepository	[++SQLSelect++]
**** Error	Fri May 18 16:42:09 IST 2012	1337339529015	/atg/commerce/order/OrderRepository	 SELECT tracking_info_id,shipping_method,tracking_number,carrier_code,url,weight
**** Error	Fri May 18 16:42:09 IST 2012	1337339529015	/atg/commerce/order/OrderRepository	   FROM crs_tracking_info
**** Error	Fri May 18 16:42:09 IST 2012	1337339529015	/atg/commerce/order/OrderRepository	  WHERE 1 = 2
**** Error	Fri May 18 16:42:09 IST 2012	1337339529015	/atg/commerce/order/OrderRepository	(no parameters)
**** Error	Fri May 18 16:42:09 IST 2012	1337339529015	/atg/commerce/order/OrderRepository	[--SQLSelect--]
**** Error	Fri May 18 16:42:09 IST 2012	1337339529015	/atg/commerce/order/OrderRepository	
**** Error	Fri May 18 16:42:09 IST 2012	1337339529015	/atg/commerce/order/OrderRepository	The table: "crs_tracking_info" does not appear to be defined correctly in the database. Either the table does not exist, the repository does not have SELECT permission on it, or the definition of the table is incompatible with the template in use.
**** Error	Fri May 18 16:42:09 IST 2012	1337339529015	/atg/commerce/order/OrderRepository	java.sql.SQLException: com.mysql.jdbc.exceptions.jdbc4.MySQLSyntaxErrorException: Table 'searchadmin_crs.crs_order_sub_req' doesn't exist
**** Error	Fri May 18 16:42:09 IST 2012	1337339529015	/atg/commerce/order/OrderRepository	[++SQLSelect++]
**** Error	Fri May 18 16:42:09 IST 2012	1337339529015	/atg/commerce/order/OrderRepository	 SELECT order_sub_req_id,order_ack_time_out,max_order_submits,client_id
**** Error	Fri May 18 16:42:09 IST 2012	1337339529015	/atg/commerce/order/OrderRepository	   FROM crs_order_sub_req
**** Error	Fri May 18 16:42:09 IST 2012	1337339529015	/atg/commerce/order/OrderRepository	  WHERE 1 = 2
**** Error	Fri May 18 16:42:09 IST 2012	1337339529015	/atg/commerce/order/OrderRepository	(no parameters)
**** Error	Fri May 18 16:42:09 IST 2012	1337339529015	/atg/commerce/order/OrderRepository	[--SQLSelect--]
**** Error	Fri May 18 16:42:09 IST 2012	1337339529015	/atg/commerce/order/OrderRepository	
**** Error	Fri May 18 16:42:09 IST 2012	1337339529015	/atg/commerce/order/OrderRepository	The table: "crs_order_sub_req" does not appear to be defined correctly in the database. Either the table does not exist, the repository does not have SELECT permission on it, or the definition of the table is incompatible with the template in use.
**** Error	Fri May 18 16:42:17 IST 2012	1337339537140	/atg/commerce/order/OrderRepository	Table 'crs_order' in item-descriptor: 'order' does not exist in a table space accessible by the data source.  DatabaseMetaData.getColumns returns no columns.  Catalog=null Schema=null
**** Error	Fri May 18 16:42:35 IST 2012	1337339555859	/atg/commerce/order/OrderRepository	Table 'crs_oms_segments' in item-descriptor: 'order' does not exist in a table space accessible by the data source.  DatabaseMetaData.getColumns returns no columns.  Catalog=null Schema=null
**** Error	Fri May 18 16:42:36 IST 2012	1337339556046	/atg/commerce/order/OrderRepository	Table 'crs_ord_track_info' in item-descriptor: 'order' does not exist in a table space accessible by the data source.  DatabaseMetaData.getColumns returns no columns.  Catalog=null Schema=null
**** Error	Fri May 18 16:42:36 IST 2012	1337339556468	/atg/commerce/order/OrderRepository	Table 'crs_hrd_ship_group' in item-descriptor: 'hardgoodShippingGroup' does not exist in a table space accessible by the data source.  DatabaseMetaData.getColumns returns no columns.  Catalog=null Schema=null
**** Error	Fri May 18 16:42:37 IST 2012	1337339557656	/atg/commerce/search/ProductCatalogOutputConfig	A CA deployment target named "Production" cannot be found in the deployment topology. Using the current repository path for incremental indexing. Please correct the targetName property of this IndexingOutputConfig. Indexing is not operational!
**** Error	Fri May 18 16:42:37 IST 2012	1337339557671	/atg/commerce/search/ProductCatalogOutputConfig	A CA deployment target named "Production" cannot be found in the deployment topology. Using the current repository path for incremental indexing. Please correct the targetName property of this IndexingOutputConfig. Indexing is not operational!
**** Error	Fri May 18 16:42:37 IST 2012	1337339557812	/atg/commerce/order/OrderRepository	Table 'crs_item_price' in item-descriptor: 'itemPriceInfo' does not exist in a table space accessible by the data source.  DatabaseMetaData.getColumns returns no columns.  Catalog=null Schema=null
**** Error	Fri May 18 16:42:38 IST 2012	1337339558031	/atg/commerce/order/OrderRepository	Table 'crs_tax_price' in item-descriptor: 'taxPriceInfo' does not exist in a table space accessible by the data source.  DatabaseMetaData.getColumns returns no columns.  Catalog=null Schema=null
**** Error	Fri May 18 16:42:38 IST 2012	1337339558343	/atg/commerce/order/OrderRepository	Table 'crs_ship_price' in item-descriptor: 'shippingPriceInfo' does not exist in a table space accessible by the data source.  DatabaseMetaData.getColumns returns no columns.  Catalog=null Schema=null
**** Error	Fri May 18 16:42:38 IST 2012	1337339558890	/atg/commerce/order/OrderRepository	Table 'crs_tracking_info' in item-descriptor: 'trackingInfo' does not exist in a table space accessible by the data source.  DatabaseMetaData.getColumns returns no columns.  Catalog=null Schema=null
**** Error	Fri May 18 16:46:12 IST 2012	1337339772828	/atg/commerce/search/ProductCatalogOutputConfig	A CA deployment target named "Production" cannot be found in the deployment topology. Using the current repository path for incremental indexing. Please correct the targetName property of this IndexingOutputConfig. Indexing is not operational!
**** Error	Fri May 18 16:46:12 IST 2012	1337339772859	/atg/commerce/search/ProductCatalogOutputConfig	A CA deployment target named "Production" cannot be found in the deployment topology. Using the current repository path for incremental indexing. Please correct the targetName property of this IndexingOutputConfig. Indexing is not operational!
**** Error	Sun May 20 15:57:33 IST 2012	1337509653921	/atg/commerce/search/ProductCatalogOutputConfig	A CA deployment target named "Production" cannot be found in the deployment topology. Using the current repository path for incremental indexing. Please correct the targetName property of this IndexingOutputConfig. Indexing is not operational!
**** Error	Sun May 20 15:57:33 IST 2012	1337509653953	/atg/commerce/search/ProductCatalogOutputConfig	A CA deployment target named "Production" cannot be found in the deployment topology. Using the current repository path for incremental indexing. Please correct the targetName property of this IndexingOutputConfig. Indexing is not operational!
**** Error	Sun May 20 15:57:45 IST 2012	1337509665953	/atg/search/repository/IndexingPeriodicService	---	atg.repository.search.indexing.IndexingException: Exception obtaining generation for configuration path "{0}" and content ID "{1}".
**** Error	Sun May 20 15:57:45 IST 2012	1337509665953	/atg/search/repository/IndexingPeriodicService		at atg.repository.search.indexing.ConfigStatePersister$9.doInTransaction(ConfigStatePersister.java:1484)
**** Error	Sun May 20 15:57:45 IST 2012	1337509665953	/atg/search/repository/IndexingPeriodicService		at atg.repository.search.indexing.TransactionUtil$IndexingTransactionAction.doWithTransaction(TransactionUtil.java:84)
**** Error	Sun May 20 15:57:45 IST 2012	1337509665953	/atg/search/repository/IndexingPeriodicService		at atg.repository.search.indexing.ConfigStatePersister$IndexingReadLockedTransactionAction.doWithTransaction(ConfigStatePersister.java:2101)
**** Error	Sun May 20 15:57:45 IST 2012	1337509665953	/atg/search/repository/IndexingPeriodicService		at atg.repository.search.indexing.ConfigStatePersister.getUnclaimedConfigStates(ConfigStatePersister.java:1455)
**** Error	Sun May 20 15:57:45 IST 2012	1337509665953	/atg/search/repository/IndexingPeriodicService		at atg.repository.search.indexing.IndexingPeriodicService.scanForIncrementalUpdates(IndexingPeriodicService.java:315)
**** Error	Sun May 20 15:57:45 IST 2012	1337509665953	/atg/search/repository/IndexingPeriodicService		at atg.repository.search.indexing.IndexingPeriodicService.performScheduledTask(IndexingPeriodicService.java:274)
**** Error	Sun May 20 15:57:45 IST 2012	1337509665953	/atg/search/repository/IndexingPeriodicService		at atg.repository.search.indexing.IndexingPeriodicService.performScheduledTask(IndexingPeriodicService.java:251)
**** Error	Sun May 20 15:57:45 IST 2012	1337509665953	/atg/search/repository/IndexingPeriodicService		at atg.service.scheduler.ScheduledJob.runJobs(ScheduledJob.java:441)
**** Error	Sun May 20 15:57:45 IST 2012	1337509665953	/atg/search/repository/IndexingPeriodicService		at atg.service.scheduler.Scheduler$2handler.run(Scheduler.java:760)
**** Error	Sun May 20 15:57:45 IST 2012	1337509665953	/atg/search/repository/IndexingPeriodicService	Caused by :CONTAINER:atg.repository.RepositoryException; SOURCE:java.sql.SQLException: atg.service.resourcepool.ResourcePoolException: attempt to obtain a resource from a pool that is not running
**** Error	Sun May 20 15:57:45 IST 2012	1337509665953	/atg/search/repository/IndexingPeriodicService		at atg.adapter.gsa.GSAItemDescriptor.executeQuery(GSAItemDescriptor.java:7768)
**** Error	Sun May 20 15:57:45 IST 2012	1337509665953	/atg/search/repository/IndexingPeriodicService		at atg.adapter.gsa.GSAView.executeUncachedQuery(GSAView.java:338)
**** Error	Sun May 20 15:57:45 IST 2012	1337509665953	/atg/search/repository/IndexingPeriodicService		at atg.adapter.gsa.GSAView.executeUncachedQuery(GSAView.java:438)
**** Error	Sun May 20 15:57:45 IST 2012	1337509665953	/atg/search/repository/IndexingPeriodicService		at atg.repository.RepositoryViewImpl.executeQuery(RepositoryViewImpl.java:346)
**** Error	Sun May 20 15:57:45 IST 2012	1337509665953	/atg/search/repository/IndexingPeriodicService		at atg.adapter.gsa.GSAView.executeQuery(GSAView.java:285)
**** Error	Sun May 20 15:57:45 IST 2012	1337509665953	/atg/search/repository/IndexingPeriodicService		at atg.repository.RepositoryViewImpl.executeQuery(RepositoryViewImpl.java:323)
**** Error	Sun May 20 15:57:45 IST 2012	1337509665953	/atg/search/repository/IndexingPeriodicService		at atg.repository.RepositoryViewImpl.executeQuery(RepositoryViewImpl.java:229)
**** Error	Sun May 20 15:57:45 IST 2012	1337509665953	/atg/search/repository/IndexingPeriodicService		at atg.repository.search.indexing.ConfigStatePersister.getUnclaimedConfigStateItems(ConfigStatePersister.java:1430)
**** Error	Sun May 20 15:57:45 IST 2012	1337509665953	/atg/search/repository/IndexingPeriodicService		at atg.repository.search.indexing.ConfigStatePersister$9.doInTransaction(ConfigStatePersister.java:1468)
**** Error	Sun May 20 15:57:45 IST 2012	1337509665953	/atg/search/repository/IndexingPeriodicService		at atg.repository.search.indexing.TransactionUtil$IndexingTransactionAction.doWithTransaction(TransactionUtil.java:84)
**** Error	Sun May 20 15:57:45 IST 2012	1337509665953	/atg/search/repository/IndexingPeriodicService		at atg.repository.search.indexing.ConfigStatePersister$IndexingReadLockedTransactionAction.doWithTransaction(ConfigStatePersister.java:2101)
**** Error	Sun May 20 15:57:45 IST 2012	1337509665953	/atg/search/repository/IndexingPeriodicService		at atg.repository.search.indexing.ConfigStatePersister.getUnclaimedConfigStates(ConfigStatePersister.java:1455)
**** Error	Sun May 20 15:57:45 IST 2012	1337509665953	/atg/search/repository/IndexingPeriodicService		at atg.repository.search.indexing.IndexingPeriodicService.scanForIncrementalUpdates(IndexingPeriodicService.java:315)
**** Error	Sun May 20 15:57:45 IST 2012	1337509665953	/atg/search/repository/IndexingPeriodicService		at atg.repository.search.indexing.IndexingPeriodicService.performScheduledTask(IndexingPeriodicService.java:274)
**** Error	Sun May 20 15:57:45 IST 2012	1337509665953	/atg/search/repository/IndexingPeriodicService		at atg.repository.search.indexing.IndexingPeriodicService.performScheduledTask(IndexingPeriodicService.java:251)
**** Error	Sun May 20 15:57:45 IST 2012	1337509665953	/atg/search/repository/IndexingPeriodicService		at atg.service.scheduler.ScheduledJob.runJobs(ScheduledJob.java:441)
**** Error	Sun May 20 15:57:45 IST 2012	1337509665953	/atg/search/repository/IndexingPeriodicService		at atg.service.scheduler.Scheduler$2handler.run(Scheduler.java:760)
**** Error	Sun May 20 15:57:45 IST 2012	1337509665953	/atg/search/repository/IndexingPeriodicService	Caused by (#2):java.sql.SQLException: atg.service.resourcepool.ResourcePoolException: attempt to obtain a resource from a pool that is not running
**** Error	Sun May 20 15:57:45 IST 2012	1337509665953	/atg/search/repository/IndexingPeriodicService		at atg.service.jdbc.MonitoredDataSource.getConnection(MonitoredDataSource.java:1239)
**** Error	Sun May 20 15:57:45 IST 2012	1337509665953	/atg/search/repository/IndexingPeriodicService		at atg.adapter.gsa.GSATransaction.getConnection(GSATransaction.java:742)
**** Error	Sun May 20 15:57:45 IST 2012	1337509665953	/atg/search/repository/IndexingPeriodicService		at atg.adapter.gsa.GSAItemDescriptor.getConnection(GSAItemDescriptor.java:2506)
**** Error	Sun May 20 15:57:45 IST 2012	1337509665953	/atg/search/repository/IndexingPeriodicService		at atg.adapter.gsa.GSAItemDescriptor.executeQuery(GSAItemDescriptor.java:7737)
**** Error	Sun May 20 15:57:45 IST 2012	1337509665953	/atg/search/repository/IndexingPeriodicService		at atg.adapter.gsa.GSAView.executeUncachedQuery(GSAView.java:338)
**** Error	Sun May 20 15:57:45 IST 2012	1337509665953	/atg/search/repository/IndexingPeriodicService		at atg.adapter.gsa.GSAView.executeUncachedQuery(GSAView.java:438)
**** Error	Sun May 20 15:57:45 IST 2012	1337509665953	/atg/search/repository/IndexingPeriodicService		at atg.repository.RepositoryViewImpl.executeQuery(RepositoryViewImpl.java:346)
**** Error	Sun May 20 15:57:45 IST 2012	1337509665953	/atg/search/repository/IndexingPeriodicService		at atg.adapter.gsa.GSAView.executeQuery(GSAView.java:285)
**** Error	Sun May 20 15:57:45 IST 2012	1337509665953	/atg/search/repository/IndexingPeriodicService		at atg.repository.RepositoryViewImpl.executeQuery(RepositoryViewImpl.java:323)
**** Error	Sun May 20 15:57:45 IST 2012	1337509665953	/atg/search/repository/IndexingPeriodicService		at atg.repository.RepositoryViewImpl.executeQuery(RepositoryViewImpl.java:229)
**** Error	Sun May 20 15:57:45 IST 2012	1337509665953	/atg/search/repository/IndexingPeriodicService		at atg.repository.search.indexing.ConfigStatePersister.getUnclaimedConfigStateItems(ConfigStatePersister.java:1430)
**** Error	Sun May 20 15:57:45 IST 2012	1337509665953	/atg/search/repository/IndexingPeriodicService		at atg.repository.search.indexing.ConfigStatePersister$9.doInTransaction(ConfigStatePersister.java:1468)
**** Error	Sun May 20 15:57:45 IST 2012	1337509665953	/atg/search/repository/IndexingPeriodicService		at atg.repository.search.indexing.TransactionUtil$IndexingTransactionAction.doWithTransaction(TransactionUtil.java:84)
**** Error	Sun May 20 15:57:45 IST 2012	1337509665953	/atg/search/repository/IndexingPeriodicService		at atg.repository.search.indexing.ConfigStatePersister$IndexingReadLockedTransactionAction.doWithTransaction(ConfigStatePersister.java:2101)
**** Error	Sun May 20 15:57:45 IST 2012	1337509665953	/atg/search/repository/IndexingPeriodicService		at atg.repository.search.indexing.ConfigStatePersister.getUnclaimedConfigStates(ConfigStatePersister.java:1455)
**** Error	Sun May 20 15:57:45 IST 2012	1337509665953	/atg/search/repository/IndexingPeriodicService		at atg.repository.search.indexing.IndexingPeriodicService.scanForIncrementalUpdates(IndexingPeriodicService.java:315)
**** Error	Sun May 20 15:57:45 IST 2012	1337509665953	/atg/search/repository/IndexingPeriodicService		at atg.repository.search.indexing.IndexingPeriodicService.performScheduledTask(IndexingPeriodicService.java:274)
**** Error	Sun May 20 15:57:45 IST 2012	1337509665953	/atg/search/repository/IndexingPeriodicService		at atg.repository.search.indexing.IndexingPeriodicService.performScheduledTask(IndexingPeriodicService.java:251)
**** Error	Sun May 20 15:57:45 IST 2012	1337509665953	/atg/search/repository/IndexingPeriodicService		at atg.service.scheduler.ScheduledJob.runJobs(ScheduledJob.java:441)
**** Error	Sun May 20 15:57:45 IST 2012	1337509665953	/atg/search/repository/IndexingPeriodicService		at atg.service.scheduler.Scheduler$2handler.run(Scheduler.java:760)
**** Error	Sun May 20 15:57:45 IST 2012	1337509665953	/atg/search/repository/IndexingPeriodicService	
