**** info	Tue Feb 21 09:34:12 IST 2012	1329797052109	/atg/commerce/pricing/Promotions	Resolving reference to /atg/commerce/catalog/ProductCatalog
**** info	Tue Feb 21 09:34:12 IST 2012	1329797052531	/atg/commerce/pricing/priceLists/PriceLists	SQL Repository startup complete
**** info	Tue Feb 21 09:34:12 IST 2012	1329797052593	/atg/multisite/SiteRepository	SQL Repository startup complete
**** info	Tue Feb 21 09:34:12 IST 2012	1329797052640	/atg/commerce/catalog/ProductCatalog	SQL Repository startup complete
**** info	Tue Feb 21 09:34:12 IST 2012	1329797052703	/atg/commerce/gifts/Giftlists	SQL Repository startup complete
**** info	Tue Feb 21 09:34:12 IST 2012	1329797052765	/atg/store/stores/StoreRepository	SQL Repository startup complete
**** info	Tue Feb 21 09:34:12 IST 2012	1329797052828	/atg/userprofiling/ProfileAdapterRepository	SQL Repository startup complete
**** info	Tue Feb 21 09:34:14 IST 2012	1329797054265	/atg/dynamo/service/Scheduler	Scheduler shutting down.
**** info	Tue Feb 21 09:34:59 IST 2012	1329797099109	/atg/commerce/pricing/Promotions	Resolving reference to /atg/commerce/catalog/ProductCatalog
**** info	Tue Feb 21 09:34:59 IST 2012	1329797099609	/atg/commerce/pricing/priceLists/PriceLists	SQL Repository startup complete
**** info	Tue Feb 21 09:34:59 IST 2012	1329797099703	/atg/multisite/SiteRepository	SQL Repository startup complete
**** info	Tue Feb 21 09:34:59 IST 2012	1329797099734	/atg/commerce/catalog/ProductCatalog	SQL Repository startup complete
**** info	Tue Feb 21 09:34:59 IST 2012	1329797099796	/atg/commerce/gifts/Giftlists	SQL Repository startup complete
**** info	Tue Feb 21 09:34:59 IST 2012	1329797099859	/atg/store/stores/StoreRepository	SQL Repository startup complete
**** info	Tue Feb 21 09:34:59 IST 2012	1329797099921	/atg/userprofiling/ProfileAdapterRepository	SQL Repository startup complete
**** info	Tue Feb 21 09:36:11 IST 2012	1329797171078	/atg/commerce/pricing/Promotions	Resolving reference to /atg/commerce/catalog/ProductCatalog
**** info	Tue Feb 21 09:36:11 IST 2012	1329797171515	/atg/commerce/pricing/priceLists/PriceLists	SQL Repository startup complete
**** info	Tue Feb 21 09:36:11 IST 2012	1329797171578	/atg/multisite/SiteRepository	SQL Repository startup complete
**** info	Tue Feb 21 09:36:11 IST 2012	1329797171609	/atg/commerce/catalog/ProductCatalog	SQL Repository startup complete
**** info	Tue Feb 21 09:36:11 IST 2012	1329797171671	/atg/commerce/gifts/Giftlists	SQL Repository startup complete
**** info	Tue Feb 21 09:36:11 IST 2012	1329797171734	/atg/store/stores/StoreRepository	SQL Repository startup complete
**** info	Tue Feb 21 09:36:11 IST 2012	1329797171796	/atg/userprofiling/ProfileAdapterRepository	SQL Repository startup complete
**** info	Tue Feb 21 09:37:13 IST 2012	1329797233562	/atg/commerce/pricing/Promotions	Resolving reference to /atg/commerce/catalog/ProductCatalog
**** info	Tue Feb 21 09:37:14 IST 2012	1329797234046	/atg/commerce/pricing/priceLists/PriceLists	SQL Repository startup complete
**** info	Tue Feb 21 09:37:14 IST 2012	1329797234125	/atg/multisite/SiteRepository	SQL Repository startup complete
**** info	Tue Feb 21 09:37:14 IST 2012	1329797234156	/atg/commerce/catalog/ProductCatalog	SQL Repository startup complete
**** info	Tue Feb 21 09:37:14 IST 2012	1329797234218	/atg/commerce/gifts/Giftlists	SQL Repository startup complete
**** info	Tue Feb 21 09:37:14 IST 2012	1329797234296	/atg/store/stores/StoreRepository	SQL Repository startup complete
**** info	Tue Feb 21 09:37:14 IST 2012	1329797234359	/atg/userprofiling/ProfileAdapterRepository	SQL Repository startup complete
**** info	Tue Feb 21 09:37:14 IST 2012	1329797234546	/atg/dynamo/service/Scheduler	Scheduler shutting down.
**** info	Tue Feb 21 09:38:03 IST 2012	1329797283468	/atg/commerce/pricing/Promotions	Resolving reference to /atg/commerce/catalog/ProductCatalog
**** info	Tue Feb 21 09:38:03 IST 2012	1329797283921	/atg/commerce/pricing/priceLists/PriceLists	SQL Repository startup complete
**** info	Tue Feb 21 09:38:04 IST 2012	1329797284000	/atg/multisite/SiteRepository	SQL Repository startup complete
**** info	Tue Feb 21 09:38:04 IST 2012	1329797284031	/atg/commerce/catalog/ProductCatalog	SQL Repository startup complete
**** info	Tue Feb 21 09:38:04 IST 2012	1329797284093	/atg/commerce/gifts/Giftlists	SQL Repository startup complete
**** info	Tue Feb 21 09:38:04 IST 2012	1329797284156	/atg/store/stores/StoreRepository	SQL Repository startup complete
**** info	Tue Feb 21 09:38:04 IST 2012	1329797284203	/atg/userprofiling/ProfileAdapterRepository	SQL Repository startup complete
**** info	Tue Feb 21 09:41:09 IST 2012	1329797469437	/atg/commerce/pricing/Promotions	Resolving reference to /atg/commerce/catalog/ProductCatalog
**** info	Tue Feb 21 09:41:09 IST 2012	1329797469859	/atg/commerce/pricing/priceLists/PriceLists	SQL Repository startup complete
**** info	Tue Feb 21 09:41:09 IST 2012	1329797469937	/atg/multisite/SiteRepository	SQL Repository startup complete
**** info	Tue Feb 21 09:41:09 IST 2012	1329797469968	/atg/commerce/catalog/ProductCatalog	SQL Repository startup complete
**** info	Tue Feb 21 09:41:10 IST 2012	1329797470015	/atg/commerce/gifts/Giftlists	SQL Repository startup complete
**** info	Tue Feb 21 09:41:10 IST 2012	1329797470078	/atg/store/stores/StoreRepository	SQL Repository startup complete
**** info	Tue Feb 21 09:41:10 IST 2012	1329797470140	/atg/userprofiling/ProfileAdapterRepository	SQL Repository startup complete
**** info	Tue Feb 21 09:42:06 IST 2012	1329797526343	/atg/commerce/pricing/Promotions	Resolving reference to /atg/commerce/catalog/ProductCatalog
**** info	Tue Feb 21 09:42:06 IST 2012	1329797526750	/atg/commerce/pricing/priceLists/PriceLists	SQL Repository startup complete
**** info	Tue Feb 21 09:42:06 IST 2012	1329797526828	/atg/multisite/SiteRepository	SQL Repository startup complete
**** info	Tue Feb 21 09:42:06 IST 2012	1329797526859	/atg/commerce/catalog/ProductCatalog	SQL Repository startup complete
**** info	Tue Feb 21 09:42:06 IST 2012	1329797526906	/atg/commerce/gifts/Giftlists	SQL Repository startup complete
**** info	Tue Feb 21 09:42:06 IST 2012	1329797526968	/atg/store/stores/StoreRepository	SQL Repository startup complete
**** info	Tue Feb 21 09:42:07 IST 2012	1329797527031	/atg/userprofiling/ProfileAdapterRepository	SQL Repository startup complete
**** info	Tue Feb 21 09:42:37 IST 2012	1329797557703	/atg/commerce/pricing/Promotions	Resolving reference to /atg/commerce/catalog/ProductCatalog
**** info	Tue Feb 21 09:42:38 IST 2012	1329797558125	/atg/commerce/pricing/priceLists/PriceLists	SQL Repository startup complete
**** info	Tue Feb 21 09:42:38 IST 2012	1329797558203	/atg/multisite/SiteRepository	SQL Repository startup complete
**** info	Tue Feb 21 09:42:38 IST 2012	1329797558234	/atg/commerce/catalog/ProductCatalog	SQL Repository startup complete
**** info	Tue Feb 21 09:42:38 IST 2012	1329797558281	/atg/commerce/gifts/Giftlists	SQL Repository startup complete
**** info	Tue Feb 21 09:42:38 IST 2012	1329797558343	/atg/userprofiling/ProfileAdapterRepository	SQL Repository startup complete
**** info	Tue Feb 21 09:42:39 IST 2012	1329797559750	/atg/dynamo/service/Scheduler	Scheduler shutting down.
**** info	Tue Feb 21 09:42:39 IST 2012	1329797559750	/atg/dynamo/service/Scheduler	Scheduler stopped.
**** info	Tue Feb 21 09:43:25 IST 2012	1329797605312	/atg/commerce/pricing/Promotions	Resolving reference to /atg/commerce/catalog/ProductCatalog
**** info	Tue Feb 21 09:43:25 IST 2012	1329797605734	/atg/commerce/pricing/priceLists/PriceLists	SQL Repository startup complete
**** info	Tue Feb 21 09:43:25 IST 2012	1329797605812	/atg/multisite/SiteRepository	SQL Repository startup complete
**** info	Tue Feb 21 09:43:25 IST 2012	1329797605843	/atg/commerce/catalog/ProductCatalog	SQL Repository startup complete
**** info	Tue Feb 21 09:43:25 IST 2012	1329797605890	/atg/commerce/gifts/Giftlists	SQL Repository startup complete
**** info	Tue Feb 21 09:43:25 IST 2012	1329797605968	/atg/store/stores/StoreRepository	SQL Repository startup complete
**** info	Tue Feb 21 09:43:26 IST 2012	1329797606031	/atg/userprofiling/ProfileAdapterRepository	SQL Repository startup complete
