**** Error	Thu Feb 23 18:24:42 IST 2012	1330001682578	/atg/epub/DeploymentServer	transport error from agent 'production-local'	java.rmi.ConnectException: Connection refused to host: 127.0.0.1; nested exception is: 
**** Error	Thu Feb 23 18:24:42 IST 2012	1330001682578	/atg/epub/DeploymentServer		java.net.ConnectException: Connection refused: connect
**** Error	Thu Feb 23 18:24:42 IST 2012	1330001682578	/atg/epub/DeploymentServer		at sun.rmi.transport.tcp.TCPEndpoint.newSocket(TCPEndpoint.java:601)
**** Error	Thu Feb 23 18:24:42 IST 2012	1330001682578	/atg/epub/DeploymentServer		at sun.rmi.transport.tcp.TCPChannel.createConnection(TCPChannel.java:198)
**** Error	Thu Feb 23 18:24:42 IST 2012	1330001682578	/atg/epub/DeploymentServer		at sun.rmi.transport.tcp.TCPChannel.newConnection(TCPChannel.java:184)
**** Error	Thu Feb 23 18:24:42 IST 2012	1330001682578	/atg/epub/DeploymentServer		at sun.rmi.server.UnicastRef.invoke(UnicastRef.java:110)
**** Error	Thu Feb 23 18:24:42 IST 2012	1330001682578	/atg/epub/DeploymentServer		at atg.deployment.agent.RMIClientAgentTransport_Stub.getStatus(Unknown Source)
**** Error	Thu Feb 23 18:24:42 IST 2012	1330001682578	/atg/epub/DeploymentServer		at atg.deployment.server.RMIServerAgentTransport.getStatus(RMIServerAgentTransport.java:192)
**** Error	Thu Feb 23 18:24:42 IST 2012	1330001682578	/atg/epub/DeploymentServer		at atg.deployment.server.AgentRef.getStatus(AgentRef.java:555)
**** Error	Thu Feb 23 18:24:42 IST 2012	1330001682578	/atg/epub/DeploymentServer		at atg.deployment.server.AgentStatusCache.performScheduledTask(AgentStatusCache.java:380)
**** Error	Thu Feb 23 18:24:42 IST 2012	1330001682578	/atg/epub/DeploymentServer		at atg.service.scheduler.ScheduledJob.runJobs(ScheduledJob.java:441)
**** Error	Thu Feb 23 18:24:42 IST 2012	1330001682578	/atg/epub/DeploymentServer		at atg.service.scheduler.Scheduler$2handler.run(Scheduler.java:760)
**** Error	Thu Feb 23 18:24:42 IST 2012	1330001682578	/atg/epub/DeploymentServer	Caused by :java.net.ConnectException: Connection refused: connect
**** Error	Thu Feb 23 18:24:42 IST 2012	1330001682578	/atg/epub/DeploymentServer		at java.net.PlainSocketImpl.socketConnect(Native Method)
**** Error	Thu Feb 23 18:24:42 IST 2012	1330001682578	/atg/epub/DeploymentServer		at java.net.PlainSocketImpl.doConnect(PlainSocketImpl.java:333)
**** Error	Thu Feb 23 18:24:42 IST 2012	1330001682578	/atg/epub/DeploymentServer		at java.net.PlainSocketImpl.connectToAddress(PlainSocketImpl.java:195)
**** Error	Thu Feb 23 18:24:42 IST 2012	1330001682578	/atg/epub/DeploymentServer		at java.net.PlainSocketImpl.connect(PlainSocketImpl.java:182)
**** Error	Thu Feb 23 18:24:42 IST 2012	1330001682578	/atg/epub/DeploymentServer		at java.net.SocksSocketImpl.connect(SocksSocketImpl.java:366)
**** Error	Thu Feb 23 18:24:42 IST 2012	1330001682578	/atg/epub/DeploymentServer		at java.net.Socket.connect(Socket.java:525)
**** Error	Thu Feb 23 18:24:42 IST 2012	1330001682578	/atg/epub/DeploymentServer		at java.net.Socket.connect(Socket.java:475)
**** Error	Thu Feb 23 18:24:42 IST 2012	1330001682578	/atg/epub/DeploymentServer		at java.net.Socket.<init>(Socket.java:372)
**** Error	Thu Feb 23 18:24:42 IST 2012	1330001682578	/atg/epub/DeploymentServer		at java.net.Socket.<init>(Socket.java:186)
**** Error	Thu Feb 23 18:24:42 IST 2012	1330001682578	/atg/epub/DeploymentServer		at sun.rmi.transport.proxy.RMIDirectSocketFactory.createSocket(RMIDirectSocketFactory.java:22)
**** Error	Thu Feb 23 18:24:42 IST 2012	1330001682578	/atg/epub/DeploymentServer		at sun.rmi.transport.proxy.RMIMasterSocketFactory.createSocket(RMIMasterSocketFactory.java:128)
**** Error	Thu Feb 23 18:24:42 IST 2012	1330001682578	/atg/epub/DeploymentServer		at atg.server.rmi.DefaultPortRMISocketFactory.createSocket(DefaultPortRMISocketFactory.java:80)
**** Error	Thu Feb 23 18:24:42 IST 2012	1330001682578	/atg/epub/DeploymentServer		at sun.rmi.transport.tcp.TCPEndpoint.newSocket(TCPEndpoint.java:595)
**** Error	Thu Feb 23 18:24:42 IST 2012	1330001682578	/atg/epub/DeploymentServer		at sun.rmi.transport.tcp.TCPChannel.createConnection(TCPChannel.java:198)
**** Error	Thu Feb 23 18:24:42 IST 2012	1330001682578	/atg/epub/DeploymentServer		at sun.rmi.transport.tcp.TCPChannel.newConnection(TCPChannel.java:184)
**** Error	Thu Feb 23 18:24:42 IST 2012	1330001682578	/atg/epub/DeploymentServer		at sun.rmi.server.UnicastRef.invoke(UnicastRef.java:110)
**** Error	Thu Feb 23 18:24:42 IST 2012	1330001682578	/atg/epub/DeploymentServer		at atg.deployment.agent.RMIClientAgentTransport_Stub.getStatus(Unknown Source)
**** Error	Thu Feb 23 18:24:42 IST 2012	1330001682578	/atg/epub/DeploymentServer		at atg.deployment.server.RMIServerAgentTransport.getStatus(RMIServerAgentTransport.java:192)
**** Error	Thu Feb 23 18:24:42 IST 2012	1330001682578	/atg/epub/DeploymentServer		at atg.deployment.server.AgentRef.getStatus(AgentRef.java:555)
**** Error	Thu Feb 23 18:24:42 IST 2012	1330001682578	/atg/epub/DeploymentServer		at atg.deployment.server.AgentStatusCache.performScheduledTask(AgentStatusCache.java:380)
**** Error	Thu Feb 23 18:24:42 IST 2012	1330001682578	/atg/epub/DeploymentServer		at atg.service.scheduler.ScheduledJob.runJobs(ScheduledJob.java:441)
**** Error	Thu Feb 23 18:24:42 IST 2012	1330001682578	/atg/epub/DeploymentServer		at atg.service.scheduler.Scheduler$2handler.run(Scheduler.java:760)
**** Error	Thu Feb 23 18:24:42 IST 2012	1330001682578	/atg/epub/DeploymentServer	
