**** info	Tue Feb 21 17:11:50 IST 2012	1329824510562	/atg/dynamo/service/logging/ScreenLog	Using external info logging for Nucleus debug and trace messages to prevent hidden Nucleus logging. Set the Nucleus /atg/dynamo/service/logging/ScreenLog.useInfoForDebug property to false to use external logging debug and trace instead.
**** info	Tue Feb 21 17:11:59 IST 2012	1329824519781	/atg/epub/version/VersionManagerRepository	SQL Repository startup complete
**** info	Tue Feb 21 17:12:00 IST 2012	1329824520953	/atg/dynamo/server/SQLRepositoryEventServer	Service /atg/dynamo/server/SQLRepositoryEventServer listening at http://vamsoft-srini:1625/
**** info	Tue Feb 21 17:12:01 IST 2012	1329824521203	/atg/seo/SEORepository-ver	SQL Repository startup complete
**** info	Tue Feb 21 17:12:01 IST 2012	1329824521234	/atg/seo/SEORepository	SQL Repository startup complete
**** info	Tue Feb 21 17:12:03 IST 2012	1329824523984	/atg/commerce/pricing/Promotions_production	Resolving reference to /atg/commerce/catalog/ProductCatalog_production
**** info	Tue Feb 21 17:12:05 IST 2012	1329824525140	/atg/dynamo/service/jdbc/SQLRepository	SQL Repository startup complete
**** info	Tue Feb 21 17:12:07 IST 2012	1329824527343	/atg/commerce/pricing/priceLists/PriceLists-ver	SQL Repository startup complete
**** info	Tue Feb 21 17:12:07 IST 2012	1329824527421	/atg/commerce/pricing/priceLists/PriceLists	SQL Repository startup complete
**** info	Tue Feb 21 17:12:08 IST 2012	1329824528265	/atg/multisite/SiteRepository-ver	SQL Repository startup complete
**** info	Tue Feb 21 17:12:08 IST 2012	1329824528390	/atg/multisite/SiteRepository	SQL Repository startup complete
**** info	Tue Feb 21 17:12:09 IST 2012	1329824529062	/atg/commerce/catalog/ProductCatalog_production	SQL Repository startup complete
**** info	Tue Feb 21 17:12:10 IST 2012	1329824530546	/atg/commerce/pricing/priceLists/PriceLists_production	SQL Repository startup complete
**** info	Tue Feb 21 17:12:10 IST 2012	1329824530765	/atg/commerce/gifts/Giftlists_production	SQL Repository startup complete
**** info	Tue Feb 21 17:12:10 IST 2012	1329824530968	/atg/store/stores/StoreRepository-ver	SQL Repository startup complete
**** info	Tue Feb 21 17:12:11 IST 2012	1329824531031	/atg/store/stores/StoreRepository	SQL Repository startup complete
**** info	Tue Feb 21 17:12:11 IST 2012	1329824531359	/atg/userprofiling/ExternalProfileRepository	SQL Repository startup complete
**** info	Tue Feb 21 17:12:11 IST 2012	1329824531500	/atg/dynamo/server/SQLRepositoryEventServer_production	Service /atg/dynamo/server/SQLRepositoryEventServer_production listening at http://vamsoft-srini:1658/
**** info	Tue Feb 21 17:12:11 IST 2012	1329824531562	/atg/dynamo/service/jdbc/SQLRepository_production	SQL Repository startup complete
**** info	Tue Feb 21 17:12:11 IST 2012	1329824531718	/atg/commerce/pricing/Promotions	Resolving reference to /atg/commerce/catalog/ProductCatalog
**** info	Tue Feb 21 17:12:11 IST 2012	1329824531812	/atg/commerce/gifts/Giftlists	SQL Repository startup complete
**** info	Tue Feb 21 17:12:11 IST 2012	1329824531859	/atg/userprofiling/ProfileAdapterRepository	SQL Repository startup complete
**** info	Tue Feb 21 17:12:13 IST 2012	1329824533890	/atg/commerce/catalog/ProductCatalog-ver	SQL Repository startup complete
**** info	Tue Feb 21 17:12:15 IST 2012	1329824535000	/atg/commerce/catalog/ProductCatalog	SQL Repository startup complete
**** info	Tue Feb 21 17:12:18 IST 2012	1329824538046	/atg/portal/framework/PortalRepository	SQL Repository startup complete
**** info	Tue Feb 21 17:12:18 IST 2012	1329824538093	/atg/userprofiling/InternalProfileRepository	SQL Repository startup complete
**** info	Tue Feb 21 17:12:19 IST 2012	1329824539125	/atg/dynamo/security/AdminSqlRepository	SQL Repository startup complete
**** info	Tue Feb 21 17:12:19 IST 2012	1329824539125	/atg/dynamo/security/AdminAccountInitializer	Initializing account database /atg/dynamo/security/AdminAccountManager from /atg/dynamo/security/SimpleXmlUserAuthority
**** info	Tue Feb 21 17:12:24 IST 2012	1329824544375	/atg/commerce/claimable/Claimable-ver	SQL Repository startup complete
**** info	Tue Feb 21 17:12:24 IST 2012	1329824544421	/atg/commerce/claimable/ClaimableRepository	SQL Repository startup complete
**** info	Tue Feb 21 17:12:24 IST 2012	1329824544484	/atg/userprofiling/PersonalizationRepository-ver	SQL Repository startup complete
**** info	Tue Feb 21 17:12:24 IST 2012	1329824544515	/atg/userprofiling/PersonalizationRepository	SQL Repository startup complete
**** info	Tue Feb 21 17:12:24 IST 2012	1329824544750	/atg/epub/process/ProcessData-ver	SQL Repository startup complete
**** info	Tue Feb 21 17:12:24 IST 2012	1329824544781	/atg/epub/process/ProcessDataRepository	SQL Repository startup complete
**** info	Tue Feb 21 17:12:26 IST 2012	1329824546171	/atg/epub/file/PublishingFiles-ver	SQL Repository startup complete
**** info	Tue Feb 21 17:12:26 IST 2012	1329824546250	/atg/epub/file/PublishingFileRepository	SQL Repository startup complete
**** info	Tue Feb 21 17:12:30 IST 2012	1329824550203	/atg/dynamo/service/loader/SampleRepository	SQL Repository startup complete
**** info	Tue Feb 21 17:12:43 IST 2012	1329824563000	/atg/commerce/PipelineManager	Starting PipelineManager.
**** info	Tue Feb 21 17:12:56 IST 2012	1329824576765	/atg/epub/PublishingRepository	SQL Repository startup complete
**** info	Tue Feb 21 17:12:59 IST 2012	1329824579312	/atg/commerce/payment/PaymentPipelineManager	Starting PipelineManager.
**** info	Tue Feb 21 17:13:01 IST 2012	1329824581109	/atg/commerce/pricing/ItemPricingEngine	Pricing Engine starting up
**** info	Tue Feb 21 17:13:02 IST 2012	1329824582593	/atg/commerce/order/OrderRepository	SQL Repository startup complete
**** info	Tue Feb 21 17:13:03 IST 2012	1329824583546	/atg/commerce/pricing/OrderPricingEngine	Pricing Engine starting up
**** info	Tue Feb 21 17:13:04 IST 2012	1329824584718	/atg/commerce/pricing/TaxPricingEngine	Pricing Engine starting up
**** info	Tue Feb 21 17:13:04 IST 2012	1329824584859	/atg/commerce/pricing/ShippingPricingEngine	Pricing Engine starting up
**** info	Tue Feb 21 17:13:05 IST 2012	1329824585218	/atg/commerce/inventory/InventoryRepository	SQL Repository startup complete
**** info	Tue Feb 21 17:13:07 IST 2012	1329824587515	/atg/content/media/MediaRepository	SQL Repository startup complete
**** info	Tue Feb 21 17:13:09 IST 2012	1329824589031	/atg/web/viewmapping/ViewMappingRepository	SQL Repository startup complete
**** info	Tue Feb 21 17:13:10 IST 2012	1329824590625	/atg/dynamo/server/RmiServer	Service /atg/dynamo/server/RmiServer listening at rmi://vamsoft-srini:8860/
**** info	Tue Feb 21 17:13:11 IST 2012	1329824591921	/atg/scenario/XrefParserManager	XrefParserManager startup complete
**** info	Tue Feb 21 17:13:15 IST 2012	1329824595781	/atg/scenario/ScenarioManager	Initializing Process Editor Server localhost:8850
**** info	Tue Feb 21 17:13:18 IST 2012	1329824598015	/atg/userprofiling/sso/PassportAuthorityService	Starting passport authority service
**** info	Tue Feb 21 17:13:18 IST 2012	1329824598984	/atg/scenario/CollectiveEmailSender	Resolving reference to /atg/userprofiling/email/TemplateEmailSender
**** info	Tue Feb 21 17:13:20 IST 2012	1329824600531	/atg/reporting/DatasetRecorderManager	Validating all dataset mappers
**** info	Tue Feb 21 17:13:25 IST 2012	1329824605109	/atg/commerce/order/abandoned/AbandonedOrderLogRepository	SQL Repository startup complete
**** info	Tue Feb 21 17:13:26 IST 2012	1329824606296	/atg/scenario/InternalScenarioManager	Initializing Process Editor Server localhost:8850
**** info	Tue Feb 21 17:13:26 IST 2012	1329824606796	/atg/epub/workflow/process/WorkflowProcessManager	Initializing Process Editor Server localhost:8850
**** info	Tue Feb 21 17:13:26 IST 2012	1329824606828	/atg/epub/workflow/process/WorkflowEmailSender	Resolving reference to /atg/userprofiling/email/InternalTemplateEmailSender
**** info	Tue Feb 21 17:13:32 IST 2012	1329824612468	/atg/deployment/DeploymentRepository	SQL Repository startup complete
**** info	Tue Feb 21 17:13:42 IST 2012	1329824622781	/atg/epub/workflow/process/WorkflowProcessManager	Removing global process /Campaigns/project/internal/CompositeActionDeployment.wdl
**** info	Tue Feb 21 17:13:42 IST 2012	1329824622875	/atg/epub/workflow/process/WorkflowProcessManager	Removing global process /ListImport/project/listImport.wdl
**** info	Tue Feb 21 17:13:42 IST 2012	1329824622968	/atg/epub/workflow/process/WorkflowProcessManager	Removing global process /ListImport/listImport.wdl
**** info	Tue Feb 21 17:13:43 IST 2012	1329824623078	/atg/epub/workflow/process/WorkflowProcessManager	Removing global process /Campaigns/project/TemplateCampaigns.wdl
**** info	Tue Feb 21 17:13:43 IST 2012	1329824623250	/atg/epub/workflow/process/WorkflowProcessManager	Removing global process /Campaigns/campaignTemplateWorkflow.wdl
**** info	Tue Feb 21 17:13:43 IST 2012	1329824623500	/atg/epub/workflow/process/WorkflowProcessManager	Removing global process /Campaigns/project/Campaigns.wdl
**** info	Tue Feb 21 17:13:43 IST 2012	1329824623609	/atg/epub/workflow/process/WorkflowProcessManager	Removing global process /Commerce/adminCommerceSearch.wdl
**** info	Tue Feb 21 17:13:43 IST 2012	1329824623718	/atg/epub/workflow/process/WorkflowProcessManager	Removing global process /Campaigns/campaignWorkflow.wdl
**** info	Tue Feb 21 17:13:43 IST 2012	1329824623906	/atg/epub/workflow/process/WorkflowProcessManager	Cleaning up after server failure or unexpected shutdown: 1 pending delete operations found 
**** info	Tue Feb 21 17:13:45 IST 2012	1329824625140	/atg/dynamo/service/ServerLockManager	Service /atg/dynamo/service/ServerLockManager listening at http://vamsoft-srini:9011/
**** info	Tue Feb 21 17:13:45 IST 2012	1329824625343	/atg/registry/PipelineRegistry	Starting Pipeline Registry.
**** info	Tue Feb 21 17:13:46 IST 2012	1329824626015	/atg/sitemap/SitemapRepository	SQL Repository startup complete
**** info	Tue Feb 21 17:13:47 IST 2012	1329824627734	/atg/reporting/md/DatasetDomain	Domain service started
**** info	Tue Feb 21 17:13:47 IST 2012	1329824627859	/atg/reporting/ChartTemplateScheduler	DSS Template scheduler started
**** info	Tue Feb 21 17:13:51 IST 2012	1329824631421	/atg/epub/file/RepositoryGroupRefresherService	Refreshed repository groups
**** info	Tue Feb 21 17:13:51 IST 2012	1329824631593	/atg/epub/file/RestartableComponentCheckinListener	Restartable component checkin listener started up successfully.
**** info	Tue Feb 21 17:13:53 IST 2012	1329824633578	/atg/epub/deployment/DeploymentManager	Resolving reference to /atg/deployment/DeploymentManager
**** info	Tue Feb 21 17:13:54 IST 2012	1329824634140	/atg/commerce/promotion/template/PromotionTemplateManager	Promotion Template scheduler started
**** info	Tue Feb 21 17:13:55 IST 2012	1329824635765	/atg/remote/assetmanager/common/service/PropertyManager	Resolving reference to /atg/userprofiling/InternalPropertyManager
**** info	Tue Feb 21 17:13:56 IST 2012	1329824636218	/atg/commerce/claimable/ClaimableRepository_production	SQL Repository startup complete
**** info	Tue Feb 21 17:13:56 IST 2012	1329824636343	/atg/seo/SEORepository_production	SQL Repository startup complete
**** info	Tue Feb 21 17:13:56 IST 2012	1329824636687	/atg/multisite/SiteRepository_production	SQL Repository startup complete
**** info	Tue Feb 21 17:13:56 IST 2012	1329824636796	/atg/userprofiling/PersonalizationRepository_production	SQL Repository startup complete
**** info	Tue Feb 21 17:13:56 IST 2012	1329824636906	/atg/store/stores/StoreRepository_production	SQL Repository startup complete
**** info	Tue Feb 21 17:13:56 IST 2012	1329824636937	/atg/commerce/catalog/MerchandisingProductCatalog	Resolving reference to /atg/commerce/catalog/ProductCatalog
**** info	Tue Feb 21 17:13:58 IST 2012	1329824638343	/atg/commerce/catalog/CatalogChangesListener	Resolving reference to /atg/commerce/catalog/custom/CatalogChangesListener
**** info	Tue Feb 21 17:15:52 IST 2012	1329824752890	/atg/remote/assetmanager/editor/service/PreviewManagerService	Resolving reference to /atg/dynamo/service/preview/PreviewManager
**** info	Tue Feb 21 17:41:08 IST 2012	1329826268578	/atg/deployment/DeploymentManager	Database: MySQL
**** info	Tue Feb 21 17:41:08 IST 2012	1329826268796	/atg/deployment/DeploymentManager	Starting deployment with id: 1500002
**** info	Tue Feb 21 17:41:08 IST 2012	1329826268921	/atg/deployment/DeploymentManager	Executing deployment in LOCAL mode
**** info	Tue Feb 21 17:41:51 IST 2012	1329826311359	/atg/deployment/DeploymentManager	Purging deployment data for deployment 1500002
**** info	Tue Feb 21 17:41:52 IST 2012	1329826312203	/atg/deployment/DeploymentManager	Deployment 1500002 finished in 0:43.328
**** info	Tue Feb 21 17:41:52 IST 2012	1329826312203	/atg/deployment/DeploymentManager	Averaged 0 assets per second
**** info	Tue Feb 21 17:42:18 IST 2012	1329826338437	/atg/deployment/DeploymentManager	Purging deployment data for deployment 1500002
**** info	Thu Feb 23 09:14:54 IST 2012	1329968694734	/atg/dynamo/service/logging/ScreenLog	Using external info logging for Nucleus debug and trace messages to prevent hidden Nucleus logging. Set the Nucleus /atg/dynamo/service/logging/ScreenLog.useInfoForDebug property to false to use external logging debug and trace instead.
**** info	Thu Feb 23 09:15:01 IST 2012	1329968701312	/atg/epub/version/VersionManagerRepository	SQL Repository startup complete
**** info	Thu Feb 23 09:15:03 IST 2012	1329968703890	/atg/dynamo/server/SQLRepositoryEventServer	Service /atg/dynamo/server/SQLRepositoryEventServer listening at http://vamsoft-srini:1798/
**** info	Thu Feb 23 09:15:04 IST 2012	1329968704187	/atg/seo/SEORepository-ver	SQL Repository startup complete
**** info	Thu Feb 23 09:15:04 IST 2012	1329968704250	/atg/seo/SEORepository	SQL Repository startup complete
**** info	Thu Feb 23 09:15:06 IST 2012	1329968706343	/atg/commerce/pricing/Promotions_production	Resolving reference to /atg/commerce/catalog/ProductCatalog_production
**** info	Thu Feb 23 09:15:09 IST 2012	1329968709328	/atg/dynamo/service/jdbc/SQLRepository	SQL Repository startup complete
**** info	Thu Feb 23 09:15:13 IST 2012	1329968713781	/atg/commerce/pricing/priceLists/PriceLists-ver	SQL Repository startup complete
**** info	Thu Feb 23 09:15:14 IST 2012	1329968714015	/atg/commerce/pricing/priceLists/PriceLists	SQL Repository startup complete
**** info	Thu Feb 23 09:15:15 IST 2012	1329968715750	/atg/multisite/SiteRepository-ver	SQL Repository startup complete
**** info	Thu Feb 23 09:15:16 IST 2012	1329968716000	/atg/multisite/SiteRepository	SQL Repository startup complete
**** info	Thu Feb 23 09:15:16 IST 2012	1329968716859	/atg/commerce/catalog/ProductCatalog_production	SQL Repository startup complete
**** info	Thu Feb 23 09:15:19 IST 2012	1329968719250	/atg/commerce/pricing/priceLists/PriceLists_production	SQL Repository startup complete
**** info	Thu Feb 23 09:15:19 IST 2012	1329968719468	/atg/commerce/gifts/Giftlists_production	SQL Repository startup complete
**** info	Thu Feb 23 09:15:19 IST 2012	1329968719796	/atg/store/stores/StoreRepository-ver	SQL Repository startup complete
**** info	Thu Feb 23 09:15:19 IST 2012	1329968719859	/atg/store/stores/StoreRepository	SQL Repository startup complete
**** info	Thu Feb 23 09:15:20 IST 2012	1329968720046	/atg/userprofiling/ExternalProfileRepository	SQL Repository startup complete
**** info	Thu Feb 23 09:15:20 IST 2012	1329968720203	/atg/dynamo/server/SQLRepositoryEventServer_production	Service /atg/dynamo/server/SQLRepositoryEventServer_production listening at http://vamsoft-srini:1823/
**** info	Thu Feb 23 09:15:20 IST 2012	1329968720265	/atg/dynamo/service/jdbc/SQLRepository_production	SQL Repository startup complete
**** info	Thu Feb 23 09:15:20 IST 2012	1329968720453	/atg/commerce/pricing/Promotions	Resolving reference to /atg/commerce/catalog/ProductCatalog
**** info	Thu Feb 23 09:15:20 IST 2012	1329968720578	/atg/commerce/gifts/Giftlists	SQL Repository startup complete
**** info	Thu Feb 23 09:15:20 IST 2012	1329968720671	/atg/userprofiling/ProfileAdapterRepository	SQL Repository startup complete
**** info	Thu Feb 23 09:15:24 IST 2012	1329968724078	/atg/commerce/catalog/ProductCatalog-ver	SQL Repository startup complete
**** info	Thu Feb 23 09:15:26 IST 2012	1329968726953	/atg/commerce/catalog/ProductCatalog	SQL Repository startup complete
**** info	Thu Feb 23 09:15:29 IST 2012	1329968729125	/atg/portal/framework/PortalRepository	SQL Repository startup complete
**** info	Thu Feb 23 09:15:29 IST 2012	1329968729281	/atg/userprofiling/InternalProfileRepository	SQL Repository startup complete
**** info	Thu Feb 23 09:15:30 IST 2012	1329968730156	/atg/dynamo/security/AdminSqlRepository	SQL Repository startup complete
**** info	Thu Feb 23 09:15:30 IST 2012	1329968730156	/atg/dynamo/security/AdminAccountInitializer	Initializing account database /atg/dynamo/security/AdminAccountManager from /atg/dynamo/security/SimpleXmlUserAuthority
**** info	Thu Feb 23 09:15:39 IST 2012	1329968739812	/atg/commerce/claimable/Claimable-ver	SQL Repository startup complete
**** info	Thu Feb 23 09:15:39 IST 2012	1329968739984	/atg/commerce/claimable/ClaimableRepository	SQL Repository startup complete
**** info	Thu Feb 23 09:15:40 IST 2012	1329968740468	/atg/userprofiling/PersonalizationRepository-ver	SQL Repository startup complete
**** info	Thu Feb 23 09:15:40 IST 2012	1329968740500	/atg/userprofiling/PersonalizationRepository	SQL Repository startup complete
**** info	Thu Feb 23 09:15:40 IST 2012	1329968740718	/atg/epub/process/ProcessData-ver	SQL Repository startup complete
**** info	Thu Feb 23 09:15:40 IST 2012	1329968740781	/atg/epub/process/ProcessDataRepository	SQL Repository startup complete
**** info	Thu Feb 23 09:15:41 IST 2012	1329968741671	/atg/epub/file/PublishingFiles-ver	SQL Repository startup complete
**** info	Thu Feb 23 09:15:41 IST 2012	1329968741843	/atg/epub/file/PublishingFileRepository	SQL Repository startup complete
**** info	Thu Feb 23 09:15:44 IST 2012	1329968744250	/atg/dynamo/service/loader/SampleRepository	SQL Repository startup complete
**** info	Thu Feb 23 09:15:50 IST 2012	1329968750562	/atg/commerce/PipelineManager	Starting PipelineManager.
**** info	Thu Feb 23 09:16:00 IST 2012	1329968760921	/atg/epub/PublishingRepository	SQL Repository startup complete
**** info	Thu Feb 23 09:16:03 IST 2012	1329968763468	/atg/commerce/payment/PaymentPipelineManager	Starting PipelineManager.
**** info	Thu Feb 23 09:16:04 IST 2012	1329968764968	/atg/commerce/pricing/ItemPricingEngine	Pricing Engine starting up
**** info	Thu Feb 23 09:16:06 IST 2012	1329968766562	/atg/commerce/order/OrderRepository	SQL Repository startup complete
**** info	Thu Feb 23 09:16:06 IST 2012	1329968766921	/atg/commerce/pricing/OrderPricingEngine	Pricing Engine starting up
**** info	Thu Feb 23 09:16:07 IST 2012	1329968767421	/atg/commerce/pricing/TaxPricingEngine	Pricing Engine starting up
**** info	Thu Feb 23 09:16:07 IST 2012	1329968767703	/atg/commerce/pricing/ShippingPricingEngine	Pricing Engine starting up
**** info	Thu Feb 23 09:16:07 IST 2012	1329968767937	/atg/commerce/inventory/InventoryRepository	SQL Repository startup complete
**** info	Thu Feb 23 09:16:09 IST 2012	1329968769765	/atg/content/media/MediaRepository	SQL Repository startup complete
**** info	Thu Feb 23 09:16:11 IST 2012	1329968771500	/atg/web/viewmapping/ViewMappingRepository	SQL Repository startup complete
**** info	Thu Feb 23 09:16:12 IST 2012	1329968772437	/atg/dynamo/server/RmiServer	Service /atg/dynamo/server/RmiServer listening at rmi://vamsoft-srini:8860/
**** info	Thu Feb 23 09:16:13 IST 2012	1329968773328	/atg/scenario/XrefParserManager	XrefParserManager startup complete
**** info	Thu Feb 23 09:16:15 IST 2012	1329968775156	/atg/scenario/ScenarioManager	Initializing Process Editor Server localhost:8850
**** info	Thu Feb 23 09:16:16 IST 2012	1329968776546	/atg/userprofiling/sso/PassportAuthorityService	Starting passport authority service
**** info	Thu Feb 23 09:16:16 IST 2012	1329968776890	/atg/scenario/CollectiveEmailSender	Resolving reference to /atg/userprofiling/email/TemplateEmailSender
**** info	Thu Feb 23 09:16:17 IST 2012	1329968777312	/atg/reporting/DatasetRecorderManager	Validating all dataset mappers
**** info	Thu Feb 23 09:16:20 IST 2012	1329968780765	/atg/commerce/order/abandoned/AbandonedOrderLogRepository	SQL Repository startup complete
**** info	Thu Feb 23 09:16:21 IST 2012	1329968781796	/atg/scenario/InternalScenarioManager	Initializing Process Editor Server localhost:8850
**** info	Thu Feb 23 09:16:22 IST 2012	1329968782187	/atg/epub/workflow/process/WorkflowProcessManager	Initializing Process Editor Server localhost:8850
**** info	Thu Feb 23 09:16:22 IST 2012	1329968782218	/atg/epub/workflow/process/WorkflowEmailSender	Resolving reference to /atg/userprofiling/email/InternalTemplateEmailSender
**** info	Thu Feb 23 09:16:27 IST 2012	1329968787968	/atg/deployment/DeploymentRepository	SQL Repository startup complete
**** info	Thu Feb 23 09:16:36 IST 2012	1329968796406	/atg/dynamo/service/ServerLockManager	Service /atg/dynamo/service/ServerLockManager listening at http://vamsoft-srini:9011/
**** info	Thu Feb 23 09:16:36 IST 2012	1329968796546	/atg/registry/PipelineRegistry	Starting Pipeline Registry.
**** info	Thu Feb 23 09:16:37 IST 2012	1329968797015	/atg/sitemap/SitemapRepository	SQL Repository startup complete
**** info	Thu Feb 23 09:16:38 IST 2012	1329968798562	/atg/reporting/md/DatasetDomain	Domain service started
**** info	Thu Feb 23 09:16:38 IST 2012	1329968798687	/atg/reporting/ChartTemplateScheduler	DSS Template scheduler started
**** info	Thu Feb 23 09:16:40 IST 2012	1329968800656	/atg/epub/file/RepositoryGroupRefresherService	Refreshed repository groups
**** info	Thu Feb 23 09:16:40 IST 2012	1329968800812	/atg/epub/file/RestartableComponentCheckinListener	Restartable component checkin listener started up successfully.
**** info	Thu Feb 23 09:16:42 IST 2012	1329968802703	/atg/epub/deployment/DeploymentManager	Resolving reference to /atg/deployment/DeploymentManager
**** info	Thu Feb 23 09:16:43 IST 2012	1329968803359	/atg/commerce/promotion/template/PromotionTemplateManager	Promotion Template scheduler started
**** info	Thu Feb 23 09:16:44 IST 2012	1329968804796	/atg/remote/assetmanager/common/service/PropertyManager	Resolving reference to /atg/userprofiling/InternalPropertyManager
**** info	Thu Feb 23 09:16:45 IST 2012	1329968805406	/atg/commerce/claimable/ClaimableRepository_production	SQL Repository startup complete
**** info	Thu Feb 23 09:16:45 IST 2012	1329968805687	/atg/seo/SEORepository_production	SQL Repository startup complete
**** info	Thu Feb 23 09:16:45 IST 2012	1329968805968	/atg/multisite/SiteRepository_production	SQL Repository startup complete
**** info	Thu Feb 23 09:16:46 IST 2012	1329968806046	/atg/userprofiling/PersonalizationRepository_production	SQL Repository startup complete
**** info	Thu Feb 23 09:16:46 IST 2012	1329968806250	/atg/store/stores/StoreRepository_production	SQL Repository startup complete
**** info	Thu Feb 23 09:16:46 IST 2012	1329968806296	/atg/commerce/catalog/MerchandisingProductCatalog	Resolving reference to /atg/commerce/catalog/ProductCatalog
**** info	Thu Feb 23 09:16:47 IST 2012	1329968807421	/atg/commerce/catalog/CatalogChangesListener	Resolving reference to /atg/commerce/catalog/custom/CatalogChangesListener
**** info	Thu Feb 23 10:48:00 IST 2012	1329974280484	/atg/devtools/ArchiveDirectoryCache	Finished Updating J2EE Application Cache
**** info	Thu Feb 23 15:16:03 IST 2012	1329990363609	/atg/commerce/payment/PaymentPipelineManager	Reinitializing PipelineManager from XML file.
**** info	Thu Feb 23 15:16:06 IST 2012	1329990366968	/atg/commerce/PipelineManager	Reinitializing PipelineManager from XML file.
**** info	Thu Feb 23 18:11:09 IST 2012	1330000869968	/atg/remote/assetmanager/editor/service/PreviewManagerService	Resolving reference to /atg/dynamo/service/preview/PreviewManager
