2012/06/16 22:26:20 : LOGGING : Server : 0 : Logfile Opened
2012/06/16 22:26:20 : INFO : Server : 0 : Starting engine process
2012/06/16 22:26:20 : LOGGING : Server : 0 : 	Platform: x86-Windows32
2012/06/16 22:26:20 : LOGGING : Server : 0 : 	Build: ATGSearch_10.0.3_110811-000045
2012/06/16 22:26:20 : LOGGING : Server : 0 : 	Unicode Support: utf8
2012/06/16 22:26:20 : LOGGING : Server : 0 : 	hostname: vamsoft-srini
2012/06/16 22:26:20 : LOGGING : Server : 0 : 	IP address: 172.16.0.2
2012/06/16 22:26:20 : LOGGING : Server : 0 : 	OS version: 5.1
2012/06/16 22:26:20 : LOGGING : Server : 0 : 	Processors: 2
2012/06/16 22:26:20 : LOGGING : Server : 0 : 	Processor speed (MHz): 1995
2012/06/16 22:26:20 : LOGGING : Server : 0 : 	Total physical memory (MB): 3001
2012/06/16 22:26:20 : LOGGING : Server : 0 : 	Avail physical memory (MB): 311
2012/06/16 22:26:20 : LOGGING : Server : 0 : 	Total swap space (MB): 7836
2012/06/16 22:26:20 : LOGGING : Server : 0 : 	Avail swap space (MB): 4838
2012/06/16 22:26:20 : INFO : Server : 0 : 	Engine config file: C:\AE10\ATG10.0.3\Search10.0.3\SearchEngine\x86-win32\bin\AEConfig.xml
2012/06/16 22:26:20 : INFO : Server : 0 : 	SOAP config file: AESoapWaspConfig.xml
2012/06/16 22:26:20 : INFO : Server : 0 : 	Using port: 6072 soap config file: C:\AE10\ATG10.0.3\Search10.0.3\SearchEngine\x86-win32\bin$AUTO$6072.Admin.Shutdown6072.xml
2012/06/16 22:26:20 : INFO : Server : 0 : 	SOAP config: reuseCount=30, keepAlive=1, reuseTimeout=180, rwTimeout=10, acceptTimeout=5, chunked=1, maxThreads=10
2012/06/16 22:26:20 : INFO : Server : 0 : Initialized engine
2012/06/16 22:26:20 : INFO : Server : 0 : Starting engine without index partition
2012/06/16 22:26:20 : INFO : Server : 0 : Starting soap server
2012/06/16 22:26:21 : INFO : Server : 0 : Starting 10 worker threads, limiting to 10 in search processing
2012/06/16 22:26:21 : INFO : Server : 0 : Listening for requests.
2012/06/16 22:26:21 : INFO : Server : 0 : Status = <status state='stopped' messages='no'></status>
2012/06/16 22:26:21 : INFO : Server : 0 : Status = <status state='starting' messages='no' progress="0"></status>
2012/06/16 22:26:21 : INFO : Server : 0 : Starting copy of 'C:\AE10\ATG10.0.3\Search10.0.3\SearchEngine\x86-win32\data\initial.index' to '../indexFiles\100002\initial.index'
2012/06/16 22:26:21 : INFO : Server : 0 : Finished copy of memmap
2012/06/16 22:26:22 : INFO : Server : 0 : Initializing search engine components...
2012/06/16 22:26:22 : INFO : Memory : 0 : Memory manager file: ../indexFiles\100002\initial.index
2012/06/16 22:26:22 : INFO : Memory : 0 : Initialized memory manager -- Reserve: 365,625,344 Threshold: 0 Increment: 8,388,608 Current Size: 851,968
2012/06/16 22:26:22 : INFO : Server : 901 : Engine is ready
2012/06/16 22:26:23 : INFO : Server : 0 : Status = <status state='starting' messages='no' progress="100"></status>
2012/06/16 22:26:25 : INFO : Server : 0 : Status = <status state='started' messages='no'></status>
2012/06/16 22:26:25 : INFO : Server : 0 : Content ID: 2a55568b-28cb-41e3-970c-2dc02abf0d6b
2012/06/16 22:26:25 : INFO : Memory : 909 : The memory manager reinitialized.  Incrementing memory manager -- Reserve: 365,625,344 Threshold: 16,777,216 Base Increment: 8,388,608 Adj Increment: 8,388,608 Current Size: 9,240,576.
2012/06/16 22:26:25 : INFO : Memory : 909 : The memory manager reinitialized.  Incrementing memory manager -- Reserve: 365,625,344 Threshold: 16,777,216 Base Increment: 8,388,608 Adj Increment: 524,288 Current Size: 9,764,864.
2012/06/16 22:26:25 : INFO : Memory : 909 : The memory manager reinitialized.  Incrementing memory manager -- Reserve: 365,625,344 Threshold: 16,777,216 Base Increment: 8,388,608 Adj Increment: 524,288 Current Size: 10,289,152.
2012/06/16 22:26:25 : INFO : Memory : 909 : The memory manager reinitialized.  Incrementing memory manager -- Reserve: 365,625,344 Threshold: 16,777,216 Base Increment: 8,388,608 Adj Increment: 524,288 Current Size: 10,813,440.
2012/06/16 22:26:26 : INFO : Memory : 909 : The memory manager reinitialized.  Incrementing memory manager -- Reserve: 365,625,344 Threshold: 16,777,216 Base Increment: 8,388,608 Adj Increment: 524,288 Current Size: 11,337,728.
2012/06/16 22:26:27 : INFO : Memory : 909 : The memory manager reinitialized.  Incrementing memory manager -- Reserve: 365,625,344 Threshold: 16,777,216 Base Increment: 8,388,608 Adj Increment: 524,288 Current Size: 11,862,016.
2012/06/16 22:26:29 : INFO : Memory : 909 : The memory manager reinitialized.  Incrementing memory manager -- Reserve: 365,625,344 Threshold: 16,777,216 Base Increment: 8,388,608 Adj Increment: 524,288 Current Size: 12,386,304.
2012/06/16 22:26:31 : INFO : Memory : 909 : The memory manager reinitialized.  Incrementing memory manager -- Reserve: 365,625,344 Threshold: 16,777,216 Base Increment: 8,388,608 Adj Increment: 524,288 Current Size: 12,910,592.
2012/06/16 22:26:40 : INFO : Memory : 0 : Memory manager file: ../indexFiles/100002\CommerceProject.100001.ProductCatalog.100039.idx
2012/06/16 22:26:40 : INFO : Memory : 0 : Initialized memory manager -- Reserve: 365,625,344 Threshold: 16,777,216 Increment: 8,388,608 Current Size: 12,910,592
2012/06/16 22:26:41 : INFO : Server : 0 : Status = <status state='started' messages='no'></status>
2012/06/16 22:26:46 : INFO : Server : 0 : Shutdown received from 172.16.0.2:8160 [vamsoft-srini]
2012/06/16 22:26:46 : INFO : Server : 0 : Shutdown received -- Waiting for pending requests to complete.
2012/06/16 22:26:46 : INFO : Server : 0 : Exiting engine
2012/06/16 22:26:46 : INFO : Server : 0 : Scheduled shutdown.
2012/06/16 22:26:46 : INFO : Memory : 907 : Successfully flushed index partition to file on shutdown.
2012/06/16 22:26:46 : INFO : Server : 902 : Terminated engine
2012/06/16 22:26:46 : LOGGING : Server : 0 : Logfile Closed
