2012/06/16 22:51:07 : LOGGING : Server : 0 : Logfile Opened
2012/06/16 22:51:07 : INFO : Server : 0 : Starting engine process
2012/06/16 22:51:07 : LOGGING : Server : 0 : 	Platform: x86-Windows32
2012/06/16 22:51:07 : LOGGING : Server : 0 : 	Build: ATGSearch_10.0.3_110811-000045
2012/06/16 22:51:07 : LOGGING : Server : 0 : 	Unicode Support: utf8
2012/06/16 22:51:07 : LOGGING : Server : 0 : 	hostname: vamsoft-srini
2012/06/16 22:51:07 : LOGGING : Server : 0 : 	IP address: 172.16.0.2
2012/06/16 22:51:07 : LOGGING : Server : 0 : 	OS version: 5.1
2012/06/16 22:51:07 : LOGGING : Server : 0 : 	Processors: 2
2012/06/16 22:51:07 : LOGGING : Server : 0 : 	Processor speed (MHz): 1995
2012/06/16 22:51:07 : LOGGING : Server : 0 : 	Total physical memory (MB): 3001
2012/06/16 22:51:07 : LOGGING : Server : 0 : 	Avail physical memory (MB): 381
2012/06/16 22:51:07 : LOGGING : Server : 0 : 	Total swap space (MB): 7836
2012/06/16 22:51:07 : LOGGING : Server : 0 : 	Avail swap space (MB): 4841
2012/06/16 22:51:07 : INFO : Server : 0 : 	Engine config file: C:\AE10\ATG10.0.3\Search10.0.3\SearchEngine\x86-win32\bin\AEConfig.xml
2012/06/16 22:51:07 : INFO : Server : 0 : 	SOAP config file: AESoapWaspConfig.xml
2012/06/16 22:51:07 : INFO : Server : 0 : 	Using port: 6072 soap config file: C:\AE10\ATG10.0.3\Search10.0.3\SearchEngine\x86-win32\bin$AUTO$6072.Admin.Shutdown6072.xml
2012/06/16 22:51:07 : INFO : Server : 0 : 	SOAP config: reuseCount=30, keepAlive=1, reuseTimeout=180, rwTimeout=10, acceptTimeout=5, chunked=1, maxThreads=10
2012/06/16 22:51:07 : INFO : Server : 0 : Initialized engine
2012/06/16 22:51:07 : INFO : Server : 0 : Starting engine without index partition
2012/06/16 22:51:07 : INFO : Server : 0 : Starting soap server
2012/06/16 22:51:08 : INFO : Server : 0 : Starting 10 worker threads, limiting to 10 in search processing
2012/06/16 22:51:08 : INFO : Server : 0 : Listening for requests.
2012/06/16 22:51:09 : INFO : Server : 0 : Status = <status state='stopped' messages='no'></status>
2012/06/16 22:51:11 : INFO : Server : 0 : Status = <status state='stopped' messages='no'></status>
2012/06/16 22:51:11 : INFO : Server : 0 : Status = <status state='starting' messages='no' progress="0"></status>
2012/06/16 22:51:12 : INFO : Server : 0 : Initializing search engine components...
2012/06/16 22:51:12 : INFO : Memory : 0 : Memory manager file: ../indexFiles\100002\CommerceProject.100001.ProductCatalog.100042.idx
2012/06/16 22:51:12 : INFO : Memory : 0 : Initialized memory manager -- Reserve: 365,625,344 Threshold: 0 Increment: 8,388,608 Current Size: 12,910,592
2012/06/16 22:51:12 : INFO : Server : 0 : Content ID: ab4d75a8-7352-429c-8d6d-4cece7022e9c
2012/06/16 22:51:12 : INFO : Server : 901 : Engine is ready
2012/06/16 22:51:14 : INFO : Server : 0 : Status = <status state='started' messages='no'></status>
2012/06/16 22:51:23 : INFO : Server : 0 : Content ID: 16aeddf0-6ef4-43d1-9604-5de0cb45bb12
2012/06/16 22:51:28 : INFO : Memory : 0 : Memory manager file: ../indexFiles/100002\CommerceProject.100001.ProductCatalog.100043.idx
2012/06/16 22:51:28 : INFO : Memory : 0 : Initialized memory manager -- Reserve: 365,625,344 Threshold: 16,777,216 Increment: 8,388,608 Current Size: 12,910,592
2012/06/16 22:51:30 : INFO : Server : 0 : Status = <status state='started' messages='no'></status>
2012/06/16 22:51:35 : INFO : Server : 0 : Shutdown received from 172.16.0.2:8160 [vamsoft-srini]
2012/06/16 22:51:35 : INFO : Server : 0 : Shutdown received -- Waiting for pending requests to complete.
2012/06/16 22:51:35 : INFO : Server : 0 : Exiting engine
2012/06/16 22:51:35 : INFO : Server : 0 : Scheduled shutdown.
2012/06/16 22:51:35 : INFO : Memory : 907 : Successfully flushed index partition to file on shutdown.
2012/06/16 22:51:36 : INFO : Server : 902 : Terminated engine
2012/06/16 22:51:36 : LOGGING : Server : 0 : Logfile Closed
