**** info	Mon May 14 17:03:47 IST 2012	1336995227578	/atg/commerce/pricing/priceLists/PriceLists	SQL Repository startup complete
**** info	Mon May 14 17:03:47 IST 2012	1336995227656	/atg/multisite/SiteRepository	SQL Repository startup complete
**** info	Mon May 14 17:03:47 IST 2012	1336995227734	/atg/commerce/catalog/ProductCatalog	SQL Repository startup complete
**** info	Mon May 14 17:03:48 IST 2012	1336995228250	/atg/commerce/pricing/Promotions	Resolving reference to /atg/commerce/catalog/ProductCatalog
**** info	Mon May 14 17:03:48 IST 2012	1336995228437	/atg/commerce/gifts/Giftlists	SQL Repository startup complete
**** info	Mon May 14 17:03:48 IST 2012	1336995228531	/atg/userprofiling/ProfileAdapterRepository	SQL Repository startup complete
**** info	Mon May 14 17:03:48 IST 2012	1336995228625	/atg/content/media/MediaRepository	SQL Repository startup complete
**** info	Mon May 14 17:03:48 IST 2012	1336995228656	/atg/userprofiling/PersonalizationRepository	SQL Repository startup complete
**** info	Mon May 14 17:03:48 IST 2012	1336995228687	/atg/commerce/inventory/InventoryRepository	SQL Repository startup complete
**** info	Mon May 14 17:03:49 IST 2012	1336995229312	/atg/commerce/order/OrderRepository	SQL Repository startup complete
**** info	Mon May 14 17:03:49 IST 2012	1336995229531	/atg/commerce/claimable/ClaimableRepository	SQL Repository startup complete
**** info	Mon May 14 17:03:50 IST 2012	1336995230203	/atg/dynamo/security/AdminSqlRepository	SQL Repository startup complete
**** info	Mon May 14 17:03:50 IST 2012	1336995230203	/atg/dynamo/security/AdminAccountInitializer	Initializing account database /atg/dynamo/security/AdminAccountManager from /atg/dynamo/security/SimpleXmlUserAuthority
**** info	Mon May 14 17:03:50 IST 2012	1336995230468	/atg/dynamo/security/AdminAccountInitializer	Created account pages-privilege
**** info	Mon May 14 17:03:50 IST 2012	1336995230500	/atg/dynamo/security/AdminAccountInitializer	Created account tools-server-activity-privilege
**** info	Mon May 14 17:03:50 IST 2012	1336995230546	/atg/dynamo/security/AdminAccountInitializer	Created account analysis-datasets-privilege
**** info	Mon May 14 17:03:50 IST 2012	1336995230593	/atg/dynamo/security/AdminAccountInitializer	Created account support-knowledge-base-privilege
**** info	Mon May 14 17:03:50 IST 2012	1336995230625	/atg/dynamo/security/AdminAccountInitializer	Created account support-cases-privilege
**** info	Mon May 14 17:03:50 IST 2012	1336995230750	/atg/dynamo/security/AdminAccountInitializer	Created account admin-users-privilege
**** info	Mon May 14 17:03:50 IST 2012	1336995230796	/atg/dynamo/security/AdminAccountInitializer	Created account server-shutdown-privilege
**** info	Mon May 14 17:03:50 IST 2012	1336995230843	/atg/dynamo/security/AdminAccountInitializer	Created account tools-integrations-privilege
**** info	Mon May 14 17:03:50 IST 2012	1336995230890	/atg/dynamo/security/AdminAccountInitializer	Created account components-path-privilege
**** info	Mon May 14 17:03:50 IST 2012	1336995230937	/atg/dynamo/security/AdminAccountInitializer	Created account tools-j2ee-deploy-privilege
**** info	Mon May 14 17:03:50 IST 2012	1336995230984	/atg/dynamo/security/AdminAccountInitializer	Created account scenarios-templates-privilege
**** info	Mon May 14 17:03:51 IST 2012	1336995231015	/atg/dynamo/security/AdminAccountInitializer	Created account analysis-chart-templates-privilege
**** info	Mon May 14 17:03:51 IST 2012	1336995231046	/atg/dynamo/security/AdminAccountInitializer	Created account targeting-tracking-sensors-privilege
**** info	Mon May 14 17:03:51 IST 2012	1336995231093	/atg/dynamo/security/AdminAccountInitializer	Created account scenarios-slots-privilege
**** info	Mon May 14 17:03:51 IST 2012	1336995231140	/atg/dynamo/security/AdminAccountInitializer	Created account tools-pipeline-editor-privilege
**** info	Mon May 14 17:03:51 IST 2012	1336995231187	/atg/dynamo/security/AdminAccountInitializer	Created account targeting-groups-privilege
**** info	Mon May 14 17:03:51 IST 2012	1336995231203	/atg/dynamo/security/AdminAccountInitializer	Created account admin-roles-privilege
**** info	Mon May 14 17:03:51 IST 2012	1336995231250	/atg/dynamo/security/AdminAccountInitializer	Created account analysis-charts-privilege
**** info	Mon May 14 17:03:51 IST 2012	1336995231281	/atg/dynamo/security/AdminAccountInitializer	Created account targeting-preview-privilege
**** info	Mon May 14 17:03:51 IST 2012	1336995231328	/atg/dynamo/security/AdminAccountInitializer	Created account server-restart-privilege
**** info	Mon May 14 17:03:51 IST 2012	1336995231359	/atg/dynamo/security/AdminAccountInitializer	Created account scenarios-privilege
**** info	Mon May 14 17:03:51 IST 2012	1336995231406	/atg/dynamo/security/AdminAccountInitializer	Created account components-module-privilege
**** info	Mon May 14 17:03:51 IST 2012	1336995231453	/atg/dynamo/security/AdminAccountInitializer	Created account targeting-targeted-content-privilege
**** info	Mon May 14 17:03:51 IST 2012	1336995231500	/atg/dynamo/security/AdminAccountInitializer	Created account designers-group
**** info	Mon May 14 17:03:51 IST 2012	1336995231562	/atg/dynamo/security/AdminAccountInitializer	Created account marketing-group
**** info	Mon May 14 17:03:51 IST 2012	1336995231609	/atg/dynamo/security/AdminAccountInitializer	Created account administrators-group
**** info	Mon May 14 17:03:51 IST 2012	1336995231734	/atg/dynamo/security/AdminAccountInitializer	Created account everyone-group
**** info	Mon May 14 17:03:51 IST 2012	1336995231828	/atg/dynamo/security/AdminAccountInitializer	Created account commerce-repositories-user-group
**** info	Mon May 14 17:03:51 IST 2012	1336995231937	/atg/dynamo/security/AdminAccountInitializer	Created account content-repositories-user-group
**** info	Mon May 14 17:03:52 IST 2012	1336995232031	/atg/dynamo/security/AdminAccountInitializer	Created account developers-group
**** info	Mon May 14 17:03:52 IST 2012	1336995232140	/atg/dynamo/security/AdminAccountInitializer	Created account managers-group
**** info	Mon May 14 17:03:52 IST 2012	1336995232406	/atg/dynamo/security/AdminAccountInitializer	Created account manager
**** info	Mon May 14 17:03:52 IST 2012	1336995232562	/atg/dynamo/security/AdminAccountInitializer	Created account merchant
**** info	Mon May 14 17:03:53 IST 2012	1336995233171	/atg/dynamo/security/AdminAccountInitializer	Created account marketing
**** info	Mon May 14 17:03:53 IST 2012	1336995233359	/atg/dynamo/security/AdminAccountInitializer	Created account developer
**** info	Mon May 14 17:03:53 IST 2012	1336995233562	/atg/dynamo/security/AdminAccountInitializer	Created account admin
**** info	Mon May 14 17:03:53 IST 2012	1336995233640	/atg/dynamo/security/AdminAccountInitializer	Created account design
**** info	Mon May 14 17:03:56 IST 2012	1336995236703	/atg/store/stores/StoreRepository	SQL Repository startup complete
**** info	Mon May 14 17:04:32 IST 2012	1336995272578	/atg/dynamo/service/jdbc/SQLRepository	SQL Repository startup complete
**** info	Mon May 14 17:04:32 IST 2012	1336995272687	/atg/dynamo/server/SQLRepositoryEventServer	Service /atg/dynamo/server/SQLRepositoryEventServer listening at http://vamsoft-srini:2517/
**** info	Mon May 14 17:06:45 IST 2012	1336995405000	/atg/dynamo/service/Scheduler	Scheduler shutting down.
**** info	Mon May 14 17:06:45 IST 2012	1336995405000	/atg/dynamo/service/Scheduler	Scheduler stopped.
**** info	Mon May 14 17:06:51 IST 2012	1336995411156	/atg/commerce/pricing/priceLists/PriceLists	SQL Repository startup complete
**** info	Mon May 14 17:06:51 IST 2012	1336995411453	/atg/commerce/pricing/Promotions	Resolving reference to /atg/commerce/catalog/ProductCatalog
**** info	Mon May 14 17:06:51 IST 2012	1336995411625	/atg/commerce/gifts/Giftlists	SQL Repository startup complete
**** info	Mon May 14 17:06:51 IST 2012	1336995411703	/atg/userprofiling/ProfileAdapterRepository	SQL Repository startup complete
**** info	Mon May 14 17:06:52 IST 2012	1336995412140	/atg/commerce/catalog/ProductCatalog	SQL Repository startup complete
**** info	Mon May 14 17:06:52 IST 2012	1336995412250	/atg/multisite/SiteRepository	SQL Repository startup complete
**** info	Mon May 14 17:06:55 IST 2012	1336995415609	/atg/dynamo/service/Scheduler	Scheduler shutting down.
**** info	Mon May 14 17:06:55 IST 2012	1336995415609	/atg/dynamo/service/Scheduler	Scheduler stopped.
**** info	Mon May 14 17:06:59 IST 2012	1336995419421	/atg/seo/SEORepository	SQL Repository startup complete
**** info	Mon May 14 17:07:00 IST 2012	1336995420031	/atg/dynamo/service/Scheduler	Scheduler shutting down.
**** info	Mon May 14 17:07:00 IST 2012	1336995420031	/atg/dynamo/service/Scheduler	Scheduler stopped.
**** info	Mon May 14 17:07:04 IST 2012	1336995424015	/atg/commerce/pricing/priceLists/PriceLists	SQL Repository startup complete
**** info	Mon May 14 17:07:04 IST 2012	1336995424375	/atg/commerce/pricing/Promotions	Resolving reference to /atg/commerce/catalog/ProductCatalog
**** info	Mon May 14 17:07:04 IST 2012	1336995424609	/atg/commerce/gifts/Giftlists	SQL Repository startup complete
**** info	Mon May 14 17:07:04 IST 2012	1336995424703	/atg/userprofiling/ProfileAdapterRepository	SQL Repository startup complete
**** info	Mon May 14 17:07:05 IST 2012	1336995425328	/atg/commerce/catalog/ProductCatalog	SQL Repository startup complete
**** info	Mon May 14 17:07:05 IST 2012	1336995425437	/atg/multisite/SiteRepository	SQL Repository startup complete
**** info	Mon May 14 17:07:12 IST 2012	1336995432656	/atg/commerce/pricing/priceLists/PriceLists	SQL Repository startup complete
**** info	Mon May 14 17:07:12 IST 2012	1336995432953	/atg/commerce/pricing/Promotions	Resolving reference to /atg/commerce/catalog/ProductCatalog
**** info	Mon May 14 17:07:13 IST 2012	1336995433125	/atg/commerce/gifts/Giftlists	SQL Repository startup complete
**** info	Mon May 14 17:07:13 IST 2012	1336995433250	/atg/userprofiling/ProfileAdapterRepository	SQL Repository startup complete
**** info	Mon May 14 17:07:13 IST 2012	1336995433562	/atg/commerce/catalog/ProductCatalog	SQL Repository startup complete
**** info	Mon May 14 17:07:13 IST 2012	1336995433671	/atg/multisite/SiteRepository	SQL Repository startup complete
**** info	Mon May 14 17:07:21 IST 2012	1336995441437	/atg/commerce/pricing/Promotions	Resolving reference to /atg/commerce/catalog/ProductCatalog
**** info	Mon May 14 17:07:21 IST 2012	1336995441687	/atg/commerce/pricing/priceLists/PriceLists	SQL Repository startup complete
**** info	Mon May 14 17:07:21 IST 2012	1336995441750	/atg/commerce/gifts/Giftlists	SQL Repository startup complete
**** info	Mon May 14 17:07:21 IST 2012	1336995441843	/atg/userprofiling/ProfileAdapterRepository	SQL Repository startup complete
**** info	Mon May 14 17:07:22 IST 2012	1336995442421	/atg/multisite/SiteRepository	SQL Repository startup complete
**** info	Mon May 14 17:07:22 IST 2012	1336995442468	/atg/commerce/catalog/ProductCatalog	SQL Repository startup complete
**** info	Mon May 14 17:08:23 IST 2012	1336995503000	/atg/commerce/pricing/priceLists/PriceLists	SQL Repository startup complete
**** info	Mon May 14 17:08:27 IST 2012	1336995507921	/atg/store/stores/StoreRepository	SQL Repository startup complete
**** info	Mon May 14 17:14:04 IST 2012	1336995844921	/atg/dynamo/server/SQLRepositoryEventServer	Service /atg/dynamo/server/SQLRepositoryEventServer listening at http://vamsoft-srini:2667/
**** info	Mon May 14 17:14:05 IST 2012	1336995845218	/atg/dynamo/service/jdbc/SQLRepository	SQL Repository startup complete
**** info	Mon May 14 17:14:06 IST 2012	1336995846406	/atg/searchadmin/TopicRepository	SQL Repository startup complete
**** info	Mon May 14 17:14:06 IST 2012	1336995846937	/atg/dynamo/service/Scheduler	Scheduler shutting down.
**** info	Mon May 14 17:14:06 IST 2012	1336995846937	/atg/dynamo/service/Scheduler	Scheduler stopped.
**** info	Mon May 14 17:14:13 IST 2012	1336995853125	/atg/dynamo/server/SQLRepositoryEventServer	Service /atg/dynamo/server/SQLRepositoryEventServer listening at http://vamsoft-srini:2684/
**** info	Mon May 14 17:14:13 IST 2012	1336995853421	/atg/dynamo/service/jdbc/SQLRepository	SQL Repository startup complete
**** info	Mon May 14 17:14:14 IST 2012	1336995854187	/atg/search/routing/repository/SearchConfigurationRepository	SQL Repository startup complete
**** info	Mon May 14 17:14:21 IST 2012	1336995861687	/atg/dynamo/server/SQLRepositoryEventServer	Service /atg/dynamo/server/SQLRepositoryEventServer listening at http://vamsoft-srini:2710/
**** info	Mon May 14 17:14:22 IST 2012	1336995862062	/atg/dynamo/service/jdbc/SQLRepository	SQL Repository startup complete
**** info	Mon May 14 17:14:22 IST 2012	1336995862859	/atg/search/routing/repository/SearchConfigurationRepository	SQL Repository startup complete
**** info	Mon May 14 17:14:23 IST 2012	1336995863359	/atg/searchadmin/SearchAdminRepository	SQL Repository startup complete
**** info	Mon May 14 17:14:25 IST 2012	1336995865015	/atg/dynamo/service/Scheduler	Scheduler shutting down.
**** info	Mon May 14 17:14:25 IST 2012	1336995865015	/atg/dynamo/service/Scheduler	Scheduler stopped.
**** info	Fri May 18 14:35:13 IST 2012	1337331913031	/atg/commerce/pricing/Promotions	Resolving reference to /atg/commerce/catalog/ProductCatalog
**** info	Fri May 18 14:35:13 IST 2012	1337331913859	/atg/commerce/pricing/priceLists/PriceLists	SQL Repository startup complete
**** info	Fri May 18 14:35:13 IST 2012	1337331913953	/atg/multisite/SiteRepository	SQL Repository startup complete
**** info	Fri May 18 14:35:14 IST 2012	1337331914031	/atg/commerce/catalog/ProductCatalog	SQL Repository startup complete
**** info	Fri May 18 14:35:14 IST 2012	1337331914156	/atg/commerce/gifts/Giftlists	SQL Repository startup complete
**** info	Fri May 18 14:35:14 IST 2012	1337331914343	/atg/userprofiling/ProfileAdapterRepository	SQL Repository startup complete
**** info	Fri May 18 14:35:14 IST 2012	1337331914406	/atg/content/media/MediaRepository	SQL Repository startup complete
**** info	Fri May 18 14:35:14 IST 2012	1337331914421	/atg/userprofiling/PersonalizationRepository	SQL Repository startup complete
**** info	Fri May 18 14:35:14 IST 2012	1337331914453	/atg/commerce/inventory/InventoryRepository	SQL Repository startup complete
**** info	Fri May 18 14:35:14 IST 2012	1337331914765	/atg/commerce/order/OrderRepository	SQL Repository startup complete
**** info	Fri May 18 14:35:14 IST 2012	1337331914906	/atg/commerce/claimable/ClaimableRepository	SQL Repository startup complete
**** info	Fri May 18 14:35:15 IST 2012	1337331915671	/atg/dynamo/security/AdminSqlRepository	SQL Repository startup complete
**** info	Fri May 18 14:35:15 IST 2012	1337331915671	/atg/dynamo/security/AdminAccountInitializer	Initializing account database /atg/dynamo/security/AdminAccountManager from /atg/dynamo/security/SimpleXmlUserAuthority
**** info	Fri May 18 14:35:16 IST 2012	1337331916156	/atg/dynamo/security/AdminAccountInitializer	Created account pages-privilege
**** info	Fri May 18 14:35:16 IST 2012	1337331916187	/atg/dynamo/security/AdminAccountInitializer	Created account tools-server-activity-privilege
**** info	Fri May 18 14:35:16 IST 2012	1337331916218	/atg/dynamo/security/AdminAccountInitializer	Created account analysis-datasets-privilege
**** info	Fri May 18 14:35:16 IST 2012	1337331916250	/atg/dynamo/security/AdminAccountInitializer	Created account support-knowledge-base-privilege
**** info	Fri May 18 14:35:16 IST 2012	1337331916281	/atg/dynamo/security/AdminAccountInitializer	Created account support-cases-privilege
**** info	Fri May 18 14:35:16 IST 2012	1337331916312	/atg/dynamo/security/AdminAccountInitializer	Created account admin-users-privilege
**** info	Fri May 18 14:35:16 IST 2012	1337331916359	/atg/dynamo/security/AdminAccountInitializer	Created account server-shutdown-privilege
**** info	Fri May 18 14:35:16 IST 2012	1337331916390	/atg/dynamo/security/AdminAccountInitializer	Created account tools-integrations-privilege
**** info	Fri May 18 14:35:16 IST 2012	1337331916484	/atg/dynamo/security/AdminAccountInitializer	Created account components-path-privilege
**** info	Fri May 18 14:35:16 IST 2012	1337331916531	/atg/dynamo/security/AdminAccountInitializer	Created account tools-j2ee-deploy-privilege
**** info	Fri May 18 14:35:16 IST 2012	1337331916562	/atg/dynamo/security/AdminAccountInitializer	Created account scenarios-templates-privilege
**** info	Fri May 18 14:35:16 IST 2012	1337331916609	/atg/dynamo/security/AdminAccountInitializer	Created account analysis-chart-templates-privilege
**** info	Fri May 18 14:35:16 IST 2012	1337331916671	/atg/dynamo/security/AdminAccountInitializer	Created account targeting-tracking-sensors-privilege
**** info	Fri May 18 14:35:16 IST 2012	1337331916703	/atg/dynamo/security/AdminAccountInitializer	Created account scenarios-slots-privilege
**** info	Fri May 18 14:35:16 IST 2012	1337331916734	/atg/dynamo/security/AdminAccountInitializer	Created account tools-pipeline-editor-privilege
**** info	Fri May 18 14:35:16 IST 2012	1337331916750	/atg/dynamo/security/AdminAccountInitializer	Created account targeting-groups-privilege
**** info	Fri May 18 14:35:16 IST 2012	1337331916796	/atg/dynamo/security/AdminAccountInitializer	Created account admin-roles-privilege
**** info	Fri May 18 14:35:16 IST 2012	1337331916828	/atg/dynamo/security/AdminAccountInitializer	Created account analysis-charts-privilege
**** info	Fri May 18 14:35:16 IST 2012	1337331916859	/atg/dynamo/security/AdminAccountInitializer	Created account targeting-preview-privilege
**** info	Fri May 18 14:35:16 IST 2012	1337331916906	/atg/dynamo/security/AdminAccountInitializer	Created account server-restart-privilege
**** info	Fri May 18 14:35:16 IST 2012	1337331916937	/atg/dynamo/security/AdminAccountInitializer	Created account scenarios-privilege
**** info	Fri May 18 14:35:16 IST 2012	1337331916984	/atg/dynamo/security/AdminAccountInitializer	Created account components-module-privilege
**** info	Fri May 18 14:35:17 IST 2012	1337331917015	/atg/dynamo/security/AdminAccountInitializer	Created account targeting-targeted-content-privilege
**** info	Fri May 18 14:35:17 IST 2012	1337331917062	/atg/dynamo/security/AdminAccountInitializer	Created account designers-group
**** info	Fri May 18 14:35:17 IST 2012	1337331917093	/atg/dynamo/security/AdminAccountInitializer	Created account marketing-group
**** info	Fri May 18 14:35:17 IST 2012	1337331917140	/atg/dynamo/security/AdminAccountInitializer	Created account administrators-group
**** info	Fri May 18 14:35:17 IST 2012	1337331917156	/atg/dynamo/security/AdminAccountInitializer	Created account everyone-group
**** info	Fri May 18 14:35:17 IST 2012	1337331917187	/atg/dynamo/security/AdminAccountInitializer	Created account commerce-repositories-user-group
**** info	Fri May 18 14:35:17 IST 2012	1337331917218	/atg/dynamo/security/AdminAccountInitializer	Created account content-repositories-user-group
**** info	Fri May 18 14:35:17 IST 2012	1337331917250	/atg/dynamo/security/AdminAccountInitializer	Created account developers-group
**** info	Fri May 18 14:35:17 IST 2012	1337331917265	/atg/dynamo/security/AdminAccountInitializer	Created account managers-group
**** info	Fri May 18 14:35:17 IST 2012	1337331917375	/atg/dynamo/security/AdminAccountInitializer	Created account manager
**** info	Fri May 18 14:35:17 IST 2012	1337331917546	/atg/dynamo/security/AdminAccountInitializer	Created account merchant
**** info	Fri May 18 14:35:17 IST 2012	1337331917625	/atg/dynamo/security/AdminAccountInitializer	Created account marketing
**** info	Fri May 18 14:35:17 IST 2012	1337331917687	/atg/dynamo/security/AdminAccountInitializer	Created account developer
**** info	Fri May 18 14:35:17 IST 2012	1337331917750	/atg/dynamo/security/AdminAccountInitializer	Created account admin
**** info	Fri May 18 14:35:17 IST 2012	1337331917812	/atg/dynamo/security/AdminAccountInitializer	Created account design
**** info	Fri May 18 14:35:20 IST 2012	1337331920765	/atg/store/stores/StoreRepository	SQL Repository startup complete
**** info	Fri May 18 14:35:34 IST 2012	1337331934078	/atg/dynamo/service/jdbc/SQLRepository	SQL Repository startup complete
**** info	Fri May 18 14:35:34 IST 2012	1337331934250	/atg/dynamo/server/SQLRepositoryEventServer	Service /atg/dynamo/server/SQLRepositoryEventServer listening at http://vamsoft-srini:1811/
**** info	Fri May 18 14:36:29 IST 2012	1337331989609	/atg/dynamo/service/Scheduler	Scheduler shutting down.
**** info	Fri May 18 14:36:29 IST 2012	1337331989609	/atg/dynamo/service/Scheduler	Scheduler stopped.
**** info	Fri May 18 14:36:35 IST 2012	1337331995968	/atg/commerce/pricing/priceLists/PriceLists	SQL Repository startup complete
**** info	Fri May 18 14:36:36 IST 2012	1337331996625	/atg/commerce/pricing/Promotions	Resolving reference to /atg/commerce/catalog/ProductCatalog
**** info	Fri May 18 14:36:36 IST 2012	1337331996875	/atg/commerce/gifts/Giftlists	SQL Repository startup complete
**** info	Fri May 18 14:36:36 IST 2012	1337331996984	/atg/userprofiling/ProfileAdapterRepository	SQL Repository startup complete
**** info	Fri May 18 14:36:37 IST 2012	1337331997375	/atg/commerce/catalog/ProductCatalog	SQL Repository startup complete
**** info	Fri May 18 14:36:37 IST 2012	1337331997437	/atg/multisite/SiteRepository	SQL Repository startup complete
**** info	Fri May 18 14:36:43 IST 2012	1337332003640	/atg/seo/SEORepository	SQL Repository startup complete
**** info	Fri May 18 14:36:44 IST 2012	1337332004093	/atg/dynamo/service/Scheduler	Scheduler shutting down.
**** info	Fri May 18 14:36:44 IST 2012	1337332004093	/atg/dynamo/service/Scheduler	Scheduler stopped.
**** info	Fri May 18 14:36:47 IST 2012	1337332007640	/atg/commerce/pricing/priceLists/PriceLists	SQL Repository startup complete
**** info	Fri May 18 14:36:47 IST 2012	1337332007906	/atg/commerce/pricing/Promotions	Resolving reference to /atg/commerce/catalog/ProductCatalog
**** info	Fri May 18 14:36:48 IST 2012	1337332008078	/atg/commerce/gifts/Giftlists	SQL Repository startup complete
**** info	Fri May 18 14:36:48 IST 2012	1337332008156	/atg/userprofiling/ProfileAdapterRepository	SQL Repository startup complete
**** info	Fri May 18 14:36:48 IST 2012	1337332008500	/atg/commerce/catalog/ProductCatalog	SQL Repository startup complete
**** info	Fri May 18 14:36:48 IST 2012	1337332008578	/atg/multisite/SiteRepository	SQL Repository startup complete
**** info	Fri May 18 14:36:54 IST 2012	1337332014625	/atg/commerce/pricing/priceLists/PriceLists	SQL Repository startup complete
**** info	Fri May 18 14:36:54 IST 2012	1337332014890	/atg/commerce/pricing/Promotions	Resolving reference to /atg/commerce/catalog/ProductCatalog
**** info	Fri May 18 14:36:55 IST 2012	1337332015078	/atg/commerce/gifts/Giftlists	SQL Repository startup complete
**** info	Fri May 18 14:36:55 IST 2012	1337332015156	/atg/userprofiling/ProfileAdapterRepository	SQL Repository startup complete
**** info	Fri May 18 14:36:55 IST 2012	1337332015500	/atg/commerce/catalog/ProductCatalog	SQL Repository startup complete
**** info	Fri May 18 14:36:55 IST 2012	1337332015562	/atg/multisite/SiteRepository	SQL Repository startup complete
**** info	Fri May 18 14:37:02 IST 2012	1337332022390	/atg/commerce/pricing/Promotions	Resolving reference to /atg/commerce/catalog/ProductCatalog
**** info	Fri May 18 14:37:02 IST 2012	1337332022609	/atg/commerce/pricing/priceLists/PriceLists	SQL Repository startup complete
**** info	Fri May 18 14:37:02 IST 2012	1337332022671	/atg/commerce/gifts/Giftlists	SQL Repository startup complete
**** info	Fri May 18 14:37:02 IST 2012	1337332022765	/atg/userprofiling/ProfileAdapterRepository	SQL Repository startup complete
**** info	Fri May 18 14:37:03 IST 2012	1337332023187	/atg/multisite/SiteRepository	SQL Repository startup complete
**** info	Fri May 18 14:37:03 IST 2012	1337332023234	/atg/commerce/catalog/ProductCatalog	SQL Repository startup complete
**** info	Fri May 18 14:37:37 IST 2012	1337332057484	/atg/commerce/pricing/priceLists/PriceLists	SQL Repository startup complete
**** info	Fri May 18 14:37:42 IST 2012	1337332062000	/atg/store/stores/StoreRepository	SQL Repository startup complete
**** info	Fri May 18 14:48:58 IST 2012	1337332738125	/atg/dynamo/server/SQLRepositoryEventServer	Service /atg/dynamo/server/SQLRepositoryEventServer listening at http://vamsoft-srini:1989/
**** info	Fri May 18 14:48:58 IST 2012	1337332738421	/atg/dynamo/service/jdbc/SQLRepository	SQL Repository startup complete
**** info	Fri May 18 14:48:59 IST 2012	1337332739250	/atg/searchadmin/TopicRepository	SQL Repository startup complete
**** info	Fri May 18 14:49:05 IST 2012	1337332745312	/atg/dynamo/server/SQLRepositoryEventServer	Service /atg/dynamo/server/SQLRepositoryEventServer listening at http://vamsoft-srini:2008/
**** info	Fri May 18 14:49:05 IST 2012	1337332745593	/atg/dynamo/service/jdbc/SQLRepository	SQL Repository startup complete
**** info	Fri May 18 14:49:06 IST 2012	1337332746093	/atg/search/routing/repository/SearchConfigurationRepository	SQL Repository startup complete
**** info	Fri May 18 14:49:13 IST 2012	1337332753109	/atg/dynamo/server/SQLRepositoryEventServer	Service /atg/dynamo/server/SQLRepositoryEventServer listening at http://vamsoft-srini:2019/
**** info	Fri May 18 14:49:13 IST 2012	1337332753421	/atg/dynamo/service/jdbc/SQLRepository	SQL Repository startup complete
**** info	Fri May 18 14:49:14 IST 2012	1337332754093	/atg/search/routing/repository/SearchConfigurationRepository	SQL Repository startup complete
**** info	Fri May 18 14:49:14 IST 2012	1337332754390	/atg/searchadmin/SearchAdminRepository	SQL Repository startup complete
**** info	Sun May 20 15:17:27 IST 2012	1337507247125	/atg/commerce/pricing/priceLists/PriceLists	SQL Repository startup complete
**** info	Sun May 20 15:17:27 IST 2012	1337507247171	/atg/multisite/SiteRepository	SQL Repository startup complete
**** info	Sun May 20 15:17:27 IST 2012	1337507247218	/atg/commerce/catalog/ProductCatalog	SQL Repository startup complete
**** info	Sun May 20 15:17:27 IST 2012	1337507247968	/atg/commerce/pricing/Promotions	Resolving reference to /atg/commerce/catalog/ProductCatalog
**** info	Sun May 20 15:17:28 IST 2012	1337507248281	/atg/commerce/gifts/Giftlists	SQL Repository startup complete
**** info	Sun May 20 15:17:28 IST 2012	1337507248640	/atg/userprofiling/ProfileAdapterRepository	SQL Repository startup complete
**** info	Sun May 20 15:17:28 IST 2012	1337507248671	/atg/content/media/MediaRepository	SQL Repository startup complete
**** info	Sun May 20 15:17:28 IST 2012	1337507248703	/atg/userprofiling/PersonalizationRepository	SQL Repository startup complete
**** info	Sun May 20 15:17:28 IST 2012	1337507248750	/atg/commerce/inventory/InventoryRepository	SQL Repository startup complete
**** info	Sun May 20 15:17:29 IST 2012	1337507249031	/atg/commerce/order/OrderRepository	SQL Repository startup complete
**** info	Sun May 20 15:17:29 IST 2012	1337507249171	/atg/commerce/claimable/ClaimableRepository	SQL Repository startup complete
**** info	Sun May 20 15:17:29 IST 2012	1337507249859	/atg/dynamo/security/AdminSqlRepository	SQL Repository startup complete
**** info	Sun May 20 15:17:29 IST 2012	1337507249859	/atg/dynamo/security/AdminAccountInitializer	Initializing account database /atg/dynamo/security/AdminAccountManager from /atg/dynamo/security/SimpleXmlUserAuthority
**** info	Sun May 20 15:17:30 IST 2012	1337507250156	/atg/dynamo/security/AdminAccountInitializer	Created account pages-privilege
**** info	Sun May 20 15:17:30 IST 2012	1337507250187	/atg/dynamo/security/AdminAccountInitializer	Created account tools-server-activity-privilege
**** info	Sun May 20 15:17:30 IST 2012	1337507250218	/atg/dynamo/security/AdminAccountInitializer	Created account analysis-datasets-privilege
**** info	Sun May 20 15:17:30 IST 2012	1337507250234	/atg/dynamo/security/AdminAccountInitializer	Created account support-knowledge-base-privilege
**** info	Sun May 20 15:17:30 IST 2012	1337507250281	/atg/dynamo/security/AdminAccountInitializer	Created account support-cases-privilege
**** info	Sun May 20 15:17:30 IST 2012	1337507250312	/atg/dynamo/security/AdminAccountInitializer	Created account admin-users-privilege
**** info	Sun May 20 15:17:30 IST 2012	1337507250359	/atg/dynamo/security/AdminAccountInitializer	Created account server-shutdown-privilege
**** info	Sun May 20 15:17:30 IST 2012	1337507250375	/atg/dynamo/security/AdminAccountInitializer	Created account tools-integrations-privilege
**** info	Sun May 20 15:17:30 IST 2012	1337507250406	/atg/dynamo/security/AdminAccountInitializer	Created account components-path-privilege
**** info	Sun May 20 15:17:30 IST 2012	1337507250437	/atg/dynamo/security/AdminAccountInitializer	Created account tools-j2ee-deploy-privilege
**** info	Sun May 20 15:17:30 IST 2012	1337507250468	/atg/dynamo/security/AdminAccountInitializer	Created account scenarios-templates-privilege
**** info	Sun May 20 15:17:30 IST 2012	1337507250500	/atg/dynamo/security/AdminAccountInitializer	Created account analysis-chart-templates-privilege
**** info	Sun May 20 15:17:30 IST 2012	1337507250546	/atg/dynamo/security/AdminAccountInitializer	Created account targeting-tracking-sensors-privilege
**** info	Sun May 20 15:17:30 IST 2012	1337507250578	/atg/dynamo/security/AdminAccountInitializer	Created account scenarios-slots-privilege
**** info	Sun May 20 15:17:30 IST 2012	1337507250593	/atg/dynamo/security/AdminAccountInitializer	Created account tools-pipeline-editor-privilege
**** info	Sun May 20 15:17:30 IST 2012	1337507250625	/atg/dynamo/security/AdminAccountInitializer	Created account targeting-groups-privilege
**** info	Sun May 20 15:17:30 IST 2012	1337507250656	/atg/dynamo/security/AdminAccountInitializer	Created account admin-roles-privilege
**** info	Sun May 20 15:17:30 IST 2012	1337507250687	/atg/dynamo/security/AdminAccountInitializer	Created account analysis-charts-privilege
**** info	Sun May 20 15:17:30 IST 2012	1337507250718	/atg/dynamo/security/AdminAccountInitializer	Created account targeting-preview-privilege
**** info	Sun May 20 15:17:30 IST 2012	1337507250750	/atg/dynamo/security/AdminAccountInitializer	Created account server-restart-privilege
**** info	Sun May 20 15:17:30 IST 2012	1337507250765	/atg/dynamo/security/AdminAccountInitializer	Created account scenarios-privilege
**** info	Sun May 20 15:17:30 IST 2012	1337507250796	/atg/dynamo/security/AdminAccountInitializer	Created account components-module-privilege
**** info	Sun May 20 15:17:30 IST 2012	1337507250890	/atg/dynamo/security/AdminAccountInitializer	Created account targeting-targeted-content-privilege
**** info	Sun May 20 15:17:30 IST 2012	1337507250921	/atg/dynamo/security/AdminAccountInitializer	Created account designers-group
**** info	Sun May 20 15:17:30 IST 2012	1337507250968	/atg/dynamo/security/AdminAccountInitializer	Created account marketing-group
**** info	Sun May 20 15:17:30 IST 2012	1337507250984	/atg/dynamo/security/AdminAccountInitializer	Created account administrators-group
**** info	Sun May 20 15:17:31 IST 2012	1337507251015	/atg/dynamo/security/AdminAccountInitializer	Created account everyone-group
**** info	Sun May 20 15:17:31 IST 2012	1337507251046	/atg/dynamo/security/AdminAccountInitializer	Created account commerce-repositories-user-group
**** info	Sun May 20 15:17:31 IST 2012	1337507251078	/atg/dynamo/security/AdminAccountInitializer	Created account content-repositories-user-group
**** info	Sun May 20 15:17:31 IST 2012	1337507251093	/atg/dynamo/security/AdminAccountInitializer	Created account developers-group
**** info	Sun May 20 15:17:31 IST 2012	1337507251125	/atg/dynamo/security/AdminAccountInitializer	Created account managers-group
**** info	Sun May 20 15:17:31 IST 2012	1337507251234	/atg/dynamo/security/AdminAccountInitializer	Created account manager
**** info	Sun May 20 15:17:31 IST 2012	1337507251296	/atg/dynamo/security/AdminAccountInitializer	Created account merchant
**** info	Sun May 20 15:17:31 IST 2012	1337507251343	/atg/dynamo/security/AdminAccountInitializer	Created account marketing
**** info	Sun May 20 15:17:31 IST 2012	1337507251421	/atg/dynamo/security/AdminAccountInitializer	Created account developer
**** info	Sun May 20 15:17:31 IST 2012	1337507251468	/atg/dynamo/security/AdminAccountInitializer	Created account admin
**** info	Sun May 20 15:17:31 IST 2012	1337507251546	/atg/dynamo/security/AdminAccountInitializer	Created account design
**** info	Sun May 20 15:17:34 IST 2012	1337507254562	/atg/store/stores/StoreRepository	SQL Repository startup complete
**** info	Sun May 20 15:17:56 IST 2012	1337507276640	/atg/dynamo/service/jdbc/SQLRepository	SQL Repository startup complete
**** info	Sun May 20 15:17:56 IST 2012	1337507276781	/atg/dynamo/server/SQLRepositoryEventServer	Service /atg/dynamo/server/SQLRepositoryEventServer listening at http://vamsoft-srini:1176/
**** info	Sun May 20 15:21:29 IST 2012	1337507489906	/atg/commerce/pricing/priceLists/PriceLists	SQL Repository startup complete
**** info	Sun May 20 15:21:30 IST 2012	1337507490156	/atg/commerce/pricing/Promotions	Resolving reference to /atg/commerce/catalog/ProductCatalog
**** info	Sun May 20 15:21:30 IST 2012	1337507490328	/atg/commerce/gifts/Giftlists	SQL Repository startup complete
**** info	Sun May 20 15:21:30 IST 2012	1337507490406	/atg/userprofiling/ProfileAdapterRepository	SQL Repository startup complete
**** info	Sun May 20 15:21:30 IST 2012	1337507490687	/atg/commerce/catalog/ProductCatalog	SQL Repository startup complete
**** info	Sun May 20 15:21:30 IST 2012	1337507490750	/atg/multisite/SiteRepository	SQL Repository startup complete
**** info	Sun May 20 15:21:33 IST 2012	1337507493265	/atg/dynamo/service/Scheduler	Scheduler shutting down.
**** info	Sun May 20 15:21:33 IST 2012	1337507493265	/atg/dynamo/service/Scheduler	Scheduler stopped.
**** info	Sun May 20 15:21:47 IST 2012	1337507507578	/atg/seo/SEORepository	SQL Repository startup complete
**** info	Sun May 20 15:22:08 IST 2012	1337507528156	/atg/commerce/pricing/priceLists/PriceLists	SQL Repository startup complete
**** info	Sun May 20 15:22:08 IST 2012	1337507528406	/atg/commerce/pricing/Promotions	Resolving reference to /atg/commerce/catalog/ProductCatalog
**** info	Sun May 20 15:22:08 IST 2012	1337507528593	/atg/commerce/gifts/Giftlists	SQL Repository startup complete
**** info	Sun May 20 15:22:08 IST 2012	1337507528703	/atg/userprofiling/ProfileAdapterRepository	SQL Repository startup complete
**** info	Sun May 20 15:22:08 IST 2012	1337507528984	/atg/commerce/catalog/ProductCatalog	SQL Repository startup complete
**** info	Sun May 20 15:22:09 IST 2012	1337507529046	/atg/multisite/SiteRepository	SQL Repository startup complete
**** info	Sun May 20 15:22:11 IST 2012	1337507531609	/atg/dynamo/service/Scheduler	Scheduler shutting down.
**** info	Sun May 20 15:22:58 IST 2012	1337507578062	/atg/commerce/pricing/priceLists/PriceLists	SQL Repository startup complete
**** info	Sun May 20 15:22:58 IST 2012	1337507578312	/atg/commerce/pricing/Promotions	Resolving reference to /atg/commerce/catalog/ProductCatalog
**** info	Sun May 20 15:22:58 IST 2012	1337507578484	/atg/commerce/gifts/Giftlists	SQL Repository startup complete
**** info	Sun May 20 15:22:58 IST 2012	1337507578578	/atg/userprofiling/ProfileAdapterRepository	SQL Repository startup complete
**** info	Sun May 20 15:22:58 IST 2012	1337507578890	/atg/commerce/catalog/ProductCatalog	SQL Repository startup complete
**** info	Sun May 20 15:22:58 IST 2012	1337507578953	/atg/multisite/SiteRepository	SQL Repository startup complete
**** info	Sun May 20 15:23:01 IST 2012	1337507581515	/atg/dynamo/service/Scheduler	Scheduler shutting down.
**** info	Sun May 20 15:23:22 IST 2012	1337507602375	/atg/commerce/pricing/Promotions	Resolving reference to /atg/commerce/catalog/ProductCatalog
**** info	Sun May 20 15:23:22 IST 2012	1337507602578	/atg/commerce/pricing/priceLists/PriceLists	SQL Repository startup complete
**** info	Sun May 20 15:23:22 IST 2012	1337507602625	/atg/commerce/gifts/Giftlists	SQL Repository startup complete
**** info	Sun May 20 15:23:22 IST 2012	1337507602718	/atg/userprofiling/ProfileAdapterRepository	SQL Repository startup complete
**** info	Sun May 20 15:23:23 IST 2012	1337507603125	/atg/multisite/SiteRepository	SQL Repository startup complete
**** info	Sun May 20 15:23:23 IST 2012	1337507603156	/atg/commerce/catalog/ProductCatalog	SQL Repository startup complete
**** info	Sun May 20 15:24:10 IST 2012	1337507650406	/atg/commerce/pricing/priceLists/PriceLists	SQL Repository startup complete
**** info	Sun May 20 15:24:24 IST 2012	1337507664734	/atg/store/stores/StoreRepository	SQL Repository startup complete
**** info	Sun May 20 15:24:25 IST 2012	1337507665000	/atg/dynamo/service/Scheduler	Scheduler shutting down.
**** info	Sun May 20 15:26:33 IST 2012	1337507793734	/atg/dynamo/server/SQLRepositoryEventServer	Service /atg/dynamo/server/SQLRepositoryEventServer listening at http://vamsoft-srini:1270/
**** info	Sun May 20 15:26:34 IST 2012	1337507794015	/atg/dynamo/service/jdbc/SQLRepository	SQL Repository startup complete
**** info	Sun May 20 15:26:34 IST 2012	1337507794453	/atg/searchadmin/TopicRepository	SQL Repository startup complete
**** info	Sun May 20 15:26:34 IST 2012	1337507794781	/atg/dynamo/service/Scheduler	Scheduler shutting down.
**** info	Sun May 20 15:26:34 IST 2012	1337507794781	/atg/dynamo/service/Scheduler	Scheduler stopped.
**** info	Sun May 20 15:26:40 IST 2012	1337507800375	/atg/dynamo/server/SQLRepositoryEventServer	Service /atg/dynamo/server/SQLRepositoryEventServer listening at http://vamsoft-srini:1290/
**** info	Sun May 20 15:26:40 IST 2012	1337507800671	/atg/dynamo/service/jdbc/SQLRepository	SQL Repository startup complete
**** info	Sun May 20 15:26:41 IST 2012	1337507801234	/atg/search/routing/repository/SearchConfigurationRepository	SQL Repository startup complete
**** info	Sun May 20 15:26:41 IST 2012	1337507801406	/atg/dynamo/service/Scheduler	Scheduler shutting down.
**** info	Sun May 20 15:26:41 IST 2012	1337507801406	/atg/dynamo/service/Scheduler	Scheduler stopped.
**** info	Sun May 20 15:26:47 IST 2012	1337507807890	/atg/dynamo/server/SQLRepositoryEventServer	Service /atg/dynamo/server/SQLRepositoryEventServer listening at http://vamsoft-srini:1315/
**** info	Sun May 20 15:26:48 IST 2012	1337507808203	/atg/dynamo/service/jdbc/SQLRepository	SQL Repository startup complete
**** info	Sun May 20 15:26:48 IST 2012	1337507808796	/atg/search/routing/repository/SearchConfigurationRepository	SQL Repository startup complete
**** info	Sun May 20 15:26:49 IST 2012	1337507809031	/atg/searchadmin/SearchAdminRepository	SQL Repository startup complete
**** info	Sun May 20 15:26:50 IST 2012	1337507810171	/atg/dynamo/service/Scheduler	Scheduler shutting down.
**** info	Sun May 20 15:26:50 IST 2012	1337507810187	/atg/dynamo/service/Scheduler	Scheduler stopped.
**** info	Sun May 20 15:43:19 IST 2012	1337508799593	/atg/store/stores/StoreRepository	SQL Repository startup complete
**** info	Sun May 20 15:43:19 IST 2012	1337508799828	/atg/dynamo/service/Scheduler	Scheduler shutting down.
**** info	Sun May 20 15:43:19 IST 2012	1337508799828	/atg/dynamo/service/Scheduler	Scheduler stopped.
